<?xml version="1.0" encoding="UTF-8"?>
<coverage generated="1700750670777" clover="3.2.0">
  <project timestamp="1700750670777" name="All files">
    <metrics statements="535" coveredstatements="288" conditionals="156" coveredconditionals="47" methods="132" coveredmethods="57" elements="823" coveredelements="392" complexity="0" loc="535" ncloc="535" packages="2" files="6" classes="6"/>
    <package name="src">
      <metrics statements="459" coveredstatements="216" conditionals="148" coveredconditionals="41" methods="105" coveredmethods="34"/>
      <file name="const.ts" path="/Users/kamilstasiak/IdeaProjects/membrane-webrtc-js/src/const.ts">
        <metrics statements="3" coveredstatements="3" conditionals="0" coveredconditionals="0" methods="0" coveredmethods="0"/>
        <line num="4" count="9" type="stmt"/>
        <line num="31" count="9" type="stmt"/>
        <line num="35" count="9" type="stmt"/>
      </file>
      <file name="mediaEvent.ts" path="/Users/kamilstasiak/IdeaProjects/membrane-webrtc-js/src/mediaEvent.ts">
        <metrics statements="7" coveredstatements="7" conditionals="2" coveredconditionals="1" methods="4" coveredmethods="4"/>
        <line num="10" count="8" type="stmt"/>
        <line num="14" count="59" type="stmt"/>
        <line num="18" count="8" type="stmt"/>
        <line num="19" count="8" type="cond" truecount="1" falsecount="1"/>
        <line num="20" count="8" type="stmt"/>
        <line num="22" count="8" type="stmt"/>
        <line num="26" count="8" type="stmt"/>
      </file>
      <file name="webRTCEndpoint.ts" path="/Users/kamilstasiak/IdeaProjects/membrane-webrtc-js/src/webRTCEndpoint.ts">
        <metrics statements="449" coveredstatements="206" conditionals="146" coveredconditionals="40" methods="101" coveredmethods="30"/>
        <line num="44" count="9" type="stmt"/>
        <line num="172" count="22" type="stmt"/>
        <line num="173" count="22" type="stmt"/>
        <line num="176" count="22" type="stmt"/>
        <line num="179" count="22" type="stmt"/>
        <line num="180" count="22" type="stmt"/>
        <line num="184" count="22" type="stmt"/>
        <line num="187" count="22" type="stmt"/>
        <line num="188" count="22" type="stmt"/>
        <line num="189" count="22" type="stmt"/>
        <line num="190" count="22" type="stmt"/>
        <line num="191" count="22" type="stmt"/>
        <line num="296" count="33" type="stmt"/>
        <line num="298" count="33" type="stmt"/>
        <line num="299" count="33" type="stmt"/>
        <line num="305" count="33" type="stmt"/>
        <line num="306" count="33" type="stmt"/>
        <line num="307" count="33" type="stmt"/>
        <line num="308" count="33" type="stmt"/>
        <line num="315" count="33" type="stmt"/>
        <line num="331" count="33" type="stmt"/>
        <line num="332" count="0" type="stmt"/>
        <line num="333" count="0" type="stmt"/>
        <line num="336" count="0" type="stmt"/>
        <line num="355" count="33" type="stmt"/>
        <line num="356" count="57" type="stmt"/>
        <line num="357" count="57" type="cond" truecount="2" falsecount="0"/>
        <line num="359" count="32" type="stmt"/>
        <line num="361" count="32" type="stmt"/>
        <line num="363" count="32" type="stmt"/>
        <line num="364" count="32" type="stmt"/>
        <line num="366" count="28" type="cond" truecount="1" falsecount="1"/>
        <line num="368" count="28" type="stmt"/>
        <line num="369" count="28" type="stmt"/>
        <line num="372" count="28" type="stmt"/>
        <line num="373" count="28" type="stmt"/>
        <line num="376" count="32" type="stmt"/>
        <line num="377" count="28" type="stmt"/>
        <line num="378" count="13" type="stmt"/>
        <line num="380" count="13" type="stmt"/>
        <line num="383" count="32" type="stmt"/>
        <line num="386" count="25" type="cond" truecount="1" falsecount="1"/>
        <line num="399" count="14" type="stmt"/>
        <line num="411" count="4" type="stmt"/>
        <line num="414" count="33" type="stmt"/>
        <line num="417" count="36" type="cond" truecount="10" falsecount="6"/>
        <line num="419" count="2" type="stmt"/>
        <line num="420" count="2" type="stmt"/>
        <line num="422" count="2" type="stmt"/>
        <line num="424" count="2" type="stmt"/>
        <line num="425" count="2" type="stmt"/>
        <line num="428" count="3" type="stmt"/>
        <line num="429" count="3" type="cond" truecount="1" falsecount="1"/>
        <line num="430" count="3" type="stmt"/>
        <line num="431" count="3" type="stmt"/>
        <line num="432" count="3" type="stmt"/>
        <line num="434" count="3" type="stmt"/>
        <line num="436" count="3" type="stmt"/>
        <line num="438" count="3" type="stmt"/>
        <line num="439" count="3" type="stmt"/>
        <line num="440" count="3" type="cond" truecount="1" falsecount="1"/>
        <line num="441" count="3" type="stmt"/>
        <line num="443" count="3" type="stmt"/>
        <line num="446" count="3" type="stmt"/>
        <line num="449" count="0" type="stmt"/>
        <line num="450" count="0" type="stmt"/>
        <line num="451" count="0" type="cond" truecount="0" falsecount="2"/>
        <line num="452" count="0" type="stmt"/>
        <line num="453" count="0" type="stmt"/>
        <line num="454" count="0" type="stmt"/>
        <line num="456" count="0" type="stmt"/>
        <line num="458" count="0" type="stmt"/>
        <line num="460" count="0" type="stmt"/>
        <line num="464" count="1" type="stmt"/>
        <line num="466" count="1" type="stmt"/>
        <line num="467" count="1" type="stmt"/>
        <line num="469" count="1" type="cond" truecount="1" falsecount="1"/>
        <line num="470" count="0" type="stmt"/>
        <line num="472" count="0" type="cond" truecount="0" falsecount="2"/>
        <line num="473" count="0" type="stmt"/>
        <line num="477" count="0" type="stmt"/>
        <line num="480" count="0" type="stmt"/>
        <line num="484" count="1" type="stmt"/>
        <line num="485" count="1" type="stmt"/>
        <line num="488" count="0" type="stmt"/>
        <line num="489" count="0" type="stmt"/>
        <line num="492" count="3" type="stmt"/>
        <line num="493" count="3" type="cond" truecount="1" falsecount="1"/>
        <line num="494" count="3" type="stmt"/>
        <line num="496" count="3" type="stmt"/>
        <line num="497" count="3" type="stmt"/>
        <line num="500" count="0" type="cond" truecount="0" falsecount="2"/>
        <line num="501" count="0" type="stmt"/>
        <line num="502" count="0" type="stmt"/>
        <line num="503" count="0" type="stmt"/>
        <line num="506" count="0" type="stmt"/>
        <line num="507" count="0" type="cond" truecount="0" falsecount="2"/>
        <line num="509" count="0" type="stmt"/>
        <line num="510" count="0" type="stmt"/>
        <line num="513" count="0" type="stmt"/>
        <line num="515" count="0" type="stmt"/>
        <line num="516" count="0" type="stmt"/>
        <line num="519" count="4" type="cond" truecount="1" falsecount="1"/>
        <line num="520" count="4" type="stmt"/>
        <line num="521" count="4" type="stmt"/>
        <line num="522" count="3" type="stmt"/>
        <line num="524" count="3" type="stmt"/>
        <line num="525" count="3" type="stmt"/>
        <line num="528" count="4" type="cond" truecount="2" falsecount="0"/>
        <line num="530" count="3" type="stmt"/>
        <line num="531" count="3" type="cond" truecount="2" falsecount="0"/>
        <line num="533" count="2" type="stmt"/>
        <line num="534" count="2" type="stmt"/>
        <line num="535" count="2" type="stmt"/>
        <line num="536" count="2" type="stmt"/>
        <line num="537" count="2" type="stmt"/>
        <line num="538" count="2" type="stmt"/>
        <line num="540" count="2" type="stmt"/>
        <line num="541" count="2" type="stmt"/>
        <line num="545" count="0" type="stmt"/>
        <line num="546" count="0" type="stmt"/>
        <line num="549" count="0" type="stmt"/>
        <line num="550" count="0" type="stmt"/>
        <line num="553" count="0" type="stmt"/>
        <line num="554" count="0" type="stmt"/>
        <line num="557" count="4" type="stmt"/>
        <line num="558" count="4" type="stmt"/>
        <line num="559" count="4" type="stmt"/>
        <line num="560" count="3" type="stmt"/>
        <line num="562" count="3" type="stmt"/>
        <line num="563" count="3" type="stmt"/>
        <line num="566" count="11" type="stmt"/>
        <line num="567" count="10" type="stmt"/>
        <line num="570" count="0" type="stmt"/>
        <line num="572" count="0" type="stmt"/>
        <line num="573" count="0" type="stmt"/>
        <line num="576" count="3" type="stmt"/>
        <line num="577" count="3" type="stmt"/>
        <line num="578" count="3" type="stmt"/>
        <line num="579" count="3" type="cond" truecount="1" falsecount="1"/>
        <line num="580" count="3" type="stmt"/>
        <line num="581" count="3" type="stmt"/>
        <line num="583" count="0" type="stmt"/>
        <line num="585" count="3" type="stmt"/>
        <line num="589" count="1" type="stmt"/>
        <line num="591" count="1" type="stmt"/>
        <line num="592" count="1" type="stmt"/>
        <line num="596" count="0" type="stmt"/>
        <line num="597" count="0" type="stmt"/>
        <line num="652" count="7" type="cond" truecount="3" falsecount="1"/>
        <line num="653" count="0" type="stmt"/>
        <line num="654" count="7" type="cond" truecount="2" falsecount="0"/>
        <line num="655" count="6" type="stmt"/>
        <line num="657" count="6" type="stmt"/>
        <line num="659" count="6" type="stmt"/>
        <line num="661" count="6" type="stmt"/>
        <line num="662" count="6" type="stmt"/>
        <line num="663" count="6" type="stmt"/>
        <line num="665" count="6" type="stmt"/>
        <line num="667" count="6" type="cond" truecount="1" falsecount="1"/>
        <line num="668" count="0" type="stmt"/>
        <line num="670" count="0" type="stmt"/>
        <line num="674" count="0" type="cond" truecount="0" falsecount="2"/>
        <line num="678" count="6" type="stmt"/>
        <line num="679" count="6" type="stmt"/>
        <line num="680" count="6" type="stmt"/>
        <line num="683" count="33" type="stmt"/>
        <line num="684" count="0" type="stmt"/>
        <line num="685" count="0" type="stmt"/>
        <line num="686" count="0" type="stmt"/>
        <line num="692" count="0" type="cond" truecount="0" falsecount="2"/>
        <line num="693" count="0" type="stmt"/>
        <line num="695" count="0" type="stmt"/>
        <line num="698" count="0" type="stmt"/>
        <line num="702" count="0" type="stmt"/>
        <line num="707" count="0" type="cond" truecount="0" falsecount="2"/>
        <line num="708" count="0" type="stmt"/>
        <line num="709" count="0" type="stmt"/>
        <line num="710" count="0" type="stmt"/>
        <line num="711" count="0" type="stmt"/>
        <line num="712" count="0" type="cond" truecount="0" falsecount="2"/>
        <line num="713" count="0" type="stmt"/>
        <line num="715" count="0" type="stmt"/>
        <line num="718" count="0" type="stmt"/>
        <line num="720" count="0" type="stmt"/>
        <line num="730" count="0" type="cond" truecount="0" falsecount="4"/>
        <line num="731" count="0" type="stmt"/>
        <line num="733" count="0" type="stmt"/>
        <line num="737" count="0" type="cond" truecount="0" falsecount="2"/>
        <line num="739" count="0" type="stmt"/>
        <line num="742" count="0" type="stmt"/>
        <line num="743" count="0" type="stmt"/>
        <line num="745" count="0" type="cond" truecount="0" falsecount="2"/>
        <line num="747" count="0" type="cond" truecount="0" falsecount="2"/>
        <line num="748" count="0" type="stmt"/>
        <line num="749" count="0" type="stmt"/>
        <line num="755" count="0" type="cond" truecount="0" falsecount="2"/>
        <line num="756" count="0" type="stmt"/>
        <line num="757" count="0" type="stmt"/>
        <line num="760" count="0" type="cond" truecount="0" falsecount="2"/>
        <line num="762" count="0" type="stmt"/>
        <line num="763" count="0" type="stmt"/>
        <line num="770" count="0" type="cond" truecount="0" falsecount="2"/>
        <line num="771" count="0" type="stmt"/>
        <line num="772" count="0" type="cond" truecount="0" falsecount="2"/>
        <line num="775" count="0" type="stmt"/>
        <line num="777" count="0" type="stmt"/>
        <line num="778" count="0" type="cond" truecount="0" falsecount="2"/>
        <line num="830" count="0" type="stmt"/>
        <line num="831" count="0" type="stmt"/>
        <line num="832" count="0" type="cond" truecount="0" falsecount="2"/>
        <line num="833" count="0" type="stmt"/>
        <line num="836" count="0" type="cond" truecount="0" falsecount="2"/>
        <line num="837" count="0" type="stmt"/>
        <line num="838" count="0" type="stmt"/>
        <line num="839" count="0" type="stmt"/>
        <line num="841" count="0" type="stmt"/>
        <line num="844" count="0" type="stmt"/>
        <line num="858" count="0" type="stmt"/>
        <line num="860" count="0" type="cond" truecount="0" falsecount="2"/>
        <line num="861" count="0" type="stmt"/>
        <line num="864" count="0" type="stmt"/>
        <line num="865" count="0" type="stmt"/>
        <line num="867" count="0" type="cond" truecount="0" falsecount="2"/>
        <line num="868" count="0" type="stmt"/>
        <line num="870" count="0" type="stmt"/>
        <line num="873" count="0" type="stmt"/>
        <line num="876" count="0" type="stmt"/>
        <line num="883" count="0" type="stmt"/>
        <line num="884" count="0" type="stmt"/>
        <line num="886" count="0" type="stmt"/>
        <line num="898" count="0" type="stmt"/>
        <line num="900" count="0" type="cond" truecount="0" falsecount="2"/>
        <line num="901" count="0" type="stmt"/>
        <line num="904" count="0" type="stmt"/>
        <line num="905" count="0" type="stmt"/>
        <line num="906" count="0" type="stmt"/>
        <line num="908" count="0" type="cond" truecount="0" falsecount="2"/>
        <line num="909" count="0" type="stmt"/>
        <line num="910" count="0" type="cond" truecount="0" falsecount="2"/>
        <line num="911" count="0" type="stmt"/>
        <line num="913" count="0" type="stmt"/>
        <line num="916" count="0" type="stmt"/>
        <line num="919" count="0" type="stmt"/>
        <line num="926" count="0" type="stmt"/>
        <line num="927" count="0" type="stmt"/>
        <line num="929" count="0" type="stmt"/>
        <line num="960" count="0" type="stmt"/>
        <line num="961" count="0" type="stmt"/>
        <line num="962" count="0" type="stmt"/>
        <line num="963" count="0" type="stmt"/>
        <line num="964" count="0" type="stmt"/>
        <line num="965" count="0" type="stmt"/>
        <line num="966" count="0" type="stmt"/>
        <line num="978" count="0" type="stmt"/>
        <line num="982" count="0" type="stmt"/>
        <line num="994" count="0" type="stmt"/>
        <line num="998" count="0" type="stmt"/>
        <line num="1020" count="0" type="stmt"/>
        <line num="1024" count="0" type="stmt"/>
        <line num="1042" count="0" type="stmt"/>
        <line num="1050" count="0" type="stmt"/>
        <line num="1066" count="0" type="stmt"/>
        <line num="1068" count="0" type="stmt"/>
        <line num="1069" count="0" type="stmt"/>
        <line num="1070" count="0" type="stmt"/>
        <line num="1071" count="0" type="stmt"/>
        <line num="1072" count="0" type="stmt"/>
        <line num="1073" count="0" type="stmt"/>
        <line num="1087" count="0" type="stmt"/>
        <line num="1088" count="0" type="stmt"/>
        <line num="1089" count="0" type="stmt"/>
        <line num="1090" count="0" type="stmt"/>
        <line num="1091" count="0" type="stmt"/>
        <line num="1092" count="0" type="stmt"/>
        <line num="1096" count="0" type="cond" truecount="0" falsecount="2"/>
        <line num="1106" count="33" type="stmt"/>
        <line num="1107" count="0" type="stmt"/>
        <line num="1110" count="0" type="stmt"/>
        <line num="1121" count="33" type="stmt"/>
        <line num="1122" count="0" type="stmt"/>
        <line num="1123" count="0" type="stmt"/>
        <line num="1124" count="0" type="stmt"/>
        <line num="1126" count="0" type="stmt"/>
        <line num="1128" count="0" type="stmt"/>
        <line num="1129" count="0" type="stmt"/>
        <line num="1134" count="0" type="cond" truecount="0" falsecount="3"/>
        <line num="1136" count="0" type="stmt"/>
        <line num="1137" count="0" type="stmt"/>
        <line num="1140" count="0" type="stmt"/>
        <line num="1141" count="0" type="stmt"/>
        <line num="1145" count="0" type="stmt"/>
        <line num="1149" count="33" type="stmt"/>
        <line num="1150" count="2" type="stmt"/>
        <line num="1152" count="2" type="cond" truecount="1" falsecount="1"/>
        <line num="1153" count="2" type="stmt"/>
        <line num="1154" count="2" type="stmt"/>
        <line num="1155" count="2" type="stmt"/>
        <line num="1156" count="2" type="cond" truecount="2" falsecount="2"/>
        <line num="1157" count="0" type="stmt"/>
        <line num="1158" count="0" type="stmt"/>
        <line num="1160" count="0" type="stmt"/>
        <line num="1163" count="2" type="stmt"/>
        <line num="1173" count="33" type="stmt"/>
        <line num="1174" count="0" type="stmt"/>
        <line num="1175" count="0" type="stmt"/>
        <line num="1176" count="0" type="stmt"/>
        <line num="1182" count="33" type="stmt"/>
        <line num="1183" count="0" type="cond" truecount="0" falsecount="2"/>
        <line num="1184" count="0" type="stmt"/>
        <line num="1185" count="0" type="stmt"/>
        <line num="1186" count="0" type="stmt"/>
        <line num="1187" count="0" type="stmt"/>
        <line num="1188" count="0" type="stmt"/>
        <line num="1191" count="0" type="stmt"/>
        <line num="1195" count="6" type="stmt"/>
        <line num="1198" count="33" type="stmt"/>
        <line num="1199" count="8" type="stmt"/>
        <line num="1200" count="8" type="stmt"/>
        <line num="1203" count="33" type="stmt"/>
        <line num="1204" count="1" type="stmt"/>
        <line num="1205" count="1" type="stmt"/>
        <line num="1206" count="1" type="stmt"/>
        <line num="1207" count="1" type="stmt"/>
        <line num="1208" count="0" type="stmt"/>
        <line num="1211" count="0" type="stmt"/>
        <line num="1215" count="33" type="stmt"/>
        <line num="1216" count="2" type="stmt"/>
        <line num="1217" count="2" type="stmt"/>
        <line num="1219" count="2" type="stmt"/>
        <line num="1220" count="4" type="stmt"/>
        <line num="1221" count="4" type="cond" truecount="1" falsecount="1"/>
        <line num="1222" count="4" type="stmt"/>
        <line num="1223" count="4" type="stmt"/>
        <line num="1226" count="2" type="stmt"/>
        <line num="1227" count="2" type="stmt"/>
        <line num="1228" count="2" type="stmt"/>
        <line num="1229" count="2" type="stmt"/>
        <line num="1231" count="2" type="stmt"/>
        <line num="1235" count="2" type="cond" truecount="1" falsecount="1"/>
        <line num="1236" count="2" type="stmt"/>
        <line num="1237" count="2" type="stmt"/>
        <line num="1238" count="2" type="stmt"/>
        <line num="1240" count="2" type="stmt"/>
        <line num="1249" count="2" type="stmt"/>
        <line num="1251" count="2" type="stmt"/>
        <line num="1252" count="0" type="stmt"/>
        <line num="1255" count="0" type="stmt"/>
        <line num="1259" count="33" type="stmt"/>
        <line num="1260" count="2" type="stmt"/>
        <line num="1261" count="2" type="stmt"/>
        <line num="1262" count="0" type="stmt"/>
        <line num="1264" count="2" type="stmt"/>
        <line num="1267" count="33" type="stmt"/>
        <line num="1268" count="0" type="stmt"/>
        <line num="1269" count="0" type="cond" truecount="0" falsecount="2"/>
        <line num="1270" count="0" type="stmt"/>
        <line num="1271" count="0" type="stmt"/>
        <line num="1272" count="0" type="stmt"/>
        <line num="1274" count="0" type="cond" truecount="0" falsecount="6"/>
        <line num="1275" count="0" type="cond" truecount="0" falsecount="2"/>
        <line num="1277" count="0" type="stmt"/>
        <line num="1279" count="0" type="stmt"/>
        <line num="1280" count="0" type="stmt"/>
        <line num="1282" count="0" type="stmt"/>
        <line num="1283" count="0" type="cond" truecount="0" falsecount="2"/>
        <line num="1286" count="0" type="stmt"/>
        <line num="1289" count="33" type="stmt"/>
        <line num="1290" count="2" type="stmt"/>
        <line num="1292" count="2" type="stmt"/>
        <line num="1293" count="0" type="stmt"/>
        <line num="1296" count="2" type="stmt"/>
        <line num="1299" count="33" type="stmt"/>
        <line num="1300" count="0" type="stmt"/>
        <line num="1302" count="33" type="stmt"/>
        <line num="1303" count="2" type="cond" truecount="1" falsecount="1"/>
        <line num="1304" count="2" type="stmt"/>
        <line num="1305" count="2" type="stmt"/>
        <line num="1306" count="2" type="stmt"/>
        <line num="1307" count="2" type="stmt"/>
        <line num="1308" count="2" type="stmt"/>
        <line num="1310" count="2" type="stmt"/>
        <line num="1312" count="2" type="stmt"/>
        <line num="1314" count="0" type="stmt"/>
        <line num="1317" count="2" type="stmt"/>
        <line num="1319" count="2" type="stmt"/>
        <line num="1322" count="33" type="stmt"/>
        <line num="1323" count="0" type="stmt"/>
        <line num="1324" count="0" type="stmt"/>
        <line num="1325" count="0" type="cond" truecount="0" falsecount="2"/>
        <line num="1326" count="0" type="stmt"/>
        <line num="1328" count="0" type="stmt"/>
        <line num="1330" count="0" type="stmt"/>
        <line num="1334" count="33" type="stmt"/>
        <line num="1335" count="2" type="stmt"/>
        <line num="1336" count="0" type="cond" truecount="0" falsecount="2"/>
        <line num="1337" count="0" type="stmt"/>
        <line num="1344" count="0" type="stmt"/>
        <line num="1349" count="33" type="stmt"/>
        <line num="1350" count="0" type="stmt"/>
        <line num="1353" count="33" type="stmt"/>
        <line num="1354" count="0" type="cond" truecount="0" falsecount="2"/>
        <line num="1355" count="0" type="stmt"/>
        <line num="1356" count="0" type="stmt"/>
        <line num="1360" count="33" type="stmt"/>
        <line num="1361" count="0" type="stmt"/>
        <line num="1363" count="0" type="cond" truecount="0" falsecount="2"/>
        <line num="1365" count="0" type="stmt"/>
        <line num="1366" count="0" type="stmt"/>
        <line num="1368" count="0" type="stmt"/>
        <line num="1369" count="0" type="stmt"/>
        <line num="1373" count="33" type="stmt"/>
        <line num="1374" count="1" type="stmt"/>
        <line num="1375" count="0" type="stmt"/>
        <line num="1376" count="0" type="stmt"/>
        <line num="1378" count="0" type="stmt"/>
        <line num="1379" count="0" type="cond" truecount="0" falsecount="2"/>
        <line num="1381" count="0" type="stmt"/>
        <line num="1382" count="0" type="stmt"/>
        <line num="1383" count="0" type="stmt"/>
        <line num="1385" count="0" type="stmt"/>
        <line num="1389" count="33" type="stmt"/>
        <line num="1390" count="2" type="stmt"/>
        <line num="1392" count="2" type="cond" truecount="1" falsecount="1"/>
        <line num="1393" count="0" type="stmt"/>
        <line num="1394" count="0" type="stmt"/>
        <line num="1396" count="2" type="stmt"/>
        <line num="1397" count="2" type="stmt"/>
        <line num="1400" count="2" type="stmt"/>
        <line num="1406" count="2" type="stmt"/>
        <line num="1410" count="33" type="stmt"/>
        <line num="1418" count="34" type="stmt"/>
        <line num="1421" count="33" type="stmt"/>
        <line num="1422" count="0" type="stmt"/>
        <line num="1423" count="0" type="stmt"/>
        <line num="1424" count="0" type="stmt"/>
        <line num="1425" count="0" type="cond" truecount="0" falsecount="2"/>
        <line num="1427" count="0" type="stmt"/>
        <line num="1430" count="33" type="stmt"/>
        <line num="1431" count="0" type="stmt"/>
        <line num="1432" count="0" type="stmt"/>
        <line num="1433" count="0" type="stmt"/>
        <line num="1434" count="0" type="stmt"/>
        <line num="1435" count="0" type="stmt"/>
        <line num="1436" count="0" type="stmt"/>
        <line num="1439" count="33" type="stmt"/>
        <line num="1441" count="33" type="stmt"/>
        <line num="1445" count="31" type="stmt"/>
        <line num="1450" count="31" type="stmt"/>
      </file>
    </package>
    <package name="src.test">
      <metrics statements="76" coveredstatements="72" conditionals="8" coveredconditionals="6" methods="27" coveredmethods="23"/>
      <file name="fixtures.ts" path="/Users/kamilstasiak/IdeaProjects/membrane-webrtc-js/src/test/fixtures.ts">
        <metrics statements="42" coveredstatements="42" conditionals="4" coveredconditionals="4" methods="15" coveredmethods="15"/>
        <line num="29" count="9" type="stmt"/>
        <line num="30" count="9" type="stmt"/>
        <line num="32" count="9" type="stmt"/>
        <line num="33" count="9" type="stmt"/>
        <line num="35" count="9" type="stmt"/>
        <line num="36" count="9" type="stmt"/>
        <line num="37" count="9" type="stmt"/>
        <line num="39" count="16" type="stmt"/>
        <line num="47" count="9" type="stmt"/>
        <line num="48" count="30" type="stmt"/>
        <line num="56" count="9" type="stmt"/>
        <line num="57" count="34" type="cond" truecount="2" falsecount="0"/>
        <line num="59" count="34" type="stmt"/>
        <line num="68" count="9" type="stmt"/>
        <line num="73" count="4" type="stmt"/>
        <line num="86" count="9" type="stmt"/>
        <line num="87" count="1" type="stmt"/>
        <line num="97" count="9" type="stmt"/>
        <line num="98" count="3" type="stmt"/>
        <line num="109" count="9" type="stmt"/>
        <line num="110" count="4" type="stmt"/>
        <line num="119" count="9" type="stmt"/>
        <line num="120" count="3" type="stmt"/>
        <line num="129" count="9" type="stmt"/>
        <line num="130" count="16" type="stmt"/>
        <line num="131" count="16" type="stmt"/>
        <line num="132" count="16" type="stmt"/>
        <line num="135" count="9" type="stmt"/>
        <line num="140" count="12" type="stmt"/>
        <line num="141" count="12" type="stmt"/>
        <line num="143" count="12" type="stmt"/>
        <line num="145" count="12" type="stmt"/>
        <line num="146" count="12" type="stmt"/>
        <line num="148" count="12" type="stmt"/>
        <line num="151" count="9" type="stmt"/>
        <line num="152" count="3" type="stmt"/>
        <line num="165" count="9" type="stmt"/>
        <line num="166" count="2" type="stmt"/>
        <line num="188" count="9" type="stmt"/>
        <line num="189" count="1" type="stmt"/>
        <line num="235" count="9" type="stmt"/>
        <line num="236" count="4" type="stmt"/>
      </file>
      <file name="mocks.ts" path="/Users/kamilstasiak/IdeaProjects/membrane-webrtc-js/src/test/mocks.ts">
        <metrics statements="21" coveredstatements="17" conditionals="4" coveredconditionals="2" methods="12" coveredmethods="8"/>
        <line num="1" count="4" type="stmt"/>
        <line num="4" count="15" type="stmt"/>
        <line num="6" count="15" type="stmt"/>
        <line num="7" count="2" type="stmt"/>
        <line num="8" count="2" type="stmt"/>
        <line num="10" count="2" type="stmt"/>
        <line num="12" count="7" type="stmt"/>
        <line num="15" count="2" type="stmt"/>
        <line num="17" count="2" type="stmt"/>
        <line num="18" count="2" type="stmt"/>
        <line num="19" count="0" type="stmt"/>
        <line num="20" count="0" type="stmt"/>
        <line num="23" count="2" type="cond" truecount="1" falsecount="1"/>
        <line num="24" count="0" type="stmt"/>
        <line num="27" count="2" type="stmt"/>
        <line num="30" count="2" type="stmt"/>
        <line num="39" count="2" type="stmt"/>
        <line num="41" count="2" type="stmt"/>
        <line num="44" count="2" type="stmt"/>
        <line num="52" count="0" type="stmt"/>
        <line num="56" count="15" type="stmt"/>
      </file>
      <file name="schema.ts" path="/Users/kamilstasiak/IdeaProjects/membrane-webrtc-js/src/test/schema.ts">
        <metrics statements="13" coveredstatements="13" conditionals="0" coveredconditionals="0" methods="0" coveredmethods="0"/>
        <line num="3" count="9" type="stmt"/>
        <line num="7" count="9" type="stmt"/>
        <line num="17" count="9" type="stmt"/>
        <line num="27" count="9" type="stmt"/>
        <line num="37" count="9" type="stmt"/>
        <line num="48" count="9" type="stmt"/>
        <line num="72" count="9" type="stmt"/>
        <line num="86" count="9" type="stmt"/>
        <line num="97" count="9" type="stmt"/>
        <line num="107" count="9" type="stmt"/>
        <line num="122" count="9" type="stmt"/>
        <line num="134" count="9" type="stmt"/>
        <line num="147" count="9" type="stmt"/>
      </file>
    </package>
  </project>
</coverage>
