<?xml version="1.0" encoding="UTF-8"?>
<coverage generated="1700826289561" clover="3.2.0">
  <project timestamp="1700826289561" name="All files">
    <metrics statements="572" coveredstatements="370" conditionals="158" coveredconditionals="59" methods="147" coveredmethods="75" elements="877" coveredelements="504" complexity="0" loc="572" ncloc="572" packages="2" files="8" classes="8"/>
    <package name="src">
      <metrics statements="463" coveredstatements="266" conditionals="150" coveredconditionals="53" methods="106" coveredmethods="43"/>
      <file name="const.ts" path="/Users/kamilstasiak/IdeaProjects/membrane-webrtc-js/src/const.ts">
        <metrics statements="3" coveredstatements="3" conditionals="0" coveredconditionals="0" methods="0" coveredmethods="0"/>
        <line num="4" count="13" type="stmt"/>
        <line num="31" count="13" type="stmt"/>
        <line num="35" count="13" type="stmt"/>
      </file>
      <file name="index.ts" path="/Users/kamilstasiak/IdeaProjects/membrane-webrtc-js/src/index.ts">
        <metrics statements="0" coveredstatements="0" conditionals="0" coveredconditionals="0" methods="0" coveredmethods="0"/>
      </file>
      <file name="mediaEvent.ts" path="/Users/kamilstasiak/IdeaProjects/membrane-webrtc-js/src/mediaEvent.ts">
        <metrics statements="7" coveredstatements="7" conditionals="2" coveredconditionals="2" methods="4" coveredmethods="4"/>
        <line num="10" count="15" type="stmt"/>
        <line num="14" count="105" type="stmt"/>
        <line num="18" count="15" type="stmt"/>
        <line num="19" count="15" type="cond" truecount="2" falsecount="0"/>
        <line num="20" count="13" type="stmt"/>
        <line num="22" count="15" type="stmt"/>
        <line num="26" count="13" type="stmt"/>
      </file>
      <file name="webRTCEndpoint.ts" path="/Users/kamilstasiak/IdeaProjects/membrane-webrtc-js/src/webRTCEndpoint.ts">
        <metrics statements="453" coveredstatements="256" conditionals="148" coveredconditionals="51" methods="102" coveredmethods="39"/>
        <line num="44" count="13" type="stmt"/>
        <line num="172" count="28" type="stmt"/>
        <line num="173" count="28" type="stmt"/>
        <line num="176" count="28" type="stmt"/>
        <line num="179" count="28" type="stmt"/>
        <line num="180" count="28" type="stmt"/>
        <line num="184" count="28" type="stmt"/>
        <line num="187" count="28" type="stmt"/>
        <line num="188" count="28" type="stmt"/>
        <line num="189" count="28" type="stmt"/>
        <line num="190" count="28" type="stmt"/>
        <line num="191" count="28" type="stmt"/>
        <line num="296" count="42" type="stmt"/>
        <line num="298" count="42" type="stmt"/>
        <line num="299" count="42" type="stmt"/>
        <line num="305" count="42" type="stmt"/>
        <line num="306" count="42" type="stmt"/>
        <line num="307" count="42" type="stmt"/>
        <line num="308" count="42" type="stmt"/>
        <line num="315" count="42" type="stmt"/>
        <line num="331" count="42" type="stmt"/>
        <line num="332" count="0" type="stmt"/>
        <line num="333" count="0" type="stmt"/>
        <line num="336" count="0" type="stmt"/>
        <line num="355" count="42" type="stmt"/>
        <line num="356" count="102" type="stmt"/>
        <line num="357" count="102" type="cond" truecount="2" falsecount="0"/>
        <line num="359" count="41" type="stmt"/>
        <line num="361" count="41" type="stmt"/>
        <line num="363" count="41" type="stmt"/>
        <line num="365" count="41" type="stmt"/>
        <line num="366" count="37" type="stmt"/>
        <line num="368" count="37" type="stmt"/>
        <line num="369" count="37" type="stmt"/>
        <line num="372" count="41" type="stmt"/>
        <line num="373" count="37" type="stmt"/>
        <line num="374" count="0" type="stmt"/>
        <line num="376" count="0" type="stmt"/>
        <line num="379" count="41" type="stmt"/>
        <line num="382" count="61" type="cond" truecount="1" falsecount="1"/>
        <line num="395" count="15" type="stmt"/>
        <line num="407" count="6" type="stmt"/>
        <line num="410" count="42" type="stmt"/>
        <line num="413" count="82" type="cond" truecount="12" falsecount="4"/>
        <line num="415" count="7" type="stmt"/>
        <line num="416" count="7" type="stmt"/>
        <line num="418" count="7" type="stmt"/>
        <line num="420" count="7" type="stmt"/>
        <line num="421" count="7" type="stmt"/>
        <line num="424" count="22" type="stmt"/>
        <line num="425" count="22" type="cond" truecount="1" falsecount="1"/>
        <line num="426" count="22" type="stmt"/>
        <line num="427" count="22" type="stmt"/>
        <line num="428" count="22" type="stmt"/>
        <line num="430" count="22" type="stmt"/>
        <line num="432" count="22" type="stmt"/>
        <line num="434" count="22" type="stmt"/>
        <line num="435" count="22" type="stmt"/>
        <line num="436" count="22" type="cond" truecount="1" falsecount="1"/>
        <line num="437" count="22" type="stmt"/>
        <line num="439" count="22" type="stmt"/>
        <line num="442" count="22" type="stmt"/>
        <line num="445" count="2" type="stmt"/>
        <line num="446" count="2" type="stmt"/>
        <line num="447" count="2" type="cond" truecount="1" falsecount="1"/>
        <line num="448" count="2" type="stmt"/>
        <line num="449" count="2" type="stmt"/>
        <line num="450" count="2" type="stmt"/>
        <line num="452" count="2" type="stmt"/>
        <line num="454" count="2" type="stmt"/>
        <line num="456" count="2" type="stmt"/>
        <line num="460" count="6" type="stmt"/>
        <line num="462" count="6" type="stmt"/>
        <line num="463" count="6" type="stmt"/>
        <line num="465" count="6" type="cond" truecount="1" falsecount="1"/>
        <line num="466" count="0" type="stmt"/>
        <line num="468" count="0" type="cond" truecount="0" falsecount="2"/>
        <line num="469" count="0" type="stmt"/>
        <line num="473" count="0" type="stmt"/>
        <line num="476" count="0" type="stmt"/>
        <line num="480" count="6" type="stmt"/>
        <line num="481" count="6" type="stmt"/>
        <line num="484" count="0" type="stmt"/>
        <line num="485" count="0" type="stmt"/>
        <line num="488" count="3" type="stmt"/>
        <line num="489" count="3" type="cond" truecount="1" falsecount="1"/>
        <line num="490" count="3" type="stmt"/>
        <line num="492" count="3" type="stmt"/>
        <line num="493" count="3" type="stmt"/>
        <line num="496" count="5" type="cond" truecount="2" falsecount="0"/>
        <line num="497" count="1" type="stmt"/>
        <line num="498" count="1" type="stmt"/>
        <line num="499" count="1" type="stmt"/>
        <line num="502" count="4" type="stmt"/>
        <line num="503" count="4" type="cond" truecount="2" falsecount="0"/>
        <line num="505" count="3" type="stmt"/>
        <line num="506" count="2" type="stmt"/>
        <line num="509" count="3" type="stmt"/>
        <line num="511" count="3" type="stmt"/>
        <line num="512" count="3" type="stmt"/>
        <line num="515" count="4" type="cond" truecount="1" falsecount="1"/>
        <line num="516" count="4" type="stmt"/>
        <line num="517" count="4" type="stmt"/>
        <line num="518" count="3" type="stmt"/>
        <line num="520" count="3" type="stmt"/>
        <line num="521" count="3" type="stmt"/>
        <line num="524" count="4" type="cond" truecount="1" falsecount="1"/>
        <line num="526" count="4" type="stmt"/>
        <line num="527" count="4" type="cond" truecount="2" falsecount="0"/>
        <line num="529" count="3" type="stmt"/>
        <line num="530" count="3" type="stmt"/>
        <line num="531" count="3" type="stmt"/>
        <line num="532" count="3" type="stmt"/>
        <line num="533" count="3" type="stmt"/>
        <line num="534" count="3" type="stmt"/>
        <line num="536" count="3" type="stmt"/>
        <line num="537" count="3" type="stmt"/>
        <line num="541" count="0" type="stmt"/>
        <line num="542" count="0" type="stmt"/>
        <line num="545" count="0" type="stmt"/>
        <line num="546" count="0" type="stmt"/>
        <line num="549" count="0" type="stmt"/>
        <line num="550" count="0" type="stmt"/>
        <line num="553" count="4" type="stmt"/>
        <line num="554" count="4" type="stmt"/>
        <line num="555" count="4" type="stmt"/>
        <line num="556" count="3" type="stmt"/>
        <line num="558" count="3" type="stmt"/>
        <line num="559" count="3" type="stmt"/>
        <line num="562" count="21" type="stmt"/>
        <line num="563" count="20" type="stmt"/>
        <line num="566" count="0" type="stmt"/>
        <line num="568" count="0" type="stmt"/>
        <line num="569" count="0" type="stmt"/>
        <line num="572" count="3" type="stmt"/>
        <line num="573" count="3" type="stmt"/>
        <line num="574" count="3" type="stmt"/>
        <line num="575" count="3" type="cond" truecount="1" falsecount="1"/>
        <line num="576" count="3" type="stmt"/>
        <line num="577" count="3" type="stmt"/>
        <line num="579" count="0" type="stmt"/>
        <line num="581" count="3" type="stmt"/>
        <line num="585" count="1" type="stmt"/>
        <line num="587" count="1" type="stmt"/>
        <line num="588" count="1" type="stmt"/>
        <line num="592" count="0" type="stmt"/>
        <line num="593" count="0" type="stmt"/>
        <line num="648" count="7" type="stmt"/>
        <line num="650" count="7" type="cond" truecount="1" falsecount="1"/>
        <line num="651" count="0" type="stmt"/>
        <line num="654" count="7" type="cond" truecount="3" falsecount="1"/>
        <line num="655" count="0" type="stmt"/>
        <line num="656" count="7" type="cond" truecount="2" falsecount="0"/>
        <line num="657" count="6" type="stmt"/>
        <line num="659" count="6" type="stmt"/>
        <line num="661" count="6" type="stmt"/>
        <line num="663" count="6" type="stmt"/>
        <line num="664" count="6" type="stmt"/>
        <line num="665" count="6" type="stmt"/>
        <line num="667" count="6" type="stmt"/>
        <line num="669" count="6" type="cond" truecount="1" falsecount="1"/>
        <line num="670" count="0" type="stmt"/>
        <line num="672" count="0" type="stmt"/>
        <line num="676" count="0" type="cond" truecount="0" falsecount="2"/>
        <line num="680" count="6" type="stmt"/>
        <line num="681" count="6" type="stmt"/>
        <line num="682" count="6" type="stmt"/>
        <line num="685" count="42" type="stmt"/>
        <line num="686" count="0" type="stmt"/>
        <line num="687" count="0" type="stmt"/>
        <line num="688" count="0" type="stmt"/>
        <line num="694" count="0" type="cond" truecount="0" falsecount="2"/>
        <line num="695" count="0" type="stmt"/>
        <line num="697" count="0" type="stmt"/>
        <line num="700" count="0" type="stmt"/>
        <line num="704" count="0" type="stmt"/>
        <line num="709" count="0" type="cond" truecount="0" falsecount="2"/>
        <line num="710" count="0" type="stmt"/>
        <line num="711" count="0" type="stmt"/>
        <line num="712" count="0" type="stmt"/>
        <line num="713" count="0" type="stmt"/>
        <line num="714" count="0" type="cond" truecount="0" falsecount="2"/>
        <line num="715" count="0" type="stmt"/>
        <line num="717" count="0" type="stmt"/>
        <line num="720" count="0" type="stmt"/>
        <line num="722" count="0" type="stmt"/>
        <line num="732" count="0" type="cond" truecount="0" falsecount="4"/>
        <line num="733" count="0" type="stmt"/>
        <line num="735" count="0" type="stmt"/>
        <line num="739" count="0" type="cond" truecount="0" falsecount="2"/>
        <line num="741" count="0" type="stmt"/>
        <line num="744" count="0" type="stmt"/>
        <line num="745" count="0" type="stmt"/>
        <line num="747" count="0" type="cond" truecount="0" falsecount="2"/>
        <line num="749" count="0" type="cond" truecount="0" falsecount="2"/>
        <line num="750" count="0" type="stmt"/>
        <line num="751" count="0" type="stmt"/>
        <line num="757" count="0" type="cond" truecount="0" falsecount="2"/>
        <line num="758" count="0" type="stmt"/>
        <line num="759" count="0" type="stmt"/>
        <line num="762" count="0" type="cond" truecount="0" falsecount="2"/>
        <line num="764" count="0" type="stmt"/>
        <line num="765" count="0" type="stmt"/>
        <line num="772" count="0" type="cond" truecount="0" falsecount="2"/>
        <line num="773" count="0" type="stmt"/>
        <line num="774" count="0" type="cond" truecount="0" falsecount="2"/>
        <line num="777" count="0" type="stmt"/>
        <line num="779" count="0" type="stmt"/>
        <line num="780" count="0" type="cond" truecount="0" falsecount="2"/>
        <line num="832" count="0" type="stmt"/>
        <line num="833" count="0" type="stmt"/>
        <line num="834" count="0" type="cond" truecount="0" falsecount="2"/>
        <line num="835" count="0" type="stmt"/>
        <line num="838" count="0" type="cond" truecount="0" falsecount="2"/>
        <line num="839" count="0" type="stmt"/>
        <line num="840" count="0" type="stmt"/>
        <line num="841" count="0" type="stmt"/>
        <line num="843" count="0" type="stmt"/>
        <line num="846" count="0" type="stmt"/>
        <line num="860" count="0" type="stmt"/>
        <line num="862" count="0" type="cond" truecount="0" falsecount="2"/>
        <line num="863" count="0" type="stmt"/>
        <line num="866" count="0" type="stmt"/>
        <line num="867" count="0" type="stmt"/>
        <line num="869" count="0" type="cond" truecount="0" falsecount="2"/>
        <line num="870" count="0" type="stmt"/>
        <line num="872" count="0" type="stmt"/>
        <line num="875" count="0" type="stmt"/>
        <line num="878" count="0" type="stmt"/>
        <line num="885" count="0" type="stmt"/>
        <line num="886" count="0" type="stmt"/>
        <line num="888" count="0" type="stmt"/>
        <line num="900" count="0" type="stmt"/>
        <line num="902" count="0" type="cond" truecount="0" falsecount="2"/>
        <line num="903" count="0" type="stmt"/>
        <line num="906" count="0" type="stmt"/>
        <line num="907" count="0" type="stmt"/>
        <line num="908" count="0" type="stmt"/>
        <line num="910" count="0" type="cond" truecount="0" falsecount="2"/>
        <line num="911" count="0" type="stmt"/>
        <line num="912" count="0" type="cond" truecount="0" falsecount="2"/>
        <line num="913" count="0" type="stmt"/>
        <line num="915" count="0" type="stmt"/>
        <line num="918" count="0" type="stmt"/>
        <line num="921" count="0" type="stmt"/>
        <line num="928" count="0" type="stmt"/>
        <line num="929" count="0" type="stmt"/>
        <line num="931" count="0" type="stmt"/>
        <line num="962" count="0" type="stmt"/>
        <line num="963" count="0" type="stmt"/>
        <line num="964" count="0" type="stmt"/>
        <line num="965" count="0" type="stmt"/>
        <line num="966" count="0" type="stmt"/>
        <line num="967" count="0" type="stmt"/>
        <line num="968" count="0" type="stmt"/>
        <line num="980" count="0" type="stmt"/>
        <line num="984" count="0" type="stmt"/>
        <line num="996" count="0" type="stmt"/>
        <line num="1000" count="0" type="stmt"/>
        <line num="1022" count="0" type="stmt"/>
        <line num="1026" count="0" type="stmt"/>
        <line num="1044" count="0" type="stmt"/>
        <line num="1052" count="0" type="stmt"/>
        <line num="1068" count="0" type="stmt"/>
        <line num="1070" count="0" type="stmt"/>
        <line num="1071" count="0" type="stmt"/>
        <line num="1072" count="0" type="stmt"/>
        <line num="1073" count="0" type="stmt"/>
        <line num="1074" count="0" type="stmt"/>
        <line num="1075" count="0" type="stmt"/>
        <line num="1089" count="0" type="stmt"/>
        <line num="1090" count="0" type="stmt"/>
        <line num="1091" count="0" type="stmt"/>
        <line num="1092" count="0" type="stmt"/>
        <line num="1093" count="0" type="stmt"/>
        <line num="1094" count="0" type="stmt"/>
        <line num="1098" count="0" type="cond" truecount="0" falsecount="2"/>
        <line num="1108" count="42" type="stmt"/>
        <line num="1109" count="0" type="stmt"/>
        <line num="1112" count="0" type="stmt"/>
        <line num="1123" count="42" type="stmt"/>
        <line num="1124" count="0" type="stmt"/>
        <line num="1125" count="0" type="stmt"/>
        <line num="1126" count="0" type="stmt"/>
        <line num="1128" count="0" type="stmt"/>
        <line num="1130" count="0" type="stmt"/>
        <line num="1131" count="0" type="stmt"/>
        <line num="1136" count="0" type="cond" truecount="0" falsecount="3"/>
        <line num="1138" count="0" type="stmt"/>
        <line num="1139" count="0" type="stmt"/>
        <line num="1142" count="0" type="stmt"/>
        <line num="1143" count="0" type="stmt"/>
        <line num="1147" count="0" type="stmt"/>
        <line num="1151" count="42" type="stmt"/>
        <line num="1152" count="7" type="stmt"/>
        <line num="1154" count="7" type="cond" truecount="1" falsecount="1"/>
        <line num="1155" count="7" type="stmt"/>
        <line num="1156" count="2" type="stmt"/>
        <line num="1157" count="2" type="stmt"/>
        <line num="1158" count="2" type="cond" truecount="2" falsecount="2"/>
        <line num="1159" count="0" type="stmt"/>
        <line num="1160" count="0" type="stmt"/>
        <line num="1162" count="0" type="stmt"/>
        <line num="1165" count="7" type="stmt"/>
        <line num="1175" count="42" type="stmt"/>
        <line num="1176" count="2" type="stmt"/>
        <line num="1177" count="2" type="stmt"/>
        <line num="1178" count="2" type="stmt"/>
        <line num="1184" count="42" type="stmt"/>
        <line num="1185" count="4" type="cond" truecount="2" falsecount="0"/>
        <line num="1186" count="3" type="stmt"/>
        <line num="1187" count="3" type="stmt"/>
        <line num="1188" count="3" type="stmt"/>
        <line num="1189" count="3" type="stmt"/>
        <line num="1190" count="3" type="stmt"/>
        <line num="1193" count="4" type="stmt"/>
        <line num="1197" count="6" type="stmt"/>
        <line num="1200" count="42" type="stmt"/>
        <line num="1201" count="15" type="stmt"/>
        <line num="1202" count="15" type="stmt"/>
        <line num="1205" count="42" type="stmt"/>
        <line num="1206" count="6" type="stmt"/>
        <line num="1207" count="6" type="stmt"/>
        <line num="1208" count="6" type="stmt"/>
        <line num="1209" count="6" type="stmt"/>
        <line num="1210" count="0" type="stmt"/>
        <line num="1213" count="0" type="stmt"/>
        <line num="1217" count="42" type="stmt"/>
        <line num="1218" count="7" type="stmt"/>
        <line num="1219" count="7" type="stmt"/>
        <line num="1221" count="7" type="stmt"/>
        <line num="1222" count="14" type="stmt"/>
        <line num="1223" count="14" type="cond" truecount="1" falsecount="1"/>
        <line num="1224" count="14" type="stmt"/>
        <line num="1225" count="14" type="stmt"/>
        <line num="1228" count="7" type="stmt"/>
        <line num="1229" count="7" type="stmt"/>
        <line num="1230" count="7" type="stmt"/>
        <line num="1231" count="7" type="stmt"/>
        <line num="1233" count="7" type="stmt"/>
        <line num="1237" count="7" type="cond" truecount="1" falsecount="1"/>
        <line num="1238" count="7" type="stmt"/>
        <line num="1239" count="7" type="stmt"/>
        <line num="1241" count="7" type="stmt"/>
        <line num="1243" count="7" type="stmt"/>
        <line num="1252" count="7" type="stmt"/>
        <line num="1254" count="7" type="stmt"/>
        <line num="1255" count="0" type="stmt"/>
        <line num="1258" count="0" type="stmt"/>
        <line num="1262" count="42" type="stmt"/>
        <line num="1263" count="7" type="stmt"/>
        <line num="1264" count="7" type="stmt"/>
        <line num="1265" count="0" type="stmt"/>
        <line num="1267" count="7" type="stmt"/>
        <line num="1270" count="42" type="stmt"/>
        <line num="1271" count="0" type="stmt"/>
        <line num="1272" count="0" type="cond" truecount="0" falsecount="2"/>
        <line num="1273" count="0" type="stmt"/>
        <line num="1274" count="0" type="stmt"/>
        <line num="1275" count="0" type="stmt"/>
        <line num="1277" count="0" type="cond" truecount="0" falsecount="6"/>
        <line num="1278" count="0" type="cond" truecount="0" falsecount="2"/>
        <line num="1280" count="0" type="stmt"/>
        <line num="1282" count="0" type="stmt"/>
        <line num="1283" count="0" type="stmt"/>
        <line num="1285" count="0" type="stmt"/>
        <line num="1286" count="0" type="cond" truecount="0" falsecount="2"/>
        <line num="1289" count="0" type="stmt"/>
        <line num="1292" count="42" type="stmt"/>
        <line num="1293" count="7" type="stmt"/>
        <line num="1295" count="7" type="stmt"/>
        <line num="1296" count="0" type="stmt"/>
        <line num="1299" count="7" type="stmt"/>
        <line num="1302" count="42" type="stmt"/>
        <line num="1303" count="5" type="stmt"/>
        <line num="1305" count="42" type="stmt"/>
        <line num="1306" count="7" type="cond" truecount="1" falsecount="1"/>
        <line num="1307" count="7" type="stmt"/>
        <line num="1308" count="7" type="stmt"/>
        <line num="1309" count="7" type="stmt"/>
        <line num="1310" count="7" type="stmt"/>
        <line num="1311" count="7" type="stmt"/>
        <line num="1313" count="7" type="stmt"/>
        <line num="1315" count="7" type="stmt"/>
        <line num="1317" count="0" type="stmt"/>
        <line num="1320" count="7" type="stmt"/>
        <line num="1322" count="7" type="stmt"/>
        <line num="1325" count="42" type="stmt"/>
        <line num="1326" count="0" type="stmt"/>
        <line num="1327" count="0" type="stmt"/>
        <line num="1328" count="0" type="cond" truecount="0" falsecount="2"/>
        <line num="1329" count="0" type="stmt"/>
        <line num="1331" count="0" type="stmt"/>
        <line num="1333" count="0" type="stmt"/>
        <line num="1337" count="42" type="stmt"/>
        <line num="1338" count="7" type="stmt"/>
        <line num="1339" count="0" type="cond" truecount="0" falsecount="2"/>
        <line num="1340" count="0" type="stmt"/>
        <line num="1347" count="0" type="stmt"/>
        <line num="1352" count="42" type="stmt"/>
        <line num="1353" count="0" type="stmt"/>
        <line num="1356" count="42" type="stmt"/>
        <line num="1357" count="0" type="cond" truecount="0" falsecount="2"/>
        <line num="1358" count="0" type="stmt"/>
        <line num="1359" count="0" type="stmt"/>
        <line num="1363" count="42" type="stmt"/>
        <line num="1364" count="0" type="stmt"/>
        <line num="1366" count="0" type="cond" truecount="0" falsecount="2"/>
        <line num="1368" count="0" type="stmt"/>
        <line num="1369" count="0" type="stmt"/>
        <line num="1371" count="0" type="stmt"/>
        <line num="1372" count="0" type="stmt"/>
        <line num="1376" count="42" type="stmt"/>
        <line num="1377" count="6" type="stmt"/>
        <line num="1378" count="5" type="stmt"/>
        <line num="1379" count="5" type="stmt"/>
        <line num="1381" count="5" type="stmt"/>
        <line num="1382" count="5" type="cond" truecount="1" falsecount="1"/>
        <line num="1384" count="5" type="stmt"/>
        <line num="1385" count="5" type="stmt"/>
        <line num="1386" count="5" type="stmt"/>
        <line num="1388" count="5" type="stmt"/>
        <line num="1392" count="42" type="stmt"/>
        <line num="1393" count="7" type="stmt"/>
        <line num="1395" count="7" type="cond" truecount="1" falsecount="1"/>
        <line num="1396" count="0" type="stmt"/>
        <line num="1397" count="0" type="stmt"/>
        <line num="1399" count="7" type="stmt"/>
        <line num="1400" count="7" type="stmt"/>
        <line num="1403" count="7" type="stmt"/>
        <line num="1409" count="7" type="stmt"/>
        <line num="1413" count="42" type="stmt"/>
        <line num="1415" count="43" type="cond" truecount="2" falsecount="0"/>
        <line num="1416" count="40" type="stmt"/>
        <line num="1417" count="3" type="stmt"/>
        <line num="1419" count="43" type="stmt"/>
        <line num="1422" count="42" type="stmt"/>
        <line num="1423" count="3" type="stmt"/>
        <line num="1424" count="3" type="stmt"/>
        <line num="1425" count="3" type="stmt"/>
        <line num="1426" count="0" type="cond" truecount="0" falsecount="2"/>
        <line num="1428" count="3" type="stmt"/>
        <line num="1431" count="42" type="stmt"/>
        <line num="1432" count="2" type="stmt"/>
        <line num="1433" count="2" type="stmt"/>
        <line num="1434" count="2" type="stmt"/>
        <line num="1435" count="2" type="stmt"/>
        <line num="1436" count="2" type="stmt"/>
        <line num="1437" count="2" type="stmt"/>
        <line num="1440" count="48" type="stmt"/>
        <line num="1442" count="42" type="stmt"/>
        <line num="1446" count="59" type="stmt"/>
        <line num="1451" count="59" type="stmt"/>
      </file>
    </package>
    <package name="test">
      <metrics statements="109" coveredstatements="104" conditionals="8" coveredconditionals="6" methods="41" coveredmethods="32"/>
      <file name="fixtures.ts" path="/Users/kamilstasiak/IdeaProjects/membrane-webrtc-js/test/fixtures.ts">
        <metrics statements="50" coveredstatements="50" conditionals="4" coveredconditionals="4" methods="19" coveredmethods="19"/>
        <line num="33" count="13" type="stmt"/>
        <line num="34" count="13" type="stmt"/>
        <line num="36" count="13" type="stmt"/>
        <line num="37" count="13" type="stmt"/>
        <line num="39" count="13" type="stmt"/>
        <line num="40" count="13" type="stmt"/>
        <line num="41" count="13" type="stmt"/>
        <line num="43" count="41" type="stmt"/>
        <line num="51" count="13" type="stmt"/>
        <line num="52" count="39" type="stmt"/>
        <line num="60" count="13" type="stmt"/>
        <line num="61" count="43" type="cond" truecount="2" falsecount="0"/>
        <line num="63" count="43" type="stmt"/>
        <line num="72" count="13" type="stmt"/>
        <line num="77" count="4" type="stmt"/>
        <line num="90" count="13" type="stmt"/>
        <line num="91" count="1" type="stmt"/>
        <line num="101" count="13" type="stmt"/>
        <line num="102" count="3" type="stmt"/>
        <line num="113" count="13" type="stmt"/>
        <line num="114" count="4" type="stmt"/>
        <line num="123" count="13" type="stmt"/>
        <line num="124" count="3" type="stmt"/>
        <line num="133" count="13" type="stmt"/>
        <line num="134" count="5" type="stmt"/>
        <line num="141" count="13" type="stmt"/>
        <line num="145" count="19" type="stmt"/>
        <line num="146" count="19" type="stmt"/>
        <line num="147" count="19" type="stmt"/>
        <line num="150" count="13" type="stmt"/>
        <line num="155" count="19" type="stmt"/>
        <line num="156" count="19" type="stmt"/>
        <line num="158" count="19" type="stmt"/>
        <line num="160" count="19" type="stmt"/>
        <line num="161" count="19" type="stmt"/>
        <line num="163" count="19" type="stmt"/>
        <line num="166" count="13" type="stmt"/>
        <line num="167" count="22" type="stmt"/>
        <line num="180" count="13" type="stmt"/>
        <line num="181" count="2" type="stmt"/>
        <line num="189" count="13" type="stmt"/>
        <line num="190" count="2" type="stmt"/>
        <line num="212" count="13" type="stmt"/>
        <line num="213" count="5" type="stmt"/>
        <line num="235" count="13" type="stmt"/>
        <line num="236" count="1" type="stmt"/>
        <line num="282" count="13" type="stmt"/>
        <line num="283" count="5" type="stmt"/>
        <line num="328" count="13" type="stmt"/>
        <line num="329" count="4" type="stmt"/>
      </file>
      <file name="mocks.ts" path="/Users/kamilstasiak/IdeaProjects/membrane-webrtc-js/test/mocks.ts">
        <metrics statements="28" coveredstatements="23" conditionals="4" coveredconditionals="2" methods="17" coveredmethods="10"/>
        <line num="3" count="12" type="stmt"/>
        <line num="7" count="25" type="stmt"/>
        <line num="9" count="25" type="stmt"/>
        <line num="10" count="7" type="stmt"/>
        <line num="11" count="7" type="stmt"/>
        <line num="13" count="7" type="stmt"/>
        <line num="15" count="22" type="stmt"/>
        <line num="18" count="2" type="stmt"/>
        <line num="20" count="2" type="stmt"/>
        <line num="21" count="2" type="stmt"/>
        <line num="23" count="0" type="stmt"/>
        <line num="24" count="0" type="stmt"/>
        <line num="27" count="2" type="cond" truecount="1" falsecount="1"/>
        <line num="28" count="0" type="stmt"/>
        <line num="31" count="2" type="stmt"/>
        <line num="34" count="2" type="stmt"/>
        <line num="43" count="2" type="stmt"/>
        <line num="45" count="2" type="stmt"/>
        <line num="51" count="7" type="stmt"/>
        <line num="52" count="7" type="stmt"/>
        <line num="58" count="0" type="stmt"/>
        <line num="61" count="7" type="stmt"/>
        <line num="64" count="25" type="stmt"/>
        <line num="65" count="5" type="stmt"/>
        <line num="77" count="5" type="stmt"/>
        <line num="80" count="25" type="stmt"/>
        <line num="81" count="0" type="stmt"/>
        <line num="84" count="25" type="stmt"/>
      </file>
      <file name="schema.ts" path="/Users/kamilstasiak/IdeaProjects/membrane-webrtc-js/test/schema.ts">
        <metrics statements="15" coveredstatements="15" conditionals="0" coveredconditionals="0" methods="0" coveredmethods="0"/>
        <line num="3" count="13" type="stmt"/>
        <line num="7" count="13" type="stmt"/>
        <line num="17" count="13" type="stmt"/>
        <line num="27" count="13" type="stmt"/>
        <line num="37" count="13" type="stmt"/>
        <line num="48" count="13" type="stmt"/>
        <line num="58" count="13" type="stmt"/>
        <line num="82" count="13" type="stmt"/>
        <line num="96" count="13" type="stmt"/>
        <line num="107" count="13" type="stmt"/>
        <line num="116" count="13" type="stmt"/>
        <line num="126" count="13" type="stmt"/>
        <line num="141" count="13" type="stmt"/>
        <line num="153" count="13" type="stmt"/>
        <line num="166" count="13" type="stmt"/>
      </file>
      <file name="utils.ts" path="/Users/kamilstasiak/IdeaProjects/membrane-webrtc-js/test/utils.ts">
        <metrics statements="16" coveredstatements="16" conditionals="0" coveredconditionals="0" methods="5" coveredmethods="3"/>
        <line num="10" count="8" type="stmt"/>
        <line num="11" count="19" type="stmt"/>
        <line num="12" count="19" type="stmt"/>
        <line num="17" count="19" type="stmt"/>
        <line num="18" count="19" type="stmt"/>
        <line num="42" count="8" type="stmt"/>
        <line num="45" count="8" type="stmt"/>
        <line num="46" count="5" type="stmt"/>
        <line num="48" count="5" type="stmt"/>
        <line num="50" count="5" type="stmt"/>
        <line num="51" count="5" type="stmt"/>
        <line num="53" count="5" type="stmt"/>
        <line num="54" count="5" type="stmt"/>
        <line num="57" count="5" type="stmt"/>
        <line num="62" count="5" type="stmt"/>
        <line num="64" count="5" type="stmt"/>
      </file>
    </package>
  </project>
</coverage>
