{"/Users/kamilstasiak/IdeaProjects/membrane-webrtc-js/src/const.ts": {"path":"/Users/kamilstasiak/IdeaProjects/membrane-webrtc-js/src/const.ts","statementMap":{"0":{"start":{"line":4,"column":65},"end":{"line":29,"column":1}},"1":{"start":{"line":31,"column":81},"end":{"line":31,"column":116}},"2":{"start":{"line":35,"column":4},"end":{"line":39,"column":1}}},"fnMap":{},"branchMap":{},"s":{"0":13,"1":13,"2":13},"f":{},"b":{},"_coverageSchema":"1a1c01bbd47fc00a2c39e90264f33305004495a9","hash":"d349421ad22740e3150a1edd7fe90b042a0975de"}
,"/Users/kamilstasiak/IdeaProjects/membrane-webrtc-js/src/index.ts": {"path":"/Users/kamilstasiak/IdeaProjects/membrane-webrtc-js/src/index.ts","statementMap":{},"fnMap":{},"branchMap":{},"s":{},"f":{},"b":{},"_coverageSchema":"1a1c01bbd47fc00a2c39e90264f33305004495a9","hash":"2822a73e971e03b431a3a6722b787e77786183bb"}
,"/Users/kamilstasiak/IdeaProjects/membrane-webrtc-js/src/mediaEvent.ts": {"path":"/Users/kamilstasiak/IdeaProjects/membrane-webrtc-js/src/mediaEvent.ts","statementMap":{"0":{"start":{"line":10,"column":2},"end":{"line":10,"column":36}},"1":{"start":{"line":14,"column":2},"end":{"line":14,"column":56}},"2":{"start":{"line":18,"column":26},"end":{"line":18,"column":34}},"3":{"start":{"line":19,"column":2},"end":{"line":21,"column":3}},"4":{"start":{"line":20,"column":4},"end":{"line":20,"column":31}},"5":{"start":{"line":22,"column":2},"end":{"line":22,"column":15}},"6":{"start":{"line":26,"column":2},"end":{"line":26,"column":44}}},"fnMap":{"0":{"name":"serializeMediaEvent","decl":{"start":{"line":9,"column":16},"end":{"line":9,"column":35}},"loc":{"start":{"line":9,"column":82},"end":{"line":11,"column":1}},"line":9},"1":{"name":"deserializeMediaEvent","decl":{"start":{"line":13,"column":16},"end":{"line":13,"column":37}},"loc":{"start":{"line":13,"column":94},"end":{"line":15,"column":1}},"line":13},"2":{"name":"generateMediaEvent","decl":{"start":{"line":17,"column":16},"end":{"line":17,"column":34}},"loc":{"start":{"line":17,"column":73},"end":{"line":23,"column":1}},"line":17},"3":{"name":"generateCustomEvent","decl":{"start":{"line":25,"column":16},"end":{"line":25,"column":35}},"loc":{"start":{"line":25,"column":60},"end":{"line":27,"column":1}},"line":25}},"branchMap":{"0":{"loc":{"start":{"line":19,"column":2},"end":{"line":21,"column":3}},"type":"if","locations":[{"start":{"line":19,"column":2},"end":{"line":21,"column":3}},{"start":{},"end":{}}],"line":19}},"s":{"0":15,"1":105,"2":15,"3":15,"4":13,"5":15,"6":13},"f":{"0":15,"1":105,"2":15,"3":13},"b":{"0":[13,2]},"_coverageSchema":"1a1c01bbd47fc00a2c39e90264f33305004495a9","hash":"7bc8a47d91adf49e94b4c9c1513d84bc052ba032"}
,"/Users/kamilstasiak/IdeaProjects/membrane-webrtc-js/src/webRTCEndpoint.ts": {"path":"/Users/kamilstasiak/IdeaProjects/membrane-webrtc-js/src/webRTCEndpoint.ts","statementMap":{"0":{"start":{"line":44,"column":20},"end":{"line":44,"column":50}},"1":{"start":{"line":172,"column":35},"end":{"line":172,"column":39}},"2":{"start":{"line":173,"column":31},"end":{"line":173,"column":35}},"3":{"start":{"line":176,"column":38},"end":{"line":176,"column":39}},"4":{"start":{"line":179,"column":25},"end":{"line":179,"column":34}},"5":{"start":{"line":180,"column":46},"end":{"line":180,"column":56}},"6":{"start":{"line":184,"column":35},"end":{"line":184,"column":40}},"7":{"start":{"line":187,"column":4},"end":{"line":187,"column":12}},"8":{"start":{"line":188,"column":4},"end":{"line":188,"column":29}},"9":{"start":{"line":189,"column":4},"end":{"line":189,"column":27}},"10":{"start":{"line":190,"column":4},"end":{"line":190,"column":29}},"11":{"start":{"line":191,"column":4},"end":{"line":191,"column":43}},"12":{"start":{"line":296,"column":58},"end":{"line":296,"column":67}},"13":{"start":{"line":298,"column":48},"end":{"line":298,"column":57}},"14":{"start":{"line":299,"column":36},"end":{"line":304,"column":3}},"15":{"start":{"line":305,"column":63},"end":{"line":305,"column":72}},"16":{"start":{"line":306,"column":46},"end":{"line":306,"column":55}},"17":{"start":{"line":307,"column":65},"end":{"line":307,"column":74}},"18":{"start":{"line":308,"column":40},"end":{"line":312,"column":3}},"19":{"start":{"line":315,"column":4},"end":{"line":315,"column":12}},"20":{"start":{"line":331,"column":19},"end":{"line":337,"column":3}},"21":{"start":{"line":332,"column":4},"end":{"line":332,"column":43}},"22":{"start":{"line":333,"column":23},"end":{"line":335,"column":6}},"23":{"start":{"line":336,"column":4},"end":{"line":336,"column":36}},"24":{"start":{"line":355,"column":29},"end":{"line":384,"column":3}},"25":{"start":{"line":356,"column":35},"end":{"line":356,"column":68}},"26":{"start":{"line":357,"column":4},"end":{"line":383,"column":5}},"27":{"start":{"line":359,"column":8},"end":{"line":359,"column":63}},"28":{"start":{"line":361,"column":8},"end":{"line":361,"column":107}},"29":{"start":{"line":363,"column":33},"end":{"line":363,"column":75}},"30":{"start":{"line":365,"column":43},"end":{"line":370,"column":10}},"31":{"start":{"line":366,"column":10},"end":{"line":366,"column":110}},"32":{"start":{"line":368,"column":10},"end":{"line":368,"column":37}},"33":{"start":{"line":369,"column":10},"end":{"line":369,"column":26}},"34":{"start":{"line":372,"column":8},"end":{"line":378,"column":11}},"35":{"start":{"line":373,"column":10},"end":{"line":377,"column":13}},"36":{"start":{"line":374,"column":12},"end":{"line":374,"column":50}},"37":{"start":{"line":376,"column":12},"end":{"line":376,"column":41}},"38":{"start":{"line":379,"column":8},"end":{"line":379,"column":14}},"39":{"start":{"line":382,"column":8},"end":{"line":382,"column":89}},"40":{"start":{"line":382,"column":43},"end":{"line":382,"column":89}},"41":{"start":{"line":395,"column":4},"end":{"line":395,"column":61}},"42":{"start":{"line":407,"column":4},"end":{"line":407,"column":59}},"43":{"start":{"line":410,"column":29},"end":{"line":595,"column":3}},"44":{"start":{"line":413,"column":4},"end":{"line":594,"column":5}},"45":{"start":{"line":415,"column":28},"end":{"line":415,"column":77}},"46":{"start":{"line":416,"column":8},"end":{"line":416,"column":35}},"47":{"start":{"line":418,"column":26},"end":{"line":418,"column":106}},"48":{"start":{"line":420,"column":8},"end":{"line":420,"column":36}},"49":{"start":{"line":421,"column":8},"end":{"line":421,"column":14}},"50":{"start":{"line":424,"column":8},"end":{"line":424,"column":43}},"51":{"start":{"line":425,"column":8},"end":{"line":425,"column":61}},"52":{"start":{"line":425,"column":54},"end":{"line":425,"column":61}},"53":{"start":{"line":426,"column":8},"end":{"line":426,"column":72}},"54":{"start":{"line":427,"column":8},"end":{"line":427,"column":59}},"55":{"start":{"line":428,"column":26},"end":{"line":428,"column":41}},"56":{"start":{"line":430,"column":8},"end":{"line":430,"column":88}},"57":{"start":{"line":432,"column":8},"end":{"line":432,"column":72}},"58":{"start":{"line":434,"column":8},"end":{"line":434,"column":53}},"59":{"start":{"line":435,"column":8},"end":{"line":441,"column":11}},"60":{"start":{"line":436,"column":10},"end":{"line":440,"column":11}},"61":{"start":{"line":437,"column":12},"end":{"line":437,"column":50}},"62":{"start":{"line":439,"column":12},"end":{"line":439,"column":41}},"63":{"start":{"line":442,"column":8},"end":{"line":442,"column":14}},"64":{"start":{"line":445,"column":8},"end":{"line":445,"column":43}},"65":{"start":{"line":446,"column":27},"end":{"line":446,"column":42}},"66":{"start":{"line":447,"column":8},"end":{"line":447,"column":56}},"67":{"start":{"line":447,"column":49},"end":{"line":447,"column":56}},"68":{"start":{"line":448,"column":25},"end":{"line":448,"column":50}},"69":{"start":{"line":449,"column":8},"end":{"line":455,"column":11}},"70":{"start":{"line":450,"column":31},"end":{"line":450,"column":64}},"71":{"start":{"line":452,"column":10},"end":{"line":452,"column":50}},"72":{"start":{"line":454,"column":10},"end":{"line":454,"column":47}},"73":{"start":{"line":456,"column":8},"end":{"line":456,"column":14}},"74":{"start":{"line":460,"column":8},"end":{"line":460,"column":94}},"75":{"start":{"line":462,"column":8},"end":{"line":478,"column":9}},"76":{"start":{"line":463,"column":24},"end":{"line":463,"column":71}},"77":{"start":{"line":465,"column":10},"end":{"line":477,"column":11}},"78":{"start":{"line":466,"column":12},"end":{"line":466,"column":45}},"79":{"start":{"line":468,"column":12},"end":{"line":474,"column":13}},"80":{"start":{"line":469,"column":33},"end":{"line":472,"column":16}},"81":{"start":{"line":473,"column":14},"end":{"line":473,"column":46}},"82":{"start":{"line":476,"column":12},"end":{"line":476,"column":48}},"83":{"start":{"line":480,"column":8},"end":{"line":480,"column":51}},"84":{"start":{"line":481,"column":8},"end":{"line":481,"column":14}},"85":{"start":{"line":484,"column":8},"end":{"line":484,"column":60}},"86":{"start":{"line":485,"column":8},"end":{"line":485,"column":14}},"87":{"start":{"line":488,"column":8},"end":{"line":488,"column":47}},"88":{"start":{"line":489,"column":8},"end":{"line":489,"column":57}},"89":{"start":{"line":489,"column":50},"end":{"line":489,"column":57}},"90":{"start":{"line":490,"column":8},"end":{"line":490,"column":35}},"91":{"start":{"line":492,"column":8},"end":{"line":492,"column":45}},"92":{"start":{"line":493,"column":8},"end":{"line":493,"column":14}},"93":{"start":{"line":496,"column":8},"end":{"line":500,"column":9}},"94":{"start":{"line":497,"column":10},"end":{"line":497,"column":25}},"95":{"start":{"line":498,"column":10},"end":{"line":498,"column":36}},"96":{"start":{"line":499,"column":10},"end":{"line":499,"column":17}},"97":{"start":{"line":502,"column":8},"end":{"line":502,"column":74}},"98":{"start":{"line":503,"column":8},"end":{"line":503,"column":43}},"99":{"start":{"line":503,"column":36},"end":{"line":503,"column":43}},"100":{"start":{"line":505,"column":8},"end":{"line":507,"column":11}},"101":{"start":{"line":506,"column":10},"end":{"line":506,"column":71}},"102":{"start":{"line":509,"column":8},"end":{"line":509,"column":37}},"103":{"start":{"line":511,"column":8},"end":{"line":511,"column":47}},"104":{"start":{"line":512,"column":8},"end":{"line":512,"column":14}},"105":{"start":{"line":515,"column":8},"end":{"line":515,"column":76}},"106":{"start":{"line":515,"column":69},"end":{"line":515,"column":76}},"107":{"start":{"line":516,"column":8},"end":{"line":516,"column":74}},"108":{"start":{"line":517,"column":8},"end":{"line":517,"column":65}},"109":{"start":{"line":518,"column":8},"end":{"line":518,"column":35}},"110":{"start":{"line":520,"column":8},"end":{"line":520,"column":47}},"111":{"start":{"line":521,"column":8},"end":{"line":521,"column":14}},"112":{"start":{"line":524,"column":8},"end":{"line":524,"column":84}},"113":{"start":{"line":524,"column":77},"end":{"line":524,"column":84}},"114":{"start":{"line":526,"column":8},"end":{"line":526,"column":82}},"115":{"start":{"line":527,"column":8},"end":{"line":527,"column":112}},"116":{"start":{"line":527,"column":30},"end":{"line":527,"column":112}},"117":{"start":{"line":529,"column":24},"end":{"line":529,"column":59}},"118":{"start":{"line":530,"column":30},"end":{"line":530,"column":66}},"119":{"start":{"line":531,"column":26},"end":{"line":531,"column":55}},"120":{"start":{"line":532,"column":8},"end":{"line":532,"column":80}},"121":{"start":{"line":533,"column":29},"end":{"line":533,"column":62}},"122":{"start":{"line":534,"column":8},"end":{"line":534,"column":46}},"123":{"start":{"line":536,"column":8},"end":{"line":536,"column":48}},"124":{"start":{"line":537,"column":8},"end":{"line":537,"column":14}},"125":{"start":{"line":541,"column":30},"end":{"line":543,"column":9}},"126":{"start":{"line":542,"column":23},"end":{"line":542,"column":56}},"127":{"start":{"line":545,"column":31},"end":{"line":547,"column":9}},"128":{"start":{"line":546,"column":21},"end":{"line":546,"column":51}},"129":{"start":{"line":549,"column":8},"end":{"line":549,"column":74}},"130":{"start":{"line":550,"column":8},"end":{"line":550,"column":14}},"131":{"start":{"line":553,"column":24},"end":{"line":553,"column":59}},"132":{"start":{"line":554,"column":29},"end":{"line":554,"column":62}},"133":{"start":{"line":555,"column":8},"end":{"line":555,"column":69}},"134":{"start":{"line":556,"column":8},"end":{"line":556,"column":73}},"135":{"start":{"line":558,"column":8},"end":{"line":558,"column":59}},"136":{"start":{"line":559,"column":8},"end":{"line":559,"column":14}},"137":{"start":{"line":562,"column":8},"end":{"line":562,"column":73}},"138":{"start":{"line":563,"column":8},"end":{"line":563,"column":14}},"139":{"start":{"line":566,"column":8},"end":{"line":566,"column":74}},"140":{"start":{"line":568,"column":8},"end":{"line":568,"column":26}},"141":{"start":{"line":569,"column":8},"end":{"line":569,"column":14}},"142":{"start":{"line":572,"column":24},"end":{"line":572,"column":59}},"143":{"start":{"line":573,"column":20},"end":{"line":573,"column":53}},"144":{"start":{"line":574,"column":26},"end":{"line":574,"column":60}},"145":{"start":{"line":575,"column":8},"end":{"line":580,"column":9}},"146":{"start":{"line":576,"column":10},"end":{"line":576,"column":36}},"147":{"start":{"line":577,"column":10},"end":{"line":577,"column":48}},"148":{"start":{"line":579,"column":10},"end":{"line":579,"column":67}},"149":{"start":{"line":581,"column":8},"end":{"line":581,"column":14}},"150":{"start":{"line":585,"column":27},"end":{"line":585,"column":65}},"151":{"start":{"line":587,"column":8},"end":{"line":587,"column":70}},"152":{"start":{"line":588,"column":8},"end":{"line":588,"column":14}},"153":{"start":{"line":592,"column":8},"end":{"line":592,"column":84}},"154":{"start":{"line":593,"column":8},"end":{"line":593,"column":14}},"155":{"start":{"line":648,"column":24},"end":{"line":648,"column":88}},"156":{"start":{"line":648,"column":68},"end":{"line":648,"column":87}},"157":{"start":{"line":650,"column":4},"end":{"line":652,"column":5}},"158":{"start":{"line":651,"column":6},"end":{"line":651,"column":87}},"159":{"start":{"line":654,"column":4},"end":{"line":655,"column":98}},"160":{"start":{"line":655,"column":6},"end":{"line":655,"column":98}},"161":{"start":{"line":656,"column":4},"end":{"line":656,"column":99}},"162":{"start":{"line":656,"column":37},"end":{"line":656,"column":99}},"163":{"start":{"line":657,"column":20},"end":{"line":657,"column":45}},"164":{"start":{"line":659,"column":25},"end":{"line":659,"column":106}},"165":{"start":{"line":661,"column":4},"end":{"line":661,"column":57}},"166":{"start":{"line":663,"column":4},"end":{"line":663,"column":31}},"167":{"start":{"line":664,"column":4},"end":{"line":664,"column":33}},"168":{"start":{"line":665,"column":4},"end":{"line":665,"column":45}},"169":{"start":{"line":667,"column":4},"end":{"line":667,"column":56}},"170":{"start":{"line":669,"column":4},"end":{"line":678,"column":5}},"171":{"start":{"line":670,"column":6},"end":{"line":670,"column":46}},"172":{"start":{"line":672,"column":6},"end":{"line":677,"column":10}},"173":{"start":{"line":676,"column":13},"end":{"line":676,"column":110}},"174":{"start":{"line":680,"column":23},"end":{"line":680,"column":73}},"175":{"start":{"line":681,"column":4},"end":{"line":681,"column":36}},"176":{"start":{"line":682,"column":4},"end":{"line":682,"column":19}},"177":{"start":{"line":685,"column":33},"end":{"line":689,"column":3}},"178":{"start":{"line":686,"column":30},"end":{"line":686,"column":72}},"179":{"start":{"line":687,"column":18},"end":{"line":687,"column":37}},"180":{"start":{"line":688,"column":4},"end":{"line":688,"column":62}},"181":{"start":{"line":694,"column":4},"end":{"line":698,"column":5}},"182":{"start":{"line":695,"column":6},"end":{"line":695,"column":74}},"183":{"start":{"line":697,"column":6},"end":{"line":697,"column":74}},"184":{"start":{"line":700,"column":4},"end":{"line":700,"column":29}},"185":{"start":{"line":704,"column":4},"end":{"line":704,"column":37}},"186":{"start":{"line":709,"column":4},"end":{"line":730,"column":5}},"187":{"start":{"line":710,"column":6},"end":{"line":710,"column":53}},"188":{"start":{"line":711,"column":35},"end":{"line":711,"column":80}},"189":{"start":{"line":712,"column":54},"end":{"line":712,"column":56}},"190":{"start":{"line":713,"column":6},"end":{"line":719,"column":9}},"191":{"start":{"line":714,"column":8},"end":{"line":718,"column":9}},"192":{"start":{"line":715,"column":10},"end":{"line":715,"column":33}},"193":{"start":{"line":717,"column":10},"end":{"line":717,"column":70}},"194":{"start":{"line":720,"column":6},"end":{"line":720,"column":84}},"195":{"start":{"line":722,"column":6},"end":{"line":729,"column":8}},"196":{"start":{"line":732,"column":4},"end":{"line":733,"column":96}},"197":{"start":{"line":733,"column":6},"end":{"line":733,"column":96}},"198":{"start":{"line":735,"column":4},"end":{"line":735,"column":29}},"199":{"start":{"line":739,"column":4},"end":{"line":753,"column":5}},"200":{"start":{"line":741,"column":6},"end":{"line":741,"column":71}},"201":{"start":{"line":744,"column":6},"end":{"line":752,"column":11}},"202":{"start":{"line":745,"column":30},"end":{"line":745,"column":42}},"203":{"start":{"line":747,"column":24},"end":{"line":747,"column":107}},"204":{"start":{"line":749,"column":10},"end":{"line":751,"column":44}},"205":{"start":{"line":750,"column":12},"end":{"line":750,"column":47}},"206":{"start":{"line":751,"column":17},"end":{"line":751,"column":44}},"207":{"start":{"line":757,"column":4},"end":{"line":760,"column":5}},"208":{"start":{"line":758,"column":6},"end":{"line":758,"column":66}},"209":{"start":{"line":758,"column":38},"end":{"line":758,"column":64}},"210":{"start":{"line":759,"column":6},"end":{"line":759,"column":13}},"211":{"start":{"line":762,"column":4},"end":{"line":766,"column":5}},"212":{"start":{"line":764,"column":6},"end":{"line":764,"column":97}},"213":{"start":{"line":765,"column":6},"end":{"line":765,"column":13}},"214":{"start":{"line":772,"column":29},"end":{"line":772,"column":69}},"215":{"start":{"line":773,"column":26},"end":{"line":776,"column":5}},"216":{"start":{"line":774,"column":22},"end":{"line":774,"column":88}},"217":{"start":{"line":777,"column":14},"end":{"line":777,"column":39}},"218":{"start":{"line":779,"column":4},"end":{"line":781,"column":7}},"219":{"start":{"line":780,"column":6},"end":{"line":780,"column":90}},"220":{"start":{"line":832,"column":25},"end":{"line":832,"column":63}},"221":{"start":{"line":833,"column":19},"end":{"line":833,"column":58}},"222":{"start":{"line":834,"column":4},"end":{"line":844,"column":5}},"223":{"start":{"line":835,"column":6},"end":{"line":843,"column":28}},"224":{"start":{"line":838,"column":32},"end":{"line":838,"column":99}},"225":{"start":{"line":839,"column":10},"end":{"line":839,"column":40}},"226":{"start":{"line":840,"column":10},"end":{"line":840,"column":59}},"227":{"start":{"line":841,"column":10},"end":{"line":841,"column":22}},"228":{"start":{"line":843,"column":21},"end":{"line":843,"column":26}},"229":{"start":{"line":846,"column":4},"end":{"line":846,"column":17}},"230":{"start":{"line":860,"column":25},"end":{"line":860,"column":62}},"231":{"start":{"line":862,"column":4},"end":{"line":864,"column":5}},"232":{"start":{"line":863,"column":6},"end":{"line":863,"column":64}},"233":{"start":{"line":866,"column":19},"end":{"line":866,"column":58}},"234":{"start":{"line":867,"column":23},"end":{"line":867,"column":45}},"235":{"start":{"line":869,"column":4},"end":{"line":873,"column":5}},"236":{"start":{"line":870,"column":6},"end":{"line":870,"column":34}},"237":{"start":{"line":872,"column":6},"end":{"line":872,"column":69}},"238":{"start":{"line":875,"column":4},"end":{"line":888,"column":32}},"239":{"start":{"line":878,"column":27},"end":{"line":884,"column":10}},"240":{"start":{"line":885,"column":8},"end":{"line":885,"column":40}},"241":{"start":{"line":886,"column":8},"end":{"line":886,"column":20}},"242":{"start":{"line":888,"column":25},"end":{"line":888,"column":30}},"243":{"start":{"line":900,"column":25},"end":{"line":900,"column":63}},"244":{"start":{"line":902,"column":4},"end":{"line":904,"column":5}},"245":{"start":{"line":903,"column":6},"end":{"line":903,"column":64}},"246":{"start":{"line":906,"column":19},"end":{"line":906,"column":58}},"247":{"start":{"line":907,"column":23},"end":{"line":907,"column":45}},"248":{"start":{"line":908,"column":21},"end":{"line":908,"column":82}},"249":{"start":{"line":908,"column":61},"end":{"line":908,"column":81}},"250":{"start":{"line":910,"column":4},"end":{"line":916,"column":5}},"251":{"start":{"line":911,"column":6},"end":{"line":911,"column":72}},"252":{"start":{"line":912,"column":11},"end":{"line":916,"column":5}},"253":{"start":{"line":913,"column":6},"end":{"line":913,"column":33}},"254":{"start":{"line":915,"column":6},"end":{"line":915,"column":45}},"255":{"start":{"line":918,"column":4},"end":{"line":931,"column":32}},"256":{"start":{"line":921,"column":27},"end":{"line":927,"column":10}},"257":{"start":{"line":928,"column":8},"end":{"line":928,"column":40}},"258":{"start":{"line":929,"column":8},"end":{"line":929,"column":20}},"259":{"start":{"line":931,"column":25},"end":{"line":931,"column":30}},"260":{"start":{"line":962,"column":25},"end":{"line":962,"column":63}},"261":{"start":{"line":963,"column":19},"end":{"line":963,"column":58}},"262":{"start":{"line":964,"column":4},"end":{"line":964,"column":41}},"263":{"start":{"line":965,"column":23},"end":{"line":965,"column":73}},"264":{"start":{"line":966,"column":4},"end":{"line":966,"column":36}},"265":{"start":{"line":967,"column":4},"end":{"line":967,"column":45}},"266":{"start":{"line":968,"column":4},"end":{"line":968,"column":46}},"267":{"start":{"line":980,"column":23},"end":{"line":983,"column":6}},"268":{"start":{"line":984,"column":4},"end":{"line":984,"column":36}},"269":{"start":{"line":996,"column":23},"end":{"line":999,"column":6}},"270":{"start":{"line":1000,"column":4},"end":{"line":1000,"column":36}},"271":{"start":{"line":1022,"column":23},"end":{"line":1025,"column":6}},"272":{"start":{"line":1026,"column":4},"end":{"line":1026,"column":36}},"273":{"start":{"line":1044,"column":23},"end":{"line":1050,"column":6}},"274":{"start":{"line":1052,"column":4},"end":{"line":1052,"column":36}},"275":{"start":{"line":1068,"column":18},"end":{"line":1068,"column":62}},"276":{"start":{"line":1070,"column":38},"end":{"line":1070,"column":112}},"277":{"start":{"line":1070,"column":95},"end":{"line":1070,"column":110}},"278":{"start":{"line":1071,"column":4},"end":{"line":1071,"column":72}},"279":{"start":{"line":1072,"column":19},"end":{"line":1072,"column":94}},"280":{"start":{"line":1072,"column":68},"end":{"line":1072,"column":90}},"281":{"start":{"line":1073,"column":19},"end":{"line":1073,"column":42}},"282":{"start":{"line":1074,"column":4},"end":{"line":1074,"column":74}},"283":{"start":{"line":1074,"column":37},"end":{"line":1074,"column":55}},"284":{"start":{"line":1075,"column":4},"end":{"line":1075,"column":35}},"285":{"start":{"line":1089,"column":18},"end":{"line":1089,"column":62}},"286":{"start":{"line":1090,"column":4},"end":{"line":1090,"column":61}},"287":{"start":{"line":1091,"column":19},"end":{"line":1091,"column":94}},"288":{"start":{"line":1091,"column":68},"end":{"line":1091,"column":90}},"289":{"start":{"line":1092,"column":19},"end":{"line":1092,"column":42}},"290":{"start":{"line":1093,"column":4},"end":{"line":1093,"column":75}},"291":{"start":{"line":1093,"column":37},"end":{"line":1093,"column":55}},"292":{"start":{"line":1094,"column":4},"end":{"line":1094,"column":35}},"293":{"start":{"line":1098,"column":4},"end":{"line":1098,"column":106}},"294":{"start":{"line":1098,"column":58},"end":{"line":1098,"column":103}},"295":{"start":{"line":1108,"column":34},"end":{"line":1113,"column":3}},"296":{"start":{"line":1109,"column":23},"end":{"line":1111,"column":6}},"297":{"start":{"line":1112,"column":4},"end":{"line":1112,"column":36}},"298":{"start":{"line":1123,"column":31},"end":{"line":1149,"column":3}},"299":{"start":{"line":1124,"column":25},"end":{"line":1124,"column":63}},"300":{"start":{"line":1125,"column":4},"end":{"line":1125,"column":42}},"301":{"start":{"line":1126,"column":4},"end":{"line":1126,"column":56}},"302":{"start":{"line":1128,"column":22},"end":{"line":1128,"column":61}},"303":{"start":{"line":1130,"column":4},"end":{"line":1130,"column":86}},"304":{"start":{"line":1131,"column":23},"end":{"line":1134,"column":6}},"305":{"start":{"line":1136,"column":4},"end":{"line":1148,"column":5}},"306":{"start":{"line":1138,"column":8},"end":{"line":1138,"column":40}},"307":{"start":{"line":1139,"column":8},"end":{"line":1139,"column":14}},"308":{"start":{"line":1142,"column":8},"end":{"line":1142,"column":50}},"309":{"start":{"line":1143,"column":8},"end":{"line":1143,"column":14}},"310":{"start":{"line":1147,"column":8},"end":{"line":1147,"column":14}},"311":{"start":{"line":1151,"column":28},"end":{"line":1166,"column":3}},"312":{"start":{"line":1152,"column":35},"end":{"line":1152,"column":44}},"313":{"start":{"line":1154,"column":4},"end":{"line":1154,"column":38}},"314":{"start":{"line":1154,"column":26},"end":{"line":1154,"column":38}},"315":{"start":{"line":1155,"column":4},"end":{"line":1164,"column":7}},"316":{"start":{"line":1156,"column":27},"end":{"line":1156,"column":55}},"317":{"start":{"line":1157,"column":18},"end":{"line":1157,"column":33}},"318":{"start":{"line":1158,"column":6},"end":{"line":1163,"column":7}},"319":{"start":{"line":1159,"column":29},"end":{"line":1161,"column":10}},"320":{"start":{"line":1160,"column":28},"end":{"line":1160,"column":68}},"321":{"start":{"line":1162,"column":8},"end":{"line":1162,"column":59}},"322":{"start":{"line":1165,"column":4},"end":{"line":1165,"column":34}},"323":{"start":{"line":1175,"column":22},"end":{"line":1179,"column":3}},"324":{"start":{"line":1176,"column":23},"end":{"line":1176,"column":55}},"325":{"start":{"line":1177,"column":4},"end":{"line":1177,"column":36}},"326":{"start":{"line":1178,"column":4},"end":{"line":1178,"column":19}},"327":{"start":{"line":1184,"column":19},"end":{"line":1194,"column":3}},"328":{"start":{"line":1185,"column":4},"end":{"line":1191,"column":5}},"329":{"start":{"line":1186,"column":6},"end":{"line":1186,"column":44}},"330":{"start":{"line":1187,"column":6},"end":{"line":1187,"column":37}},"331":{"start":{"line":1188,"column":6},"end":{"line":1188,"column":53}},"332":{"start":{"line":1189,"column":6},"end":{"line":1189,"column":49}},"333":{"start":{"line":1190,"column":6},"end":{"line":1190,"column":56}},"334":{"start":{"line":1193,"column":4},"end":{"line":1193,"column":32}},"335":{"start":{"line":1197,"column":4},"end":{"line":1197,"column":45}},"336":{"start":{"line":1200,"column":27},"end":{"line":1203,"column":3}},"337":{"start":{"line":1201,"column":33},"end":{"line":1201,"column":64}},"338":{"start":{"line":1202,"column":4},"end":{"line":1202,"column":54}},"339":{"start":{"line":1205,"column":21},"end":{"line":1215,"column":3}},"340":{"start":{"line":1206,"column":4},"end":{"line":1206,"column":46}},"341":{"start":{"line":1207,"column":4},"end":{"line":1214,"column":5}},"342":{"start":{"line":1208,"column":6},"end":{"line":1208,"column":58}},"343":{"start":{"line":1209,"column":6},"end":{"line":1211,"column":9}},"344":{"start":{"line":1210,"column":8},"end":{"line":1210,"column":101}},"345":{"start":{"line":1210,"column":55},"end":{"line":1210,"column":99}},"346":{"start":{"line":1213,"column":6},"end":{"line":1213,"column":25}},"347":{"start":{"line":1217,"column":36},"end":{"line":1234,"column":3}},"348":{"start":{"line":1218,"column":29},"end":{"line":1218,"column":111}},"349":{"start":{"line":1218,"column":81},"end":{"line":1218,"column":110}},"350":{"start":{"line":1219,"column":26},"end":{"line":1219,"column":28}},"351":{"start":{"line":1221,"column":39},"end":{"line":1226,"column":5}},"352":{"start":{"line":1222,"column":23},"end":{"line":1222,"column":45}},"353":{"start":{"line":1223,"column":6},"end":{"line":1223,"column":61}},"354":{"start":{"line":1224,"column":37},"end":{"line":1224,"column":112}},"355":{"start":{"line":1224,"column":71},"end":{"line":1224,"column":104}},"356":{"start":{"line":1225,"column":6},"end":{"line":1225,"column":67}},"357":{"start":{"line":1228,"column":18},"end":{"line":1228,"column":53}},"358":{"start":{"line":1229,"column":18},"end":{"line":1229,"column":53}},"359":{"start":{"line":1230,"column":4},"end":{"line":1230,"column":32}},"360":{"start":{"line":1231,"column":4},"end":{"line":1231,"column":32}},"361":{"start":{"line":1233,"column":4},"end":{"line":1233,"column":95}},"362":{"start":{"line":1233,"column":30},"end":{"line":1233,"column":95}},"363":{"start":{"line":1237,"column":4},"end":{"line":1237,"column":33}},"364":{"start":{"line":1237,"column":26},"end":{"line":1237,"column":33}},"365":{"start":{"line":1238,"column":4},"end":{"line":1259,"column":5}},"366":{"start":{"line":1239,"column":20},"end":{"line":1239,"column":55}},"367":{"start":{"line":1241,"column":6},"end":{"line":1241,"column":55}},"368":{"start":{"line":1243,"column":25},"end":{"line":1251,"column":8}},"369":{"start":{"line":1252,"column":6},"end":{"line":1252,"column":38}},"370":{"start":{"line":1254,"column":6},"end":{"line":1256,"column":7}},"371":{"start":{"line":1255,"column":8},"end":{"line":1255,"column":44}},"372":{"start":{"line":1258,"column":6},"end":{"line":1258,"column":27}},"373":{"start":{"line":1262,"column":33},"end":{"line":1268,"column":3}},"374":{"start":{"line":1263,"column":30},"end":{"line":1263,"column":39}},"375":{"start":{"line":1264,"column":4},"end":{"line":1266,"column":7}},"376":{"start":{"line":1265,"column":6},"end":{"line":1265,"column":44}},"377":{"start":{"line":1267,"column":4},"end":{"line":1267,"column":29}},"378":{"start":{"line":1270,"column":29},"end":{"line":1290,"column":3}},"379":{"start":{"line":1271,"column":25},"end":{"line":1271,"column":62}},"380":{"start":{"line":1272,"column":4},"end":{"line":1272,"column":93}},"381":{"start":{"line":1272,"column":23},"end":{"line":1272,"column":93}},"382":{"start":{"line":1273,"column":17},"end":{"line":1273,"column":62}},"383":{"start":{"line":1274,"column":19},"end":{"line":1274,"column":58}},"384":{"start":{"line":1275,"column":22},"end":{"line":1275,"column":54}},"385":{"start":{"line":1277,"column":4},"end":{"line":1278,"column":81}},"386":{"start":{"line":1277,"column":52},"end":{"line":1277,"column":108}},"387":{"start":{"line":1278,"column":9},"end":{"line":1278,"column":81}},"388":{"start":{"line":1278,"column":30},"end":{"line":1278,"column":81}},"389":{"start":{"line":1280,"column":21},"end":{"line":1280,"column":30}},"390":{"start":{"line":1282,"column":4},"end":{"line":1287,"column":9}},"391":{"start":{"line":1283,"column":28},"end":{"line":1283,"column":40}},"392":{"start":{"line":1285,"column":20},"end":{"line":1285,"column":50}},"393":{"start":{"line":1286,"column":8},"end":{"line":1286,"column":77}},"394":{"start":{"line":1289,"column":4},"end":{"line":1289,"column":20}},"395":{"start":{"line":1292,"column":38},"end":{"line":1300,"column":3}},"396":{"start":{"line":1293,"column":35},"end":{"line":1293,"column":44}},"397":{"start":{"line":1295,"column":4},"end":{"line":1297,"column":7}},"398":{"start":{"line":1296,"column":6},"end":{"line":1296,"column":71}},"399":{"start":{"line":1299,"column":4},"end":{"line":1299,"column":34}},"400":{"start":{"line":1302,"column":41},"end":{"line":1303,"column":81}},"401":{"start":{"line":1303,"column":4},"end":{"line":1303,"column":81}},"402":{"start":{"line":1303,"column":55},"end":{"line":1303,"column":80}},"403":{"start":{"line":1305,"column":24},"end":{"line":1323,"column":3}},"404":{"start":{"line":1306,"column":4},"end":{"line":1318,"column":5}},"405":{"start":{"line":1307,"column":6},"end":{"line":1307,"column":62}},"406":{"start":{"line":1308,"column":6},"end":{"line":1308,"column":63}},"407":{"start":{"line":1309,"column":6},"end":{"line":1309,"column":95}},"408":{"start":{"line":1310,"column":6},"end":{"line":1310,"column":77}},"409":{"start":{"line":1311,"column":6},"end":{"line":1311,"column":83}},"410":{"start":{"line":1313,"column":6},"end":{"line":1313,"column":119}},"411":{"start":{"line":1313,"column":78},"end":{"line":1313,"column":117}},"412":{"start":{"line":1315,"column":6},"end":{"line":1315,"column":103}},"413":{"start":{"line":1315,"column":66},"end":{"line":1315,"column":100}},"414":{"start":{"line":1317,"column":6},"end":{"line":1317,"column":41}},"415":{"start":{"line":1320,"column":4},"end":{"line":1320,"column":44}},"416":{"start":{"line":1322,"column":4},"end":{"line":1322,"column":36}},"417":{"start":{"line":1325,"column":30},"end":{"line":1335,"column":3}},"418":{"start":{"line":1326,"column":4},"end":{"line":1334,"column":5}},"419":{"start":{"line":1327,"column":27},"end":{"line":1327,"column":57}},"420":{"start":{"line":1328,"column":6},"end":{"line":1330,"column":7}},"421":{"start":{"line":1329,"column":8},"end":{"line":1329,"column":88}},"422":{"start":{"line":1331,"column":6},"end":{"line":1331,"column":52}},"423":{"start":{"line":1333,"column":6},"end":{"line":1333,"column":27}},"424":{"start":{"line":1337,"column":29},"end":{"line":1350,"column":3}},"425":{"start":{"line":1338,"column":4},"end":{"line":1349,"column":6}},"426":{"start":{"line":1339,"column":6},"end":{"line":1348,"column":7}},"427":{"start":{"line":1340,"column":27},"end":{"line":1346,"column":10}},"428":{"start":{"line":1347,"column":8},"end":{"line":1347,"column":40}},"429":{"start":{"line":1352,"column":32},"end":{"line":1354,"column":3}},"430":{"start":{"line":1353,"column":4},"end":{"line":1353,"column":24}},"431":{"start":{"line":1356,"column":36},"end":{"line":1361,"column":3}},"432":{"start":{"line":1357,"column":4},"end":{"line":1360,"column":5}},"433":{"start":{"line":1358,"column":22},"end":{"line":1358,"column":41}},"434":{"start":{"line":1359,"column":6},"end":{"line":1359,"column":44}},"435":{"start":{"line":1363,"column":39},"end":{"line":1374,"column":3}},"436":{"start":{"line":1364,"column":26},"end":{"line":1364,"column":49}},"437":{"start":{"line":1366,"column":4},"end":{"line":1373,"column":5}},"438":{"start":{"line":1368,"column":8},"end":{"line":1368,"column":53}},"439":{"start":{"line":1369,"column":8},"end":{"line":1369,"column":14}},"440":{"start":{"line":1371,"column":8},"end":{"line":1371,"column":52}},"441":{"start":{"line":1372,"column":8},"end":{"line":1372,"column":14}},"442":{"start":{"line":1376,"column":20},"end":{"line":1390,"column":3}},"443":{"start":{"line":1377,"column":4},"end":{"line":1389,"column":6}},"444":{"start":{"line":1378,"column":23},"end":{"line":1378,"column":36}},"445":{"start":{"line":1379,"column":18},"end":{"line":1379,"column":40}},"446":{"start":{"line":1381,"column":22},"end":{"line":1381,"column":49}},"447":{"start":{"line":1382,"column":6},"end":{"line":1382,"column":81}},"448":{"start":{"line":1382,"column":74},"end":{"line":1382,"column":81}},"449":{"start":{"line":1384,"column":27},"end":{"line":1384,"column":60}},"450":{"start":{"line":1385,"column":6},"end":{"line":1385,"column":35}},"451":{"start":{"line":1386,"column":6},"end":{"line":1386,"column":39}},"452":{"start":{"line":1388,"column":6},"end":{"line":1388,"column":44}},"453":{"start":{"line":1392,"column":21},"end":{"line":1411,"column":3}},"454":{"start":{"line":1393,"column":4},"end":{"line":1410,"column":7}},"455":{"start":{"line":1395,"column":6},"end":{"line":1401,"column":7}},"456":{"start":{"line":1396,"column":8},"end":{"line":1396,"column":26}},"457":{"start":{"line":1397,"column":8},"end":{"line":1397,"column":22}},"458":{"start":{"line":1399,"column":8},"end":{"line":1399,"column":41}},"459":{"start":{"line":1400,"column":8},"end":{"line":1400,"column":21}},"460":{"start":{"line":1403,"column":41},"end":{"line":1407,"column":7}},"461":{"start":{"line":1409,"column":6},"end":{"line":1409,"column":52}},"462":{"start":{"line":1413,"column":24},"end":{"line":1420,"column":3}},"463":{"start":{"line":1415,"column":4},"end":{"line":1417,"column":37}},"464":{"start":{"line":1416,"column":6},"end":{"line":1416,"column":65}},"465":{"start":{"line":1417,"column":9},"end":{"line":1417,"column":37}},"466":{"start":{"line":1419,"column":4},"end":{"line":1419,"column":49}},"467":{"start":{"line":1422,"column":26},"end":{"line":1429,"column":3}},"468":{"start":{"line":1423,"column":21},"end":{"line":1423,"column":55}},"469":{"start":{"line":1424,"column":4},"end":{"line":1424,"column":71}},"470":{"start":{"line":1424,"column":34},"end":{"line":1424,"column":69}},"471":{"start":{"line":1425,"column":4},"end":{"line":1427,"column":7}},"472":{"start":{"line":1426,"column":6},"end":{"line":1426,"column":68}},"473":{"start":{"line":1426,"column":38},"end":{"line":1426,"column":68}},"474":{"start":{"line":1428,"column":4},"end":{"line":1428,"column":42}},"475":{"start":{"line":1431,"column":23},"end":{"line":1438,"column":3}},"476":{"start":{"line":1432,"column":4},"end":{"line":1432,"column":40}},"477":{"start":{"line":1433,"column":25},"end":{"line":1433,"column":64}},"478":{"start":{"line":1434,"column":28},"end":{"line":1434,"column":94}},"479":{"start":{"line":1434,"column":70},"end":{"line":1434,"column":92}},"480":{"start":{"line":1435,"column":4},"end":{"line":1435,"column":34}},"481":{"start":{"line":1436,"column":4},"end":{"line":1436,"column":62}},"482":{"start":{"line":1437,"column":4},"end":{"line":1437,"column":48}},"483":{"start":{"line":1440,"column":26},"end":{"line":1440,"column":53}},"484":{"start":{"line":1440,"column":32},"end":{"line":1440,"column":53}},"485":{"start":{"line":1442,"column":50},"end":{"line":1452,"column":3}},"486":{"start":{"line":1446,"column":60},"end":{"line":1449,"column":6}},"487":{"start":{"line":1446,"column":105},"end":{"line":1449,"column":5}},"488":{"start":{"line":1451,"column":4},"end":{"line":1451,"column":33}}},"fnMap":{"0":{"name":"(anonymous_0)","decl":{"start":{"line":186,"column":2},"end":{"line":186,"column":3}},"loc":{"start":{"line":186,"column":100},"end":{"line":192,"column":3}},"line":186},"1":{"name":"(anonymous_1)","decl":{"start":{"line":314,"column":2},"end":{"line":314,"column":3}},"loc":{"start":{"line":314,"column":16},"end":{"line":316,"column":3}},"line":314},"2":{"name":"(anonymous_2)","decl":{"start":{"line":331,"column":19},"end":{"line":331,"column":20}},"loc":{"start":{"line":331,"column":44},"end":{"line":337,"column":3}},"line":331},"3":{"name":"(anonymous_3)","decl":{"start":{"line":355,"column":29},"end":{"line":355,"column":30}},"loc":{"start":{"line":355,"column":67},"end":{"line":384,"column":3}},"line":355},"4":{"name":"(anonymous_4)","decl":{"start":{"line":365,"column":57},"end":{"line":365,"column":58}},"loc":{"start":{"line":365,"column":71},"end":{"line":370,"column":9}},"line":365},"5":{"name":"(anonymous_5)","decl":{"start":{"line":372,"column":31},"end":{"line":372,"column":32}},"loc":{"start":{"line":372,"column":45},"end":{"line":378,"column":9}},"line":372},"6":{"name":"(anonymous_6)","decl":{"start":{"line":373,"column":56},"end":{"line":373,"column":57}},"loc":{"start":{"line":373,"column":76},"end":{"line":377,"column":11}},"line":373},"7":{"name":"(anonymous_7)","decl":{"start":{"line":394,"column":2},"end":{"line":394,"column":3}},"loc":{"start":{"line":394,"column":57},"end":{"line":396,"column":3}},"line":394},"8":{"name":"(anonymous_8)","decl":{"start":{"line":406,"column":2},"end":{"line":406,"column":3}},"loc":{"start":{"line":406,"column":56},"end":{"line":408,"column":3}},"line":406},"9":{"name":"(anonymous_9)","decl":{"start":{"line":410,"column":29},"end":{"line":410,"column":30}},"loc":{"start":{"line":410,"column":69},"end":{"line":595,"column":3}},"line":410},"10":{"name":"(anonymous_10)","decl":{"start":{"line":435,"column":54},"end":{"line":435,"column":55}},"loc":{"start":{"line":435,"column":74},"end":{"line":441,"column":9}},"line":435},"11":{"name":"(anonymous_11)","decl":{"start":{"line":449,"column":25},"end":{"line":449,"column":26}},"loc":{"start":{"line":449,"column":38},"end":{"line":455,"column":9}},"line":449},"12":{"name":"(anonymous_12)","decl":{"start":{"line":505,"column":51},"end":{"line":505,"column":52}},"loc":{"start":{"line":505,"column":64},"end":{"line":507,"column":9}},"line":505},"13":{"name":"(anonymous_13)","decl":{"start":{"line":542,"column":10},"end":{"line":542,"column":11}},"loc":{"start":{"line":542,"column":23},"end":{"line":542,"column":56}},"line":542},"14":{"name":"(anonymous_14)","decl":{"start":{"line":546,"column":10},"end":{"line":546,"column":11}},"loc":{"start":{"line":546,"column":21},"end":{"line":546,"column":51}},"line":546},"15":{"name":"(anonymous_15)","decl":{"start":{"line":641,"column":2},"end":{"line":641,"column":3}},"loc":{"start":{"line":647,"column":12},"end":{"line":683,"column":3}},"line":647},"16":{"name":"(anonymous_16)","decl":{"start":{"line":648,"column":59},"end":{"line":648,"column":60}},"loc":{"start":{"line":648,"column":68},"end":{"line":648,"column":87}},"line":648},"17":{"name":"(anonymous_17)","decl":{"start":{"line":675,"column":10},"end":{"line":675,"column":11}},"loc":{"start":{"line":676,"column":13},"end":{"line":676,"column":110}},"line":676},"18":{"name":"(anonymous_18)","decl":{"start":{"line":685,"column":33},"end":{"line":685,"column":34}},"loc":{"start":{"line":685,"column":65},"end":{"line":689,"column":3}},"line":685},"19":{"name":"(anonymous_19)","decl":{"start":{"line":691,"column":2},"end":{"line":691,"column":3}},"loc":{"start":{"line":691,"column":85},"end":{"line":701,"column":3}},"line":691},"20":{"name":"(anonymous_20)","decl":{"start":{"line":703,"column":2},"end":{"line":703,"column":3}},"loc":{"start":{"line":703,"column":91},"end":{"line":705,"column":3}},"line":703},"21":{"name":"(anonymous_21)","decl":{"start":{"line":707,"column":2},"end":{"line":707,"column":3}},"loc":{"start":{"line":707,"column":90},"end":{"line":736,"column":3}},"line":707},"22":{"name":"(anonymous_22)","decl":{"start":{"line":713,"column":47},"end":{"line":713,"column":48}},"loc":{"start":{"line":713,"column":61},"end":{"line":719,"column":7}},"line":713},"23":{"name":"(anonymous_23)","decl":{"start":{"line":738,"column":2},"end":{"line":738,"column":3}},"loc":{"start":{"line":738,"column":110},"end":{"line":754,"column":3}},"line":738},"24":{"name":"(anonymous_24)","decl":{"start":{"line":745,"column":16},"end":{"line":745,"column":17}},"loc":{"start":{"line":745,"column":30},"end":{"line":745,"column":42}},"line":745},"25":{"name":"(anonymous_25)","decl":{"start":{"line":746,"column":17},"end":{"line":746,"column":18}},"loc":{"start":{"line":746,"column":31},"end":{"line":752,"column":9}},"line":746},"26":{"name":"(anonymous_26)","decl":{"start":{"line":756,"column":2},"end":{"line":756,"column":3}},"loc":{"start":{"line":756,"column":83},"end":{"line":782,"column":3}},"line":756},"27":{"name":"(anonymous_27)","decl":{"start":{"line":758,"column":24},"end":{"line":758,"column":25}},"loc":{"start":{"line":758,"column":38},"end":{"line":758,"column":64}},"line":758},"28":{"name":"(anonymous_28)","decl":{"start":{"line":774,"column":6},"end":{"line":774,"column":7}},"loc":{"start":{"line":774,"column":22},"end":{"line":774,"column":88}},"line":774},"29":{"name":"(anonymous_29)","decl":{"start":{"line":779,"column":22},"end":{"line":779,"column":23}},"loc":{"start":{"line":779,"column":33},"end":{"line":781,"column":5}},"line":779},"30":{"name":"(anonymous_30)","decl":{"start":{"line":831,"column":2},"end":{"line":831,"column":3}},"loc":{"start":{"line":831,"column":115},"end":{"line":847,"column":3}},"line":831},"31":{"name":"(anonymous_31)","decl":{"start":{"line":837,"column":14},"end":{"line":837,"column":15}},"loc":{"start":{"line":837,"column":20},"end":{"line":842,"column":9}},"line":837},"32":{"name":"(anonymous_32)","decl":{"start":{"line":843,"column":15},"end":{"line":843,"column":16}},"loc":{"start":{"line":843,"column":21},"end":{"line":843,"column":26}},"line":843},"33":{"name":"(anonymous_33)","decl":{"start":{"line":858,"column":2},"end":{"line":858,"column":3}},"loc":{"start":{"line":858,"column":89},"end":{"line":889,"column":3}},"line":858},"34":{"name":"(anonymous_34)","decl":{"start":{"line":877,"column":12},"end":{"line":877,"column":13}},"loc":{"start":{"line":877,"column":18},"end":{"line":887,"column":7}},"line":877},"35":{"name":"(anonymous_35)","decl":{"start":{"line":888,"column":13},"end":{"line":888,"column":14}},"loc":{"start":{"line":888,"column":25},"end":{"line":888,"column":30}},"line":888},"36":{"name":"(anonymous_36)","decl":{"start":{"line":899,"column":2},"end":{"line":899,"column":3}},"loc":{"start":{"line":899,"column":105},"end":{"line":932,"column":3}},"line":899},"37":{"name":"(anonymous_37)","decl":{"start":{"line":908,"column":47},"end":{"line":908,"column":48}},"loc":{"start":{"line":908,"column":61},"end":{"line":908,"column":81}},"line":908},"38":{"name":"(anonymous_38)","decl":{"start":{"line":920,"column":12},"end":{"line":920,"column":13}},"loc":{"start":{"line":920,"column":18},"end":{"line":930,"column":7}},"line":920},"39":{"name":"(anonymous_39)","decl":{"start":{"line":931,"column":13},"end":{"line":931,"column":14}},"loc":{"start":{"line":931,"column":25},"end":{"line":931,"column":30}},"line":931},"40":{"name":"(anonymous_40)","decl":{"start":{"line":961,"column":2},"end":{"line":961,"column":3}},"loc":{"start":{"line":961,"column":38},"end":{"line":969,"column":3}},"line":961},"41":{"name":"(anonymous_41)","decl":{"start":{"line":979,"column":2},"end":{"line":979,"column":3}},"loc":{"start":{"line":979,"column":42},"end":{"line":985,"column":3}},"line":979},"42":{"name":"(anonymous_42)","decl":{"start":{"line":995,"column":2},"end":{"line":995,"column":3}},"loc":{"start":{"line":995,"column":44},"end":{"line":1001,"column":3}},"line":995},"43":{"name":"(anonymous_43)","decl":{"start":{"line":1016,"column":2},"end":{"line":1016,"column":3}},"loc":{"start":{"line":1021,"column":4},"end":{"line":1027,"column":3}},"line":1021},"44":{"name":"(anonymous_44)","decl":{"start":{"line":1043,"column":2},"end":{"line":1043,"column":3}},"loc":{"start":{"line":1043,"column":74},"end":{"line":1053,"column":3}},"line":1043},"45":{"name":"(anonymous_45)","decl":{"start":{"line":1067,"column":2},"end":{"line":1067,"column":3}},"loc":{"start":{"line":1067,"column":71},"end":{"line":1076,"column":3}},"line":1067},"46":{"name":"(anonymous_46)","decl":{"start":{"line":1070,"column":87},"end":{"line":1070,"column":88}},"loc":{"start":{"line":1070,"column":95},"end":{"line":1070,"column":110}},"line":1070},"47":{"name":"(anonymous_47)","decl":{"start":{"line":1072,"column":56},"end":{"line":1072,"column":57}},"loc":{"start":{"line":1072,"column":68},"end":{"line":1072,"column":90}},"line":1072},"48":{"name":"(anonymous_48)","decl":{"start":{"line":1074,"column":29},"end":{"line":1074,"column":30}},"loc":{"start":{"line":1074,"column":37},"end":{"line":1074,"column":55}},"line":1074},"49":{"name":"(anonymous_49)","decl":{"start":{"line":1088,"column":2},"end":{"line":1088,"column":3}},"loc":{"start":{"line":1088,"column":72},"end":{"line":1095,"column":3}},"line":1088},"50":{"name":"(anonymous_50)","decl":{"start":{"line":1091,"column":56},"end":{"line":1091,"column":57}},"loc":{"start":{"line":1091,"column":68},"end":{"line":1091,"column":90}},"line":1091},"51":{"name":"(anonymous_51)","decl":{"start":{"line":1093,"column":29},"end":{"line":1093,"column":30}},"loc":{"start":{"line":1093,"column":37},"end":{"line":1093,"column":55}},"line":1093},"52":{"name":"(anonymous_52)","decl":{"start":{"line":1097,"column":2},"end":{"line":1097,"column":3}},"loc":{"start":{"line":1097,"column":52},"end":{"line":1099,"column":3}},"line":1097},"53":{"name":"(anonymous_53)","decl":{"start":{"line":1098,"column":46},"end":{"line":1098,"column":47}},"loc":{"start":{"line":1098,"column":58},"end":{"line":1098,"column":103}},"line":1098},"54":{"name":"(anonymous_54)","decl":{"start":{"line":1108,"column":34},"end":{"line":1108,"column":35}},"loc":{"start":{"line":1108,"column":59},"end":{"line":1113,"column":3}},"line":1108},"55":{"name":"(anonymous_55)","decl":{"start":{"line":1123,"column":31},"end":{"line":1123,"column":32}},"loc":{"start":{"line":1123,"column":78},"end":{"line":1149,"column":3}},"line":1123},"56":{"name":"(anonymous_56)","decl":{"start":{"line":1151,"column":28},"end":{"line":1151,"column":29}},"loc":{"start":{"line":1151,"column":34},"end":{"line":1166,"column":3}},"line":1151},"57":{"name":"(anonymous_57)","decl":{"start":{"line":1155,"column":46},"end":{"line":1155,"column":47}},"loc":{"start":{"line":1155,"column":63},"end":{"line":1164,"column":5}},"line":1155},"58":{"name":"(anonymous_58)","decl":{"start":{"line":1160,"column":10},"end":{"line":1160,"column":11}},"loc":{"start":{"line":1160,"column":28},"end":{"line":1160,"column":68}},"line":1160},"59":{"name":"(anonymous_59)","decl":{"start":{"line":1175,"column":22},"end":{"line":1175,"column":23}},"loc":{"start":{"line":1175,"column":28},"end":{"line":1179,"column":3}},"line":1175},"60":{"name":"(anonymous_60)","decl":{"start":{"line":1184,"column":19},"end":{"line":1184,"column":20}},"loc":{"start":{"line":1184,"column":25},"end":{"line":1194,"column":3}},"line":1184},"61":{"name":"(anonymous_61)","decl":{"start":{"line":1196,"column":2},"end":{"line":1196,"column":3}},"loc":{"start":{"line":1196,"column":43},"end":{"line":1198,"column":3}},"line":1196},"62":{"name":"(anonymous_62)","decl":{"start":{"line":1200,"column":27},"end":{"line":1200,"column":28}},"loc":{"start":{"line":1200,"column":55},"end":{"line":1203,"column":3}},"line":1200},"63":{"name":"(anonymous_63)","decl":{"start":{"line":1205,"column":21},"end":{"line":1205,"column":22}},"loc":{"start":{"line":1205,"column":66},"end":{"line":1215,"column":3}},"line":1205},"64":{"name":"(anonymous_64)","decl":{"start":{"line":1209,"column":42},"end":{"line":1209,"column":43}},"loc":{"start":{"line":1209,"column":91},"end":{"line":1211,"column":7}},"line":1209},"65":{"name":"(anonymous_65)","decl":{"start":{"line":1210,"column":26},"end":{"line":1210,"column":27}},"loc":{"start":{"line":1210,"column":55},"end":{"line":1210,"column":99}},"line":1210},"66":{"name":"(anonymous_66)","decl":{"start":{"line":1217,"column":36},"end":{"line":1217,"column":37}},"loc":{"start":{"line":1217,"column":75},"end":{"line":1234,"column":3}},"line":1217},"67":{"name":"(anonymous_67)","decl":{"start":{"line":1218,"column":71},"end":{"line":1218,"column":72}},"loc":{"start":{"line":1218,"column":81},"end":{"line":1218,"column":110}},"line":1218},"68":{"name":"(anonymous_68)","decl":{"start":{"line":1221,"column":39},"end":{"line":1221,"column":40}},"loc":{"start":{"line":1221,"column":67},"end":{"line":1226,"column":5}},"line":1221},"69":{"name":"(anonymous_69)","decl":{"start":{"line":1224,"column":61},"end":{"line":1224,"column":62}},"loc":{"start":{"line":1224,"column":71},"end":{"line":1224,"column":104}},"line":1224},"70":{"name":"(anonymous_70)","decl":{"start":{"line":1236,"column":2},"end":{"line":1236,"column":3}},"loc":{"start":{"line":1236,"column":37},"end":{"line":1260,"column":3}},"line":1236},"71":{"name":"(anonymous_71)","decl":{"start":{"line":1262,"column":33},"end":{"line":1262,"column":34}},"loc":{"start":{"line":1262,"column":39},"end":{"line":1268,"column":3}},"line":1262},"72":{"name":"(anonymous_72)","decl":{"start":{"line":1264,"column":60},"end":{"line":1264,"column":61}},"loc":{"start":{"line":1264,"column":89},"end":{"line":1266,"column":5}},"line":1264},"73":{"name":"(anonymous_73)","decl":{"start":{"line":1270,"column":29},"end":{"line":1270,"column":30}},"loc":{"start":{"line":1270,"column":50},"end":{"line":1290,"column":3}},"line":1270},"74":{"name":"(anonymous_74)","decl":{"start":{"line":1283,"column":14},"end":{"line":1283,"column":15}},"loc":{"start":{"line":1283,"column":28},"end":{"line":1283,"column":40}},"line":1283},"75":{"name":"(anonymous_75)","decl":{"start":{"line":1284,"column":15},"end":{"line":1284,"column":16}},"loc":{"start":{"line":1284,"column":29},"end":{"line":1287,"column":7}},"line":1284},"76":{"name":"(anonymous_76)","decl":{"start":{"line":1292,"column":38},"end":{"line":1292,"column":39}},"loc":{"start":{"line":1292,"column":44},"end":{"line":1300,"column":3}},"line":1292},"77":{"name":"(anonymous_77)","decl":{"start":{"line":1295,"column":60},"end":{"line":1295,"column":61}},"loc":{"start":{"line":1295,"column":88},"end":{"line":1297,"column":5}},"line":1295},"78":{"name":"(anonymous_78)","decl":{"start":{"line":1302,"column":41},"end":{"line":1302,"column":42}},"loc":{"start":{"line":1303,"column":4},"end":{"line":1303,"column":81}},"line":1303},"79":{"name":"(anonymous_79)","decl":{"start":{"line":1303,"column":44},"end":{"line":1303,"column":45}},"loc":{"start":{"line":1303,"column":55},"end":{"line":1303,"column":80}},"line":1303},"80":{"name":"(anonymous_80)","decl":{"start":{"line":1305,"column":24},"end":{"line":1305,"column":25}},"loc":{"start":{"line":1305,"column":66},"end":{"line":1323,"column":3}},"line":1305},"81":{"name":"(anonymous_81)","decl":{"start":{"line":1313,"column":60},"end":{"line":1313,"column":61}},"loc":{"start":{"line":1313,"column":78},"end":{"line":1313,"column":117}},"line":1313},"82":{"name":"(anonymous_82)","decl":{"start":{"line":1315,"column":48},"end":{"line":1315,"column":49}},"loc":{"start":{"line":1315,"column":66},"end":{"line":1315,"column":100}},"line":1315},"83":{"name":"(anonymous_83)","decl":{"start":{"line":1325,"column":30},"end":{"line":1325,"column":31}},"loc":{"start":{"line":1325,"column":62},"end":{"line":1335,"column":3}},"line":1325},"84":{"name":"(anonymous_84)","decl":{"start":{"line":1337,"column":29},"end":{"line":1337,"column":30}},"loc":{"start":{"line":1337,"column":35},"end":{"line":1350,"column":3}},"line":1337},"85":{"name":"(anonymous_85)","decl":{"start":{"line":1338,"column":11},"end":{"line":1338,"column":12}},"loc":{"start":{"line":1338,"column":49},"end":{"line":1349,"column":5}},"line":1338},"86":{"name":"(anonymous_86)","decl":{"start":{"line":1352,"column":32},"end":{"line":1352,"column":33}},"loc":{"start":{"line":1352,"column":75},"end":{"line":1354,"column":3}},"line":1352},"87":{"name":"(anonymous_87)","decl":{"start":{"line":1356,"column":36},"end":{"line":1356,"column":37}},"loc":{"start":{"line":1356,"column":55},"end":{"line":1361,"column":3}},"line":1356},"88":{"name":"(anonymous_88)","decl":{"start":{"line":1363,"column":39},"end":{"line":1363,"column":40}},"loc":{"start":{"line":1363,"column":58},"end":{"line":1374,"column":3}},"line":1363},"89":{"name":"(anonymous_89)","decl":{"start":{"line":1376,"column":20},"end":{"line":1376,"column":21}},"loc":{"start":{"line":1376,"column":26},"end":{"line":1390,"column":3}},"line":1376},"90":{"name":"(anonymous_90)","decl":{"start":{"line":1377,"column":11},"end":{"line":1377,"column":12}},"loc":{"start":{"line":1377,"column":37},"end":{"line":1389,"column":5}},"line":1377},"91":{"name":"(anonymous_91)","decl":{"start":{"line":1392,"column":21},"end":{"line":1392,"column":22}},"loc":{"start":{"line":1392,"column":51},"end":{"line":1411,"column":3}},"line":1392},"92":{"name":"(anonymous_92)","decl":{"start":{"line":1393,"column":24},"end":{"line":1393,"column":25}},"loc":{"start":{"line":1393,"column":45},"end":{"line":1410,"column":5}},"line":1393},"93":{"name":"(anonymous_93)","decl":{"start":{"line":1413,"column":24},"end":{"line":1413,"column":25}},"loc":{"start":{"line":1413,"column":54},"end":{"line":1420,"column":3}},"line":1413},"94":{"name":"(anonymous_94)","decl":{"start":{"line":1422,"column":26},"end":{"line":1422,"column":27}},"loc":{"start":{"line":1422,"column":56},"end":{"line":1429,"column":3}},"line":1422},"95":{"name":"(anonymous_95)","decl":{"start":{"line":1424,"column":21},"end":{"line":1424,"column":22}},"loc":{"start":{"line":1424,"column":34},"end":{"line":1424,"column":69}},"line":1424},"96":{"name":"(anonymous_96)","decl":{"start":{"line":1425,"column":52},"end":{"line":1425,"column":53}},"loc":{"start":{"line":1425,"column":72},"end":{"line":1427,"column":5}},"line":1425},"97":{"name":"(anonymous_97)","decl":{"start":{"line":1431,"column":23},"end":{"line":1431,"column":24}},"loc":{"start":{"line":1431,"column":64},"end":{"line":1438,"column":3}},"line":1431},"98":{"name":"(anonymous_98)","decl":{"start":{"line":1434,"column":46},"end":{"line":1434,"column":47}},"loc":{"start":{"line":1434,"column":70},"end":{"line":1434,"column":92}},"line":1434},"99":{"name":"(anonymous_99)","decl":{"start":{"line":1440,"column":26},"end":{"line":1440,"column":27}},"loc":{"start":{"line":1440,"column":32},"end":{"line":1440,"column":53}},"line":1440},"100":{"name":"(anonymous_100)","decl":{"start":{"line":1442,"column":50},"end":{"line":1442,"column":51}},"loc":{"start":{"line":1445,"column":38},"end":{"line":1452,"column":3}},"line":1445},"101":{"name":"(anonymous_101)","decl":{"start":{"line":1446,"column":83},"end":{"line":1446,"column":84}},"loc":{"start":{"line":1446,"column":105},"end":{"line":1449,"column":5}},"line":1446}},"branchMap":{"0":{"loc":{"start":{"line":357,"column":4},"end":{"line":383,"column":5}},"type":"switch","locations":[{"start":{"line":358,"column":6},"end":{"line":380,"column":7}},{"start":{"line":381,"column":6},"end":{"line":382,"column":89}}],"line":357},"1":{"loc":{"start":{"line":382,"column":8},"end":{"line":382,"column":89}},"type":"if","locations":[{"start":{"line":382,"column":8},"end":{"line":382,"column":89}},{"start":{},"end":{}}],"line":382},"2":{"loc":{"start":{"line":413,"column":4},"end":{"line":594,"column":5}},"type":"switch","locations":[{"start":{"line":414,"column":6},"end":{"line":422,"column":7}},{"start":{"line":423,"column":6},"end":{"line":443,"column":7}},{"start":{"line":444,"column":6},"end":{"line":457,"column":7}},{"start":{"line":459,"column":6},"end":{"line":481,"column":14}},{"start":{"line":483,"column":6},"end":{"line":485,"column":14}},{"start":{"line":487,"column":6},"end":{"line":493,"column":14}},{"start":{"line":495,"column":6},"end":{"line":512,"column":14}},{"start":{"line":514,"column":6},"end":{"line":521,"column":14}},{"start":{"line":523,"column":6},"end":{"line":538,"column":7}},{"start":{"line":540,"column":6},"end":{"line":551,"column":7}},{"start":{"line":552,"column":6},"end":{"line":560,"column":7}},{"start":{"line":561,"column":6},"end":{"line":563,"column":14}},{"start":{"line":565,"column":6},"end":{"line":569,"column":14}},{"start":{"line":571,"column":6},"end":{"line":582,"column":7}},{"start":{"line":584,"column":6},"end":{"line":589,"column":7}},{"start":{"line":591,"column":6},"end":{"line":593,"column":14}}],"line":413},"3":{"loc":{"start":{"line":425,"column":8},"end":{"line":425,"column":61}},"type":"if","locations":[{"start":{"line":425,"column":8},"end":{"line":425,"column":61}},{"start":{},"end":{}}],"line":425},"4":{"loc":{"start":{"line":436,"column":10},"end":{"line":440,"column":11}},"type":"if","locations":[{"start":{"line":436,"column":10},"end":{"line":440,"column":11}},{"start":{},"end":{}}],"line":436},"5":{"loc":{"start":{"line":447,"column":8},"end":{"line":447,"column":56}},"type":"if","locations":[{"start":{"line":447,"column":8},"end":{"line":447,"column":56}},{"start":{},"end":{}}],"line":447},"6":{"loc":{"start":{"line":465,"column":10},"end":{"line":477,"column":11}},"type":"if","locations":[{"start":{"line":465,"column":10},"end":{"line":477,"column":11}},{"start":{},"end":{}}],"line":465},"7":{"loc":{"start":{"line":468,"column":12},"end":{"line":474,"column":13}},"type":"if","locations":[{"start":{"line":468,"column":12},"end":{"line":474,"column":13}},{"start":{},"end":{}}],"line":468},"8":{"loc":{"start":{"line":489,"column":8},"end":{"line":489,"column":57}},"type":"if","locations":[{"start":{"line":489,"column":8},"end":{"line":489,"column":57}},{"start":{},"end":{}}],"line":489},"9":{"loc":{"start":{"line":496,"column":8},"end":{"line":500,"column":9}},"type":"if","locations":[{"start":{"line":496,"column":8},"end":{"line":500,"column":9}},{"start":{},"end":{}}],"line":496},"10":{"loc":{"start":{"line":503,"column":8},"end":{"line":503,"column":43}},"type":"if","locations":[{"start":{"line":503,"column":8},"end":{"line":503,"column":43}},{"start":{},"end":{}}],"line":503},"11":{"loc":{"start":{"line":515,"column":8},"end":{"line":515,"column":76}},"type":"if","locations":[{"start":{"line":515,"column":8},"end":{"line":515,"column":76}},{"start":{},"end":{}}],"line":515},"12":{"loc":{"start":{"line":524,"column":8},"end":{"line":524,"column":84}},"type":"if","locations":[{"start":{"line":524,"column":8},"end":{"line":524,"column":84}},{"start":{},"end":{}}],"line":524},"13":{"loc":{"start":{"line":527,"column":8},"end":{"line":527,"column":112}},"type":"if","locations":[{"start":{"line":527,"column":8},"end":{"line":527,"column":112}},{"start":{},"end":{}}],"line":527},"14":{"loc":{"start":{"line":575,"column":8},"end":{"line":580,"column":9}},"type":"if","locations":[{"start":{"line":575,"column":8},"end":{"line":580,"column":9}},{"start":{"line":578,"column":15},"end":{"line":580,"column":9}}],"line":575},"15":{"loc":{"start":{"line":644,"column":4},"end":{"line":644,"column":34}},"type":"default-arg","locations":[{"start":{"line":644,"column":25},"end":{"line":644,"column":34}}],"line":644},"16":{"loc":{"start":{"line":645,"column":4},"end":{"line":645,"column":78}},"type":"default-arg","locations":[{"start":{"line":645,"column":39},"end":{"line":645,"column":78}}],"line":645},"17":{"loc":{"start":{"line":646,"column":4},"end":{"line":646,"column":41}},"type":"default-arg","locations":[{"start":{"line":646,"column":40},"end":{"line":646,"column":41}}],"line":646},"18":{"loc":{"start":{"line":650,"column":4},"end":{"line":652,"column":5}},"type":"if","locations":[{"start":{"line":650,"column":4},"end":{"line":652,"column":5}},{"start":{},"end":{}}],"line":650},"19":{"loc":{"start":{"line":654,"column":4},"end":{"line":655,"column":98}},"type":"if","locations":[{"start":{"line":654,"column":4},"end":{"line":655,"column":98}},{"start":{},"end":{}}],"line":654},"20":{"loc":{"start":{"line":654,"column":8},"end":{"line":654,"column":71}},"type":"binary-expr","locations":[{"start":{"line":654,"column":8},"end":{"line":654,"column":32}},{"start":{"line":654,"column":36},"end":{"line":654,"column":71}}],"line":654},"21":{"loc":{"start":{"line":656,"column":4},"end":{"line":656,"column":99}},"type":"if","locations":[{"start":{"line":656,"column":4},"end":{"line":656,"column":99}},{"start":{},"end":{}}],"line":656},"22":{"loc":{"start":{"line":669,"column":4},"end":{"line":678,"column":5}},"type":"if","locations":[{"start":{"line":669,"column":4},"end":{"line":678,"column":5}},{"start":{},"end":{}}],"line":669},"23":{"loc":{"start":{"line":676,"column":37},"end":{"line":676,"column":110}},"type":"cond-expr","locations":[{"start":{"line":676,"column":76},"end":{"line":676,"column":86}},{"start":{"line":676,"column":89},"end":{"line":676,"column":110}}],"line":676},"24":{"loc":{"start":{"line":694,"column":4},"end":{"line":698,"column":5}},"type":"if","locations":[{"start":{"line":694,"column":4},"end":{"line":698,"column":5}},{"start":{"line":696,"column":11},"end":{"line":698,"column":5}}],"line":694},"25":{"loc":{"start":{"line":709,"column":4},"end":{"line":730,"column":5}},"type":"if","locations":[{"start":{"line":709,"column":4},"end":{"line":730,"column":5}},{"start":{"line":721,"column":11},"end":{"line":730,"column":5}}],"line":709},"26":{"loc":{"start":{"line":714,"column":8},"end":{"line":718,"column":9}},"type":"if","locations":[{"start":{"line":714,"column":8},"end":{"line":718,"column":9}},{"start":{"line":716,"column":15},"end":{"line":718,"column":9}}],"line":714},"27":{"loc":{"start":{"line":732,"column":4},"end":{"line":733,"column":96}},"type":"if","locations":[{"start":{"line":732,"column":4},"end":{"line":733,"column":96}},{"start":{},"end":{}}],"line":732},"28":{"loc":{"start":{"line":732,"column":8},"end":{"line":732,"column":68}},"type":"binary-expr","locations":[{"start":{"line":732,"column":8},"end":{"line":732,"column":33}},{"start":{"line":732,"column":37},"end":{"line":732,"column":68}}],"line":732},"29":{"loc":{"start":{"line":739,"column":4},"end":{"line":753,"column":5}},"type":"if","locations":[{"start":{"line":739,"column":4},"end":{"line":753,"column":5}},{"start":{"line":742,"column":11},"end":{"line":753,"column":5}}],"line":739},"30":{"loc":{"start":{"line":747,"column":24},"end":{"line":747,"column":107}},"type":"binary-expr","locations":[{"start":{"line":747,"column":24},"end":{"line":747,"column":102}},{"start":{"line":747,"column":106},"end":{"line":747,"column":107}}],"line":747},"31":{"loc":{"start":{"line":749,"column":10},"end":{"line":751,"column":44}},"type":"if","locations":[{"start":{"line":749,"column":10},"end":{"line":751,"column":44}},{"start":{"line":751,"column":17},"end":{"line":751,"column":44}}],"line":749},"32":{"loc":{"start":{"line":757,"column":4},"end":{"line":760,"column":5}},"type":"if","locations":[{"start":{"line":757,"column":4},"end":{"line":760,"column":5}},{"start":{},"end":{}}],"line":757},"33":{"loc":{"start":{"line":762,"column":4},"end":{"line":766,"column":5}},"type":"if","locations":[{"start":{"line":762,"column":4},"end":{"line":766,"column":5}},{"start":{},"end":{}}],"line":762},"34":{"loc":{"start":{"line":772,"column":29},"end":{"line":772,"column":69}},"type":"binary-expr","locations":[{"start":{"line":772,"column":29},"end":{"line":772,"column":64}},{"start":{"line":772,"column":68},"end":{"line":772,"column":69}}],"line":772},"35":{"loc":{"start":{"line":774,"column":49},"end":{"line":774,"column":81}},"type":"binary-expr","locations":[{"start":{"line":774,"column":49},"end":{"line":774,"column":76}},{"start":{"line":774,"column":80},"end":{"line":774,"column":81}}],"line":774},"36":{"loc":{"start":{"line":780,"column":50},"end":{"line":780,"column":82}},"type":"binary-expr","locations":[{"start":{"line":780,"column":50},"end":{"line":780,"column":77}},{"start":{"line":780,"column":81},"end":{"line":780,"column":82}}],"line":780},"37":{"loc":{"start":{"line":834,"column":4},"end":{"line":844,"column":5}},"type":"if","locations":[{"start":{"line":834,"column":4},"end":{"line":844,"column":5}},{"start":{},"end":{}}],"line":834},"38":{"loc":{"start":{"line":838,"column":32},"end":{"line":838,"column":99}},"type":"binary-expr","locations":[{"start":{"line":838,"column":32},"end":{"line":838,"column":48}},{"start":{"line":838,"column":52},"end":{"line":838,"column":99}}],"line":838},"39":{"loc":{"start":{"line":862,"column":4},"end":{"line":864,"column":5}},"type":"if","locations":[{"start":{"line":862,"column":4},"end":{"line":864,"column":5}},{"start":{},"end":{}}],"line":862},"40":{"loc":{"start":{"line":869,"column":4},"end":{"line":873,"column":5}},"type":"if","locations":[{"start":{"line":869,"column":4},"end":{"line":873,"column":5}},{"start":{"line":871,"column":11},"end":{"line":873,"column":5}}],"line":869},"41":{"loc":{"start":{"line":902,"column":4},"end":{"line":904,"column":5}},"type":"if","locations":[{"start":{"line":902,"column":4},"end":{"line":904,"column":5}},{"start":{},"end":{}}],"line":902},"42":{"loc":{"start":{"line":910,"column":4},"end":{"line":916,"column":5}},"type":"if","locations":[{"start":{"line":910,"column":4},"end":{"line":916,"column":5}},{"start":{"line":912,"column":11},"end":{"line":916,"column":5}}],"line":910},"43":{"loc":{"start":{"line":912,"column":11},"end":{"line":916,"column":5}},"type":"if","locations":[{"start":{"line":912,"column":11},"end":{"line":916,"column":5}},{"start":{"line":914,"column":11},"end":{"line":916,"column":5}}],"line":912},"44":{"loc":{"start":{"line":1019,"column":4},"end":{"line":1019,"column":29}},"type":"default-arg","locations":[{"start":{"line":1019,"column":28},"end":{"line":1019,"column":29}}],"line":1019},"45":{"loc":{"start":{"line":1020,"column":4},"end":{"line":1020,"column":32}},"type":"default-arg","locations":[{"start":{"line":1020,"column":27},"end":{"line":1020,"column":32}}],"line":1020},"46":{"loc":{"start":{"line":1098,"column":58},"end":{"line":1098,"column":103}},"type":"binary-expr","locations":[{"start":{"line":1098,"column":58},"end":{"line":1098,"column":70}},{"start":{"line":1098,"column":74},"end":{"line":1098,"column":103}}],"line":1098},"47":{"loc":{"start":{"line":1136,"column":4},"end":{"line":1148,"column":5}},"type":"switch","locations":[{"start":{"line":1137,"column":6},"end":{"line":1139,"column":14}},{"start":{"line":1141,"column":6},"end":{"line":1143,"column":14}},{"start":{"line":1145,"column":6},"end":{"line":1147,"column":14}}],"line":1136},"48":{"loc":{"start":{"line":1154,"column":4},"end":{"line":1154,"column":38}},"type":"if","locations":[{"start":{"line":1154,"column":4},"end":{"line":1154,"column":38}},{"start":{},"end":{}}],"line":1154},"49":{"loc":{"start":{"line":1158,"column":6},"end":{"line":1163,"column":7}},"type":"if","locations":[{"start":{"line":1158,"column":6},"end":{"line":1163,"column":7}},{"start":{},"end":{}}],"line":1158},"50":{"loc":{"start":{"line":1158,"column":10},"end":{"line":1158,"column":29}},"type":"binary-expr","locations":[{"start":{"line":1158,"column":10},"end":{"line":1158,"column":22}},{"start":{"line":1158,"column":26},"end":{"line":1158,"column":29}}],"line":1158},"51":{"loc":{"start":{"line":1185,"column":4},"end":{"line":1191,"column":5}},"type":"if","locations":[{"start":{"line":1185,"column":4},"end":{"line":1191,"column":5}},{"start":{},"end":{}}],"line":1185},"52":{"loc":{"start":{"line":1223,"column":19},"end":{"line":1223,"column":60}},"type":"cond-expr","locations":[{"start":{"line":1223,"column":46},"end":{"line":1223,"column":56}},{"start":{"line":1223,"column":59},"end":{"line":1223,"column":60}}],"line":1223},"53":{"loc":{"start":{"line":1237,"column":4},"end":{"line":1237,"column":33}},"type":"if","locations":[{"start":{"line":1237,"column":4},"end":{"line":1237,"column":33}},{"start":{},"end":{}}],"line":1237},"54":{"loc":{"start":{"line":1272,"column":4},"end":{"line":1272,"column":93}},"type":"if","locations":[{"start":{"line":1272,"column":4},"end":{"line":1272,"column":93}},{"start":{},"end":{}}],"line":1272},"55":{"loc":{"start":{"line":1277,"column":4},"end":{"line":1278,"column":81}},"type":"if","locations":[{"start":{"line":1277,"column":4},"end":{"line":1278,"column":81}},{"start":{"line":1278,"column":9},"end":{"line":1278,"column":81}}],"line":1277},"56":{"loc":{"start":{"line":1277,"column":8},"end":{"line":1277,"column":50}},"type":"binary-expr","locations":[{"start":{"line":1277,"column":8},"end":{"line":1277,"column":29}},{"start":{"line":1277,"column":33},"end":{"line":1277,"column":50}}],"line":1277},"57":{"loc":{"start":{"line":1277,"column":59},"end":{"line":1277,"column":107}},"type":"binary-expr","locations":[{"start":{"line":1277,"column":59},"end":{"line":1277,"column":82}},{"start":{"line":1277,"column":86},"end":{"line":1277,"column":107}}],"line":1277},"58":{"loc":{"start":{"line":1278,"column":9},"end":{"line":1278,"column":81}},"type":"if","locations":[{"start":{"line":1278,"column":9},"end":{"line":1278,"column":81}},{"start":{},"end":{}}],"line":1278},"59":{"loc":{"start":{"line":1286,"column":24},"end":{"line":1286,"column":76}},"type":"binary-expr","locations":[{"start":{"line":1286,"column":24},"end":{"line":1286,"column":43}},{"start":{"line":1286,"column":47},"end":{"line":1286,"column":76}}],"line":1286},"60":{"loc":{"start":{"line":1306,"column":4},"end":{"line":1318,"column":5}},"type":"if","locations":[{"start":{"line":1306,"column":4},"end":{"line":1318,"column":5}},{"start":{"line":1316,"column":11},"end":{"line":1318,"column":5}}],"line":1306},"61":{"loc":{"start":{"line":1328,"column":6},"end":{"line":1330,"column":7}},"type":"if","locations":[{"start":{"line":1328,"column":6},"end":{"line":1330,"column":7}},{"start":{},"end":{}}],"line":1328},"62":{"loc":{"start":{"line":1339,"column":6},"end":{"line":1348,"column":7}},"type":"if","locations":[{"start":{"line":1339,"column":6},"end":{"line":1348,"column":7}},{"start":{},"end":{}}],"line":1339},"63":{"loc":{"start":{"line":1357,"column":4},"end":{"line":1360,"column":5}},"type":"if","locations":[{"start":{"line":1357,"column":4},"end":{"line":1360,"column":5}},{"start":{},"end":{}}],"line":1357},"64":{"loc":{"start":{"line":1366,"column":4},"end":{"line":1373,"column":5}},"type":"switch","locations":[{"start":{"line":1367,"column":6},"end":{"line":1369,"column":14}},{"start":{"line":1370,"column":6},"end":{"line":1372,"column":14}}],"line":1366},"65":{"loc":{"start":{"line":1382,"column":6},"end":{"line":1382,"column":81}},"type":"if","locations":[{"start":{"line":1382,"column":6},"end":{"line":1382,"column":81}},{"start":{},"end":{}}],"line":1382},"66":{"loc":{"start":{"line":1395,"column":6},"end":{"line":1401,"column":7}},"type":"if","locations":[{"start":{"line":1395,"column":6},"end":{"line":1401,"column":7}},{"start":{"line":1398,"column":13},"end":{"line":1401,"column":7}}],"line":1395},"67":{"loc":{"start":{"line":1415,"column":4},"end":{"line":1417,"column":37}},"type":"if","locations":[{"start":{"line":1415,"column":4},"end":{"line":1417,"column":37}},{"start":{"line":1417,"column":9},"end":{"line":1417,"column":37}}],"line":1415},"68":{"loc":{"start":{"line":1426,"column":6},"end":{"line":1426,"column":68}},"type":"if","locations":[{"start":{"line":1426,"column":6},"end":{"line":1426,"column":68}},{"start":{},"end":{}}],"line":1426}},"s":{"0":13,"1":28,"2":28,"3":28,"4":28,"5":28,"6":28,"7":28,"8":28,"9":28,"10":28,"11":28,"12":42,"13":42,"14":42,"15":42,"16":42,"17":42,"18":42,"19":42,"20":42,"21":0,"22":0,"23":0,"24":42,"25":102,"26":102,"27":41,"28":41,"29":41,"30":41,"31":37,"32":37,"33":37,"34":41,"35":37,"36":0,"37":0,"38":41,"39":61,"40":61,"41":15,"42":6,"43":42,"44":82,"45":7,"46":7,"47":7,"48":7,"49":7,"50":22,"51":22,"52":0,"53":22,"54":22,"55":22,"56":22,"57":22,"58":22,"59":22,"60":22,"61":22,"62":22,"63":22,"64":2,"65":2,"66":2,"67":0,"68":2,"69":2,"70":2,"71":2,"72":2,"73":2,"74":6,"75":6,"76":6,"77":6,"78":0,"79":0,"80":0,"81":0,"82":0,"83":6,"84":6,"85":0,"86":0,"87":3,"88":3,"89":0,"90":3,"91":3,"92":3,"93":5,"94":1,"95":1,"96":1,"97":4,"98":4,"99":1,"100":3,"101":2,"102":3,"103":3,"104":3,"105":4,"106":0,"107":4,"108":4,"109":3,"110":3,"111":3,"112":4,"113":0,"114":4,"115":4,"116":1,"117":3,"118":3,"119":3,"120":3,"121":3,"122":3,"123":3,"124":3,"125":0,"126":0,"127":0,"128":0,"129":0,"130":0,"131":4,"132":4,"133":4,"134":3,"135":3,"136":3,"137":21,"138":20,"139":0,"140":0,"141":0,"142":3,"143":3,"144":3,"145":3,"146":3,"147":3,"148":0,"149":3,"150":1,"151":1,"152":1,"153":0,"154":0,"155":7,"156":0,"157":7,"158":0,"159":7,"160":0,"161":7,"162":1,"163":6,"164":6,"165":6,"166":6,"167":6,"168":6,"169":6,"170":6,"171":0,"172":0,"173":0,"174":6,"175":6,"176":6,"177":42,"178":0,"179":0,"180":0,"181":0,"182":0,"183":0,"184":0,"185":0,"186":0,"187":0,"188":0,"189":0,"190":0,"191":0,"192":0,"193":0,"194":0,"195":0,"196":0,"197":0,"198":0,"199":0,"200":0,"201":0,"202":0,"203":0,"204":0,"205":0,"206":0,"207":0,"208":0,"209":0,"210":0,"211":0,"212":0,"213":0,"214":0,"215":0,"216":0,"217":0,"218":0,"219":0,"220":0,"221":0,"222":0,"223":0,"224":0,"225":0,"226":0,"227":0,"228":0,"229":0,"230":0,"231":0,"232":0,"233":0,"234":0,"235":0,"236":0,"237":0,"238":0,"239":0,"240":0,"241":0,"242":0,"243":0,"244":0,"245":0,"246":0,"247":0,"248":0,"249":0,"250":0,"251":0,"252":0,"253":0,"254":0,"255":0,"256":0,"257":0,"258":0,"259":0,"260":0,"261":0,"262":0,"263":0,"264":0,"265":0,"266":0,"267":0,"268":0,"269":0,"270":0,"271":0,"272":0,"273":0,"274":0,"275":0,"276":0,"277":0,"278":0,"279":0,"280":0,"281":0,"282":0,"283":0,"284":0,"285":0,"286":0,"287":0,"288":0,"289":0,"290":0,"291":0,"292":0,"293":0,"294":0,"295":42,"296":0,"297":0,"298":42,"299":0,"300":0,"301":0,"302":0,"303":0,"304":0,"305":0,"306":0,"307":0,"308":0,"309":0,"310":0,"311":42,"312":7,"313":7,"314":0,"315":7,"316":2,"317":2,"318":2,"319":0,"320":0,"321":0,"322":7,"323":42,"324":2,"325":2,"326":2,"327":42,"328":4,"329":3,"330":3,"331":3,"332":3,"333":3,"334":4,"335":6,"336":42,"337":15,"338":15,"339":42,"340":6,"341":6,"342":6,"343":6,"344":0,"345":0,"346":0,"347":42,"348":7,"349":0,"350":7,"351":7,"352":14,"353":14,"354":14,"355":0,"356":14,"357":7,"358":7,"359":7,"360":7,"361":7,"362":2,"363":7,"364":0,"365":7,"366":7,"367":7,"368":7,"369":7,"370":7,"371":0,"372":0,"373":42,"374":7,"375":7,"376":0,"377":7,"378":42,"379":0,"380":0,"381":0,"382":0,"383":0,"384":0,"385":0,"386":0,"387":0,"388":0,"389":0,"390":0,"391":0,"392":0,"393":0,"394":0,"395":42,"396":7,"397":7,"398":0,"399":7,"400":42,"401":5,"402":0,"403":42,"404":7,"405":7,"406":7,"407":7,"408":7,"409":7,"410":7,"411":0,"412":7,"413":0,"414":0,"415":7,"416":7,"417":42,"418":0,"419":0,"420":0,"421":0,"422":0,"423":0,"424":42,"425":7,"426":0,"427":0,"428":0,"429":42,"430":0,"431":42,"432":0,"433":0,"434":0,"435":42,"436":0,"437":0,"438":0,"439":0,"440":0,"441":0,"442":42,"443":6,"444":5,"445":5,"446":5,"447":5,"448":0,"449":5,"450":5,"451":5,"452":5,"453":42,"454":7,"455":7,"456":0,"457":0,"458":7,"459":7,"460":7,"461":7,"462":42,"463":43,"464":40,"465":3,"466":43,"467":42,"468":3,"469":3,"470":2,"471":3,"472":0,"473":0,"474":3,"475":42,"476":2,"477":2,"478":2,"479":2,"480":2,"481":2,"482":2,"483":42,"484":48,"485":42,"486":59,"487":22,"488":59},"f":{"0":28,"1":42,"2":0,"3":102,"4":37,"5":37,"6":0,"7":15,"8":6,"9":82,"10":22,"11":2,"12":2,"13":0,"14":0,"15":7,"16":0,"17":0,"18":0,"19":0,"20":0,"21":0,"22":0,"23":0,"24":0,"25":0,"26":0,"27":0,"28":0,"29":0,"30":0,"31":0,"32":0,"33":0,"34":0,"35":0,"36":0,"37":0,"38":0,"39":0,"40":0,"41":0,"42":0,"43":0,"44":0,"45":0,"46":0,"47":0,"48":0,"49":0,"50":0,"51":0,"52":0,"53":0,"54":0,"55":0,"56":7,"57":2,"58":0,"59":2,"60":4,"61":6,"62":15,"63":6,"64":0,"65":0,"66":7,"67":0,"68":14,"69":0,"70":7,"71":7,"72":0,"73":0,"74":0,"75":0,"76":7,"77":0,"78":5,"79":0,"80":7,"81":0,"82":0,"83":0,"84":7,"85":0,"86":0,"87":0,"88":0,"89":6,"90":5,"91":7,"92":7,"93":43,"94":3,"95":2,"96":0,"97":2,"98":2,"99":48,"100":59,"101":22},"b":{"0":[41,61],"1":[61,0],"2":[7,22,2,6,0,3,5,4,4,0,4,21,0,3,1,0],"3":[0,22],"4":[22,0],"5":[0,2],"6":[0,6],"7":[0,0],"8":[0,3],"9":[1,4],"10":[1,3],"11":[0,4],"12":[0,4],"13":[1,3],"14":[3,0],"15":[6],"16":[7],"17":[7],"18":[0,7],"19":[0,7],"20":[7,7],"21":[1,6],"22":[0,6],"23":[0,0],"24":[0,0],"25":[0,0],"26":[0,0],"27":[0,0],"28":[0,0],"29":[0,0],"30":[0,0],"31":[0,0],"32":[0,0],"33":[0,0],"34":[0,0],"35":[0,0],"36":[0,0],"37":[0,0],"38":[0,0],"39":[0,0],"40":[0,0],"41":[0,0],"42":[0,0],"43":[0,0],"44":[0],"45":[0],"46":[0,0],"47":[0,0,0],"48":[0,7],"49":[0,2],"50":[2,0],"51":[3,1],"52":[14,0],"53":[0,7],"54":[0,0],"55":[0,0],"56":[0,0],"57":[0,0],"58":[0,0],"59":[0,0],"60":[7,0],"61":[0,0],"62":[0,0],"63":[0,0],"64":[0,0],"65":[0,5],"66":[0,7],"67":[40,3],"68":[0,0]},"_coverageSchema":"1a1c01bbd47fc00a2c39e90264f33305004495a9","hash":"3e9b996c1ae462c0b23c4b3e6e9169f6b7ae3872"}
,"/Users/kamilstasiak/IdeaProjects/membrane-webrtc-js/test/fixtures.ts": {"path":"/Users/kamilstasiak/IdeaProjects/membrane-webrtc-js/test/fixtures.ts","statementMap":{"0":{"start":{"line":33,"column":26},"end":{"line":33,"column":45}},"1":{"start":{"line":34,"column":37},"end":{"line":34,"column":60}},"2":{"start":{"line":36,"column":23},"end":{"line":36,"column":39}},"3":{"start":{"line":37,"column":34},"end":{"line":37,"column":54}},"4":{"start":{"line":39,"column":25},"end":{"line":39,"column":68}},"5":{"start":{"line":40,"column":24},"end":{"line":40,"column":62}},"6":{"start":{"line":41,"column":22},"end":{"line":41,"column":43}},"7":{"start":{"line":43,"column":36},"end":{"line":49,"column":2}},"8":{"start":{"line":43,"column":50},"end":{"line":49,"column":1}},"9":{"start":{"line":51,"column":35},"end":{"line":58,"column":4}},"10":{"start":{"line":52,"column":2},"end":{"line":58,"column":4}},"11":{"start":{"line":60,"column":36},"end":{"line":70,"column":1}},"12":{"start":{"line":61,"column":13},"end":{"line":61,"column":70}},"13":{"start":{"line":63,"column":2},"end":{"line":69,"column":5}},"14":{"start":{"line":72,"column":43},"end":{"line":88,"column":4}},"15":{"start":{"line":77,"column":2},"end":{"line":88,"column":4}},"16":{"start":{"line":90,"column":46},"end":{"line":99,"column":4}},"17":{"start":{"line":91,"column":2},"end":{"line":99,"column":4}},"18":{"start":{"line":101,"column":48},"end":{"line":111,"column":4}},"19":{"start":{"line":102,"column":2},"end":{"line":111,"column":4}},"20":{"start":{"line":113,"column":39},"end":{"line":121,"column":4}},"21":{"start":{"line":114,"column":2},"end":{"line":121,"column":4}},"22":{"start":{"line":123,"column":35},"end":{"line":131,"column":4}},"23":{"start":{"line":124,"column":2},"end":{"line":131,"column":4}},"24":{"start":{"line":133,"column":37},"end":{"line":139,"column":4}},"25":{"start":{"line":134,"column":2},"end":{"line":139,"column":4}},"26":{"start":{"line":141,"column":51},"end":{"line":148,"column":1}},"27":{"start":{"line":145,"column":25},"end":{"line":145,"column":62}},"28":{"start":{"line":146,"column":2},"end":{"line":146,"column":73}},"29":{"start":{"line":147,"column":2},"end":{"line":147,"column":57}},"30":{"start":{"line":150,"column":63},"end":{"line":164,"column":1}},"31":{"start":{"line":155,"column":25},"end":{"line":155,"column":62}},"32":{"start":{"line":156,"column":2},"end":{"line":156,"column":79}},"33":{"start":{"line":158,"column":19},"end":{"line":158,"column":56}},"34":{"start":{"line":160,"column":2},"end":{"line":160,"column":52}},"35":{"start":{"line":161,"column":2},"end":{"line":161,"column":43}},"36":{"start":{"line":163,"column":2},"end":{"line":163,"column":57}},"37":{"start":{"line":166,"column":40},"end":{"line":178,"column":4}},"38":{"start":{"line":167,"column":2},"end":{"line":178,"column":4}},"39":{"start":{"line":180,"column":40},"end":{"line":187,"column":4}},"40":{"start":{"line":181,"column":2},"end":{"line":187,"column":4}},"41":{"start":{"line":189,"column":59},"end":{"line":210,"column":4}},"42":{"start":{"line":190,"column":2},"end":{"line":210,"column":4}},"43":{"start":{"line":212,"column":43},"end":{"line":233,"column":4}},"44":{"start":{"line":213,"column":2},"end":{"line":233,"column":4}},"45":{"start":{"line":235,"column":32},"end":{"line":280,"column":4}},"46":{"start":{"line":236,"column":2},"end":{"line":280,"column":4}},"47":{"start":{"line":282,"column":45},"end":{"line":326,"column":4}},"48":{"start":{"line":283,"column":2},"end":{"line":326,"column":4}},"49":{"start":{"line":328,"column":37},"end":{"line":335,"column":4}},"50":{"start":{"line":329,"column":2},"end":{"line":335,"column":4}}},"fnMap":{"0":{"name":"(anonymous_0)","decl":{"start":{"line":40,"column":53},"end":{"line":40,"column":54}},"loc":{"start":{"line":40,"column":59},"end":{"line":40,"column":61}},"line":40},"1":{"name":"(anonymous_1)","decl":{"start":{"line":43,"column":36},"end":{"line":43,"column":37}},"loc":{"start":{"line":43,"column":50},"end":{"line":49,"column":1}},"line":43},"2":{"name":"(anonymous_2)","decl":{"start":{"line":51,"column":35},"end":{"line":51,"column":36}},"loc":{"start":{"line":52,"column":2},"end":{"line":58,"column":4}},"line":52},"3":{"name":"(anonymous_3)","decl":{"start":{"line":60,"column":36},"end":{"line":60,"column":37}},"loc":{"start":{"line":60,"column":87},"end":{"line":70,"column":1}},"line":60},"4":{"name":"(anonymous_4)","decl":{"start":{"line":72,"column":43},"end":{"line":72,"column":44}},"loc":{"start":{"line":77,"column":2},"end":{"line":88,"column":4}},"line":77},"5":{"name":"(anonymous_5)","decl":{"start":{"line":90,"column":46},"end":{"line":90,"column":47}},"loc":{"start":{"line":91,"column":2},"end":{"line":99,"column":4}},"line":91},"6":{"name":"(anonymous_6)","decl":{"start":{"line":101,"column":48},"end":{"line":101,"column":49}},"loc":{"start":{"line":102,"column":2},"end":{"line":111,"column":4}},"line":102},"7":{"name":"(anonymous_7)","decl":{"start":{"line":113,"column":39},"end":{"line":113,"column":40}},"loc":{"start":{"line":114,"column":2},"end":{"line":121,"column":4}},"line":114},"8":{"name":"(anonymous_8)","decl":{"start":{"line":123,"column":35},"end":{"line":123,"column":36}},"loc":{"start":{"line":124,"column":2},"end":{"line":131,"column":4}},"line":124},"9":{"name":"(anonymous_9)","decl":{"start":{"line":133,"column":37},"end":{"line":133,"column":38}},"loc":{"start":{"line":134,"column":2},"end":{"line":139,"column":4}},"line":134},"10":{"name":"(anonymous_10)","decl":{"start":{"line":141,"column":51},"end":{"line":141,"column":52}},"loc":{"start":{"line":144,"column":26},"end":{"line":148,"column":1}},"line":144},"11":{"name":"(anonymous_11)","decl":{"start":{"line":150,"column":63},"end":{"line":150,"column":64}},"loc":{"start":{"line":154,"column":26},"end":{"line":164,"column":1}},"line":154},"12":{"name":"(anonymous_12)","decl":{"start":{"line":166,"column":40},"end":{"line":166,"column":41}},"loc":{"start":{"line":167,"column":2},"end":{"line":178,"column":4}},"line":167},"13":{"name":"(anonymous_13)","decl":{"start":{"line":180,"column":40},"end":{"line":180,"column":41}},"loc":{"start":{"line":181,"column":2},"end":{"line":187,"column":4}},"line":181},"14":{"name":"(anonymous_14)","decl":{"start":{"line":189,"column":59},"end":{"line":189,"column":60}},"loc":{"start":{"line":190,"column":2},"end":{"line":210,"column":4}},"line":190},"15":{"name":"(anonymous_15)","decl":{"start":{"line":212,"column":43},"end":{"line":212,"column":44}},"loc":{"start":{"line":213,"column":2},"end":{"line":233,"column":4}},"line":213},"16":{"name":"(anonymous_16)","decl":{"start":{"line":235,"column":32},"end":{"line":235,"column":33}},"loc":{"start":{"line":236,"column":2},"end":{"line":280,"column":4}},"line":236},"17":{"name":"(anonymous_17)","decl":{"start":{"line":282,"column":45},"end":{"line":282,"column":46}},"loc":{"start":{"line":283,"column":2},"end":{"line":326,"column":4}},"line":283},"18":{"name":"(anonymous_18)","decl":{"start":{"line":328,"column":37},"end":{"line":328,"column":38}},"loc":{"start":{"line":329,"column":2},"end":{"line":335,"column":4}},"line":329}},"branchMap":{"0":{"loc":{"start":{"line":53,"column":8},"end":{"line":53,"column":60}},"type":"binary-expr","locations":[{"start":{"line":53,"column":8},"end":{"line":53,"column":18}},{"start":{"line":53,"column":22},"end":{"line":53,"column":60}}],"line":53},"1":{"loc":{"start":{"line":61,"column":13},"end":{"line":61,"column":70}},"type":"binary-expr","locations":[{"start":{"line":61,"column":13},"end":{"line":61,"column":28}},{"start":{"line":61,"column":32},"end":{"line":61,"column":70}}],"line":61}},"s":{"0":13,"1":13,"2":13,"3":13,"4":13,"5":13,"6":13,"7":13,"8":41,"9":13,"10":39,"11":13,"12":43,"13":43,"14":13,"15":4,"16":13,"17":1,"18":13,"19":3,"20":13,"21":4,"22":13,"23":3,"24":13,"25":5,"26":13,"27":19,"28":19,"29":19,"30":13,"31":19,"32":19,"33":19,"34":19,"35":19,"36":19,"37":13,"38":22,"39":13,"40":2,"41":13,"42":2,"43":13,"44":5,"45":13,"46":1,"47":13,"48":5,"49":13,"50":4},"f":{"0":13,"1":41,"2":39,"3":43,"4":4,"5":1,"6":3,"7":4,"8":3,"9":5,"10":19,"11":19,"12":22,"13":2,"14":2,"15":5,"16":1,"17":5,"18":4},"b":{"0":[39,14],"1":[43,42]},"_coverageSchema":"1a1c01bbd47fc00a2c39e90264f33305004495a9","hash":"bb4a28e7e916b3d449bd2ef7061f9051220b23c8"}
,"/Users/kamilstasiak/IdeaProjects/membrane-webrtc-js/test/mocks.ts": {"path":"/Users/kamilstasiak/IdeaProjects/membrane-webrtc-js/test/mocks.ts","statementMap":{"0":{"start":{"line":3,"column":37},"end":{"line":85,"column":1}},"1":{"start":{"line":7,"column":62},"end":{"line":7,"column":100}},"2":{"start":{"line":7,"column":95},"end":{"line":7,"column":99}},"3":{"start":{"line":9,"column":2},"end":{"line":62,"column":5}},"4":{"start":{"line":10,"column":46},"end":{"line":10,"column":48}},"5":{"start":{"line":11,"column":36},"end":{"line":11,"column":38}},"6":{"start":{"line":13,"column":38},"end":{"line":60,"column":5}},"7":{"start":{"line":15,"column":8},"end":{"line":15,"column":28}},"8":{"start":{"line":18,"column":8},"end":{"line":18,"column":50}},"9":{"start":{"line":20,"column":28},"end":{"line":20,"column":30}},"10":{"start":{"line":21,"column":8},"end":{"line":25,"column":10}},"11":{"start":{"line":23,"column":56},"end":{"line":23,"column":60}},"12":{"start":{"line":24,"column":10},"end":{"line":24,"column":66}},"13":{"start":{"line":27,"column":8},"end":{"line":29,"column":9}},"14":{"start":{"line":28,"column":10},"end":{"line":28,"column":37}},"15":{"start":{"line":31,"column":8},"end":{"line":31,"column":29}},"16":{"start":{"line":34,"column":47},"end":{"line":42,"column":9}},"17":{"start":{"line":43,"column":8},"end":{"line":43,"column":39}},"18":{"start":{"line":45,"column":8},"end":{"line":45,"column":27}},"19":{"start":{"line":51,"column":8},"end":{"line":53,"column":11}},"20":{"start":{"line":52,"column":10},"end":{"line":52,"column":46}},"21":{"start":{"line":58,"column":8},"end":{"line":58,"column":23}},"22":{"start":{"line":61,"column":4},"end":{"line":61,"column":18}},"23":{"start":{"line":64,"column":2},"end":{"line":78,"column":5}},"24":{"start":{"line":65,"column":38},"end":{"line":75,"column":5}},"25":{"start":{"line":77,"column":4},"end":{"line":77,"column":18}},"26":{"start":{"line":80,"column":21},"end":{"line":82,"column":3}},"27":{"start":{"line":81,"column":4},"end":{"line":81,"column":50}},"28":{"start":{"line":84,"column":2},"end":{"line":84,"column":48}}},"fnMap":{"0":{"name":"(anonymous_0)","decl":{"start":{"line":3,"column":37},"end":{"line":3,"column":38}},"loc":{"start":{"line":6,"column":5},"end":{"line":85,"column":1}},"line":6},"1":{"name":"(anonymous_1)","decl":{"start":{"line":7,"column":70},"end":{"line":7,"column":71}},"loc":{"start":{"line":7,"column":95},"end":{"line":7,"column":99}},"line":7},"2":{"name":"(anonymous_2)","decl":{"start":{"line":9,"column":67},"end":{"line":9,"column":68}},"loc":{"start":{"line":9,"column":73},"end":{"line":62,"column":3}},"line":9},"3":{"name":"(anonymous_3)","decl":{"start":{"line":14,"column":23},"end":{"line":14,"column":24}},"loc":{"start":{"line":14,"column":29},"end":{"line":16,"column":7}},"line":14},"4":{"name":"(anonymous_4)","decl":{"start":{"line":17,"column":22},"end":{"line":17,"column":23}},"loc":{"start":{"line":17,"column":115},"end":{"line":46,"column":7}},"line":17},"5":{"name":"(anonymous_5)","decl":{"start":{"line":21,"column":31},"end":{"line":21,"column":32}},"loc":{"start":{"line":21,"column":37},"end":{"line":25,"column":9}},"line":21},"6":{"name":"(anonymous_6)","decl":{"start":{"line":40,"column":31},"end":{"line":40,"column":32}},"loc":{"start":{"line":40,"column":69},"end":{"line":40,"column":71}},"line":40},"7":{"name":"(anonymous_7)","decl":{"start":{"line":41,"column":16},"end":{"line":41,"column":17}},"loc":{"start":{"line":41,"column":22},"end":{"line":41,"column":24}},"line":41},"8":{"name":"(anonymous_8)","decl":{"start":{"line":48,"column":19},"end":{"line":48,"column":20}},"loc":{"start":{"line":48,"column":86},"end":{"line":54,"column":7}},"line":48},"9":{"name":"(anonymous_9)","decl":{"start":{"line":51,"column":54},"end":{"line":51,"column":55}},"loc":{"start":{"line":51,"column":75},"end":{"line":53,"column":9}},"line":51},"10":{"name":"(anonymous_10)","decl":{"start":{"line":55,"column":27},"end":{"line":55,"column":28}},"loc":{"start":{"line":55,"column":99},"end":{"line":55,"column":101}},"line":55},"11":{"name":"(anonymous_11)","decl":{"start":{"line":56,"column":28},"end":{"line":56,"column":29}},"loc":{"start":{"line":56,"column":94},"end":{"line":56,"column":96}},"line":56},"12":{"name":"(anonymous_12)","decl":{"start":{"line":57,"column":18},"end":{"line":57,"column":19}},"loc":{"start":{"line":57,"column":40},"end":{"line":59,"column":7}},"line":57},"13":{"name":"(anonymous_13)","decl":{"start":{"line":64,"column":67},"end":{"line":64,"column":68}},"loc":{"start":{"line":64,"column":73},"end":{"line":78,"column":3}},"line":64},"14":{"name":"(anonymous_14)","decl":{"start":{"line":73,"column":6},"end":{"line":73,"column":7}},"loc":{"start":{"line":73,"column":65},"end":{"line":73,"column":67}},"line":73},"15":{"name":"(anonymous_15)","decl":{"start":{"line":74,"column":6},"end":{"line":74,"column":7}},"loc":{"start":{"line":74,"column":19},"end":{"line":74,"column":21}},"line":74},"16":{"name":"(anonymous_16)","decl":{"start":{"line":80,"column":21},"end":{"line":80,"column":22}},"loc":{"start":{"line":80,"column":44},"end":{"line":82,"column":3}},"line":80}},"branchMap":{"0":{"loc":{"start":{"line":27,"column":8},"end":{"line":29,"column":9}},"type":"if","locations":[{"start":{"line":27,"column":8},"end":{"line":29,"column":9}},{"start":{},"end":{}}],"line":27},"1":{"loc":{"start":{"line":36,"column":21},"end":{"line":36,"column":50}},"type":"binary-expr","locations":[{"start":{"line":36,"column":21},"end":{"line":36,"column":36}},{"start":{"line":36,"column":40},"end":{"line":36,"column":50}}],"line":36}},"s":{"0":12,"1":25,"2":2,"3":25,"4":7,"5":7,"6":7,"7":22,"8":2,"9":2,"10":2,"11":0,"12":0,"13":2,"14":0,"15":2,"16":2,"17":2,"18":2,"19":7,"20":7,"21":0,"22":7,"23":25,"24":5,"25":5,"26":25,"27":0,"28":25},"f":{"0":25,"1":2,"2":7,"3":22,"4":2,"5":0,"6":0,"7":0,"8":7,"9":7,"10":7,"11":6,"12":0,"13":5,"14":0,"15":0,"16":0},"b":{"0":[0,2],"1":[2,0]},"_coverageSchema":"1a1c01bbd47fc00a2c39e90264f33305004495a9","hash":"70209e2ac9f3a0e002828186bd80e7344a2bec6c"}
,"/Users/kamilstasiak/IdeaProjects/membrane-webrtc-js/test/schema.ts": {"path":"/Users/kamilstasiak/IdeaProjects/membrane-webrtc-js/test/schema.ts","statementMap":{"0":{"start":{"line":3,"column":39},"end":{"line":3,"column":56}},"1":{"start":{"line":7,"column":27},"end":{"line":13,"column":2}},"2":{"start":{"line":17,"column":30},"end":{"line":23,"column":2}},"3":{"start":{"line":27,"column":41},"end":{"line":33,"column":2}},"4":{"start":{"line":37,"column":43},"end":{"line":44,"column":2}},"5":{"start":{"line":48,"column":40},"end":{"line":54,"column":2}},"6":{"start":{"line":58,"column":42},"end":{"line":78,"column":2}},"7":{"start":{"line":82,"column":46},"end":{"line":92,"column":2}},"8":{"start":{"line":96,"column":46},"end":{"line":103,"column":2}},"9":{"start":{"line":107,"column":42},"end":{"line":112,"column":2}},"10":{"start":{"line":116,"column":48},"end":{"line":122,"column":2}},"11":{"start":{"line":126,"column":49},"end":{"line":137,"column":2}},"12":{"start":{"line":141,"column":52},"end":{"line":149,"column":2}},"13":{"start":{"line":153,"column":48},"end":{"line":162,"column":2}},"14":{"start":{"line":166,"column":39},"end":{"line":173,"column":2}}},"fnMap":{},"branchMap":{},"s":{"0":13,"1":13,"2":13,"3":13,"4":13,"5":13,"6":13,"7":13,"8":13,"9":13,"10":13,"11":13,"12":13,"13":13,"14":13},"f":{},"b":{},"_coverageSchema":"1a1c01bbd47fc00a2c39e90264f33305004495a9","hash":"1ff1a4047b5d1b7af40525c66a02ca5f972cf5d3"}
,"/Users/kamilstasiak/IdeaProjects/membrane-webrtc-js/test/utils.ts": {"path":"/Users/kamilstasiak/IdeaProjects/membrane-webrtc-js/test/utils.ts","statementMap":{"0":{"start":{"line":10,"column":25},"end":{"line":19,"column":1}},"1":{"start":{"line":11,"column":25},"end":{"line":11,"column":93}},"2":{"start":{"line":12,"column":2},"end":{"line":12,"column":67}},"3":{"start":{"line":17,"column":24},"end":{"line":17,"column":69}},"4":{"start":{"line":18,"column":2},"end":{"line":18,"column":66}},"5":{"start":{"line":42,"column":14},"end":{"line":42,"column":85}},"6":{"start":{"line":42,"column":36},"end":{"line":42,"column":85}},"7":{"start":{"line":42,"column":61},"end":{"line":42,"column":84}},"8":{"start":{"line":45,"column":34},"end":{"line":65,"column":1}},"9":{"start":{"line":46,"column":2},"end":{"line":46,"column":26}},"10":{"start":{"line":48,"column":2},"end":{"line":48,"column":48}},"11":{"start":{"line":50,"column":2},"end":{"line":50,"column":82}},"12":{"start":{"line":51,"column":2},"end":{"line":51,"column":91}},"13":{"start":{"line":53,"column":21},"end":{"line":53,"column":50}},"14":{"start":{"line":54,"column":22},"end":{"line":54,"column":45}},"15":{"start":{"line":57,"column":39},"end":{"line":60,"column":3}},"16":{"start":{"line":62,"column":2},"end":{"line":62,"column":36}},"17":{"start":{"line":64,"column":2},"end":{"line":64,"column":44}},"18":{"start":{"line":64,"column":34},"end":{"line":64,"column":43}}},"fnMap":{"0":{"name":"(anonymous_0)","decl":{"start":{"line":10,"column":25},"end":{"line":10,"column":26}},"loc":{"start":{"line":10,"column":104},"end":{"line":19,"column":1}},"line":10},"1":{"name":"(anonymous_1)","decl":{"start":{"line":42,"column":14},"end":{"line":42,"column":15}},"loc":{"start":{"line":42,"column":36},"end":{"line":42,"column":85}},"line":42},"2":{"name":"(anonymous_2)","decl":{"start":{"line":42,"column":48},"end":{"line":42,"column":49}},"loc":{"start":{"line":42,"column":61},"end":{"line":42,"column":84}},"line":42},"3":{"name":"(anonymous_3)","decl":{"start":{"line":45,"column":34},"end":{"line":45,"column":35}},"loc":{"start":{"line":45,"column":128},"end":{"line":65,"column":1}},"line":45},"4":{"name":"(anonymous_4)","decl":{"start":{"line":64,"column":21},"end":{"line":64,"column":22}},"loc":{"start":{"line":64,"column":34},"end":{"line":64,"column":43}},"line":64}},"branchMap":{},"s":{"0":8,"1":19,"2":19,"3":19,"4":19,"5":8,"6":0,"7":0,"8":8,"9":5,"10":5,"11":5,"12":5,"13":5,"14":5,"15":5,"16":5,"17":5,"18":5},"f":{"0":19,"1":0,"2":0,"3":5,"4":5},"b":{},"_coverageSchema":"1a1c01bbd47fc00a2c39e90264f33305004495a9","hash":"a071987869b396c3bcc0441a1bd6307ee6e3e214"}
}
