{
  "/Users/kamilstasiak/IdeaProjects/membrane-webrtc-js/src/const.ts": {
    "path": "/Users/kamilstasiak/IdeaProjects/membrane-webrtc-js/src/const.ts",
    "statementMap": {
      "0": { "start": { "line": 4, "column": 65 }, "end": { "line": 29, "column": 1 } },
      "1": { "start": { "line": 31, "column": 81 }, "end": { "line": 31, "column": 116 } },
      "2": { "start": { "line": 35, "column": 4 }, "end": { "line": 39, "column": 1 } }
    },
    "fnMap": {},
    "branchMap": {},
    "s": { "0": 9, "1": 9, "2": 9 },
    "f": {},
    "b": {},
    "_coverageSchema": "1a1c01bbd47fc00a2c39e90264f33305004495a9",
    "hash": "d349421ad22740e3150a1edd7fe90b042a0975de"
  },
  "/Users/kamilstasiak/IdeaProjects/membrane-webrtc-js/src/mediaEvent.ts": {
    "path": "/Users/kamilstasiak/IdeaProjects/membrane-webrtc-js/src/mediaEvent.ts",
    "statementMap": {
      "0": { "start": { "line": 10, "column": 2 }, "end": { "line": 10, "column": 36 } },
      "1": { "start": { "line": 14, "column": 2 }, "end": { "line": 14, "column": 56 } },
      "2": { "start": { "line": 18, "column": 26 }, "end": { "line": 18, "column": 34 } },
      "3": { "start": { "line": 19, "column": 2 }, "end": { "line": 21, "column": 3 } },
      "4": { "start": { "line": 20, "column": 4 }, "end": { "line": 20, "column": 31 } },
      "5": { "start": { "line": 22, "column": 2 }, "end": { "line": 22, "column": 15 } },
      "6": { "start": { "line": 26, "column": 2 }, "end": { "line": 26, "column": 44 } }
    },
    "fnMap": {
      "0": {
        "name": "serializeMediaEvent",
        "decl": { "start": { "line": 9, "column": 16 }, "end": { "line": 9, "column": 35 } },
        "loc": { "start": { "line": 9, "column": 82 }, "end": { "line": 11, "column": 1 } },
        "line": 9
      },
      "1": {
        "name": "deserializeMediaEvent",
        "decl": { "start": { "line": 13, "column": 16 }, "end": { "line": 13, "column": 37 } },
        "loc": { "start": { "line": 13, "column": 94 }, "end": { "line": 15, "column": 1 } },
        "line": 13
      },
      "2": {
        "name": "generateMediaEvent",
        "decl": { "start": { "line": 17, "column": 16 }, "end": { "line": 17, "column": 34 } },
        "loc": { "start": { "line": 17, "column": 73 }, "end": { "line": 23, "column": 1 } },
        "line": 17
      },
      "3": {
        "name": "generateCustomEvent",
        "decl": { "start": { "line": 25, "column": 16 }, "end": { "line": 25, "column": 35 } },
        "loc": { "start": { "line": 25, "column": 60 }, "end": { "line": 27, "column": 1 } },
        "line": 25
      }
    },
    "branchMap": {
      "0": {
        "loc": { "start": { "line": 19, "column": 2 }, "end": { "line": 21, "column": 3 } },
        "type": "if",
        "locations": [
          { "start": { "line": 19, "column": 2 }, "end": { "line": 21, "column": 3 } },
          { "start": {}, "end": {} }
        ],
        "line": 19
      }
    },
    "s": { "0": 8, "1": 59, "2": 8, "3": 8, "4": 8, "5": 8, "6": 8 },
    "f": { "0": 8, "1": 59, "2": 8, "3": 8 },
    "b": { "0": [8, 0] },
    "_coverageSchema": "1a1c01bbd47fc00a2c39e90264f33305004495a9",
    "hash": "7bc8a47d91adf49e94b4c9c1513d84bc052ba032"
  },
  "/Users/kamilstasiak/IdeaProjects/membrane-webrtc-js/src/webRTCEndpoint.ts": {
    "path": "/Users/kamilstasiak/IdeaProjects/membrane-webrtc-js/src/webRTCEndpoint.ts",
    "statementMap": {
      "0": { "start": { "line": 44, "column": 20 }, "end": { "line": 44, "column": 50 } },
      "1": { "start": { "line": 172, "column": 35 }, "end": { "line": 172, "column": 39 } },
      "2": { "start": { "line": 173, "column": 31 }, "end": { "line": 173, "column": 35 } },
      "3": { "start": { "line": 176, "column": 38 }, "end": { "line": 176, "column": 39 } },
      "4": { "start": { "line": 179, "column": 25 }, "end": { "line": 179, "column": 34 } },
      "5": { "start": { "line": 180, "column": 46 }, "end": { "line": 180, "column": 56 } },
      "6": { "start": { "line": 184, "column": 35 }, "end": { "line": 184, "column": 40 } },
      "7": { "start": { "line": 187, "column": 4 }, "end": { "line": 187, "column": 12 } },
      "8": { "start": { "line": 188, "column": 4 }, "end": { "line": 188, "column": 29 } },
      "9": { "start": { "line": 189, "column": 4 }, "end": { "line": 189, "column": 27 } },
      "10": { "start": { "line": 190, "column": 4 }, "end": { "line": 190, "column": 29 } },
      "11": { "start": { "line": 191, "column": 4 }, "end": { "line": 191, "column": 43 } },
      "12": { "start": { "line": 296, "column": 58 }, "end": { "line": 296, "column": 67 } },
      "13": { "start": { "line": 298, "column": 48 }, "end": { "line": 298, "column": 57 } },
      "14": { "start": { "line": 299, "column": 36 }, "end": { "line": 304, "column": 3 } },
      "15": { "start": { "line": 305, "column": 63 }, "end": { "line": 305, "column": 72 } },
      "16": { "start": { "line": 306, "column": 46 }, "end": { "line": 306, "column": 55 } },
      "17": { "start": { "line": 307, "column": 65 }, "end": { "line": 307, "column": 74 } },
      "18": { "start": { "line": 308, "column": 40 }, "end": { "line": 312, "column": 3 } },
      "19": { "start": { "line": 315, "column": 4 }, "end": { "line": 315, "column": 12 } },
      "20": { "start": { "line": 331, "column": 19 }, "end": { "line": 337, "column": 3 } },
      "21": { "start": { "line": 332, "column": 4 }, "end": { "line": 332, "column": 43 } },
      "22": { "start": { "line": 333, "column": 23 }, "end": { "line": 335, "column": 6 } },
      "23": { "start": { "line": 336, "column": 4 }, "end": { "line": 336, "column": 36 } },
      "24": { "start": { "line": 355, "column": 29 }, "end": { "line": 388, "column": 3 } },
      "25": { "start": { "line": 356, "column": 35 }, "end": { "line": 356, "column": 68 } },
      "26": { "start": { "line": 357, "column": 4 }, "end": { "line": 387, "column": 5 } },
      "27": { "start": { "line": 359, "column": 8 }, "end": { "line": 359, "column": 63 } },
      "28": { "start": { "line": 361, "column": 8 }, "end": { "line": 361, "column": 107 } },
      "29": { "start": { "line": 363, "column": 33 }, "end": { "line": 363, "column": 75 } },
      "30": { "start": { "line": 364, "column": 43 }, "end": { "line": 374, "column": 10 } },
      "31": { "start": { "line": 366, "column": 50 }, "end": { "line": 366, "column": 87 } },
      "32": { "start": { "line": 368, "column": 25 }, "end": { "line": 368, "column": 93 } },
      "33": { "start": { "line": 369, "column": 10 }, "end": { "line": 369, "column": 35 } },
      "34": { "start": { "line": 372, "column": 10 }, "end": { "line": 372, "column": 37 } },
      "35": { "start": { "line": 373, "column": 10 }, "end": { "line": 373, "column": 26 } },
      "36": { "start": { "line": 376, "column": 8 }, "end": { "line": 382, "column": 11 } },
      "37": { "start": { "line": 377, "column": 10 }, "end": { "line": 381, "column": 13 } },
      "38": { "start": { "line": 378, "column": 12 }, "end": { "line": 378, "column": 50 } },
      "39": { "start": { "line": 380, "column": 12 }, "end": { "line": 380, "column": 41 } },
      "40": { "start": { "line": 383, "column": 8 }, "end": { "line": 383, "column": 14 } },
      "41": { "start": { "line": 386, "column": 8 }, "end": { "line": 386, "column": 89 } },
      "42": { "start": { "line": 386, "column": 43 }, "end": { "line": 386, "column": 89 } },
      "43": { "start": { "line": 399, "column": 4 }, "end": { "line": 399, "column": 61 } },
      "44": { "start": { "line": 411, "column": 4 }, "end": { "line": 411, "column": 59 } },
      "45": { "start": { "line": 414, "column": 29 }, "end": { "line": 599, "column": 3 } },
      "46": { "start": { "line": 417, "column": 4 }, "end": { "line": 598, "column": 5 } },
      "47": { "start": { "line": 419, "column": 28 }, "end": { "line": 419, "column": 77 } },
      "48": { "start": { "line": 420, "column": 8 }, "end": { "line": 420, "column": 35 } },
      "49": { "start": { "line": 422, "column": 26 }, "end": { "line": 422, "column": 106 } },
      "50": { "start": { "line": 424, "column": 8 }, "end": { "line": 424, "column": 36 } },
      "51": { "start": { "line": 425, "column": 8 }, "end": { "line": 425, "column": 14 } },
      "52": { "start": { "line": 428, "column": 8 }, "end": { "line": 428, "column": 43 } },
      "53": { "start": { "line": 429, "column": 8 }, "end": { "line": 429, "column": 61 } },
      "54": { "start": { "line": 429, "column": 54 }, "end": { "line": 429, "column": 61 } },
      "55": { "start": { "line": 430, "column": 8 }, "end": { "line": 430, "column": 72 } },
      "56": { "start": { "line": 431, "column": 8 }, "end": { "line": 431, "column": 59 } },
      "57": { "start": { "line": 432, "column": 26 }, "end": { "line": 432, "column": 41 } },
      "58": { "start": { "line": 434, "column": 8 }, "end": { "line": 434, "column": 88 } },
      "59": { "start": { "line": 436, "column": 8 }, "end": { "line": 436, "column": 72 } },
      "60": { "start": { "line": 438, "column": 8 }, "end": { "line": 438, "column": 53 } },
      "61": { "start": { "line": 439, "column": 8 }, "end": { "line": 445, "column": 11 } },
      "62": { "start": { "line": 440, "column": 10 }, "end": { "line": 444, "column": 11 } },
      "63": { "start": { "line": 441, "column": 12 }, "end": { "line": 441, "column": 50 } },
      "64": { "start": { "line": 443, "column": 12 }, "end": { "line": 443, "column": 41 } },
      "65": { "start": { "line": 446, "column": 8 }, "end": { "line": 446, "column": 14 } },
      "66": { "start": { "line": 449, "column": 8 }, "end": { "line": 449, "column": 43 } },
      "67": { "start": { "line": 450, "column": 27 }, "end": { "line": 450, "column": 42 } },
      "68": { "start": { "line": 451, "column": 8 }, "end": { "line": 451, "column": 56 } },
      "69": { "start": { "line": 451, "column": 49 }, "end": { "line": 451, "column": 56 } },
      "70": { "start": { "line": 452, "column": 25 }, "end": { "line": 452, "column": 50 } },
      "71": { "start": { "line": 453, "column": 8 }, "end": { "line": 459, "column": 11 } },
      "72": { "start": { "line": 454, "column": 31 }, "end": { "line": 454, "column": 64 } },
      "73": { "start": { "line": 456, "column": 10 }, "end": { "line": 456, "column": 50 } },
      "74": { "start": { "line": 458, "column": 10 }, "end": { "line": 458, "column": 47 } },
      "75": { "start": { "line": 460, "column": 8 }, "end": { "line": 460, "column": 14 } },
      "76": { "start": { "line": 464, "column": 8 }, "end": { "line": 464, "column": 94 } },
      "77": { "start": { "line": 466, "column": 8 }, "end": { "line": 482, "column": 9 } },
      "78": { "start": { "line": 467, "column": 24 }, "end": { "line": 467, "column": 71 } },
      "79": { "start": { "line": 469, "column": 10 }, "end": { "line": 481, "column": 11 } },
      "80": { "start": { "line": 470, "column": 12 }, "end": { "line": 470, "column": 45 } },
      "81": { "start": { "line": 472, "column": 12 }, "end": { "line": 478, "column": 13 } },
      "82": { "start": { "line": 473, "column": 33 }, "end": { "line": 476, "column": 16 } },
      "83": { "start": { "line": 477, "column": 14 }, "end": { "line": 477, "column": 46 } },
      "84": { "start": { "line": 480, "column": 12 }, "end": { "line": 480, "column": 48 } },
      "85": { "start": { "line": 484, "column": 8 }, "end": { "line": 484, "column": 51 } },
      "86": { "start": { "line": 485, "column": 8 }, "end": { "line": 485, "column": 14 } },
      "87": { "start": { "line": 488, "column": 8 }, "end": { "line": 488, "column": 60 } },
      "88": { "start": { "line": 489, "column": 8 }, "end": { "line": 489, "column": 14 } },
      "89": { "start": { "line": 492, "column": 8 }, "end": { "line": 492, "column": 47 } },
      "90": { "start": { "line": 493, "column": 8 }, "end": { "line": 493, "column": 57 } },
      "91": { "start": { "line": 493, "column": 50 }, "end": { "line": 493, "column": 57 } },
      "92": { "start": { "line": 494, "column": 8 }, "end": { "line": 494, "column": 35 } },
      "93": { "start": { "line": 496, "column": 8 }, "end": { "line": 496, "column": 45 } },
      "94": { "start": { "line": 497, "column": 8 }, "end": { "line": 497, "column": 14 } },
      "95": { "start": { "line": 500, "column": 8 }, "end": { "line": 504, "column": 9 } },
      "96": { "start": { "line": 501, "column": 10 }, "end": { "line": 501, "column": 25 } },
      "97": { "start": { "line": 502, "column": 10 }, "end": { "line": 502, "column": 36 } },
      "98": { "start": { "line": 503, "column": 10 }, "end": { "line": 503, "column": 17 } },
      "99": { "start": { "line": 506, "column": 8 }, "end": { "line": 506, "column": 74 } },
      "100": { "start": { "line": 507, "column": 8 }, "end": { "line": 507, "column": 43 } },
      "101": { "start": { "line": 507, "column": 36 }, "end": { "line": 507, "column": 43 } },
      "102": { "start": { "line": 509, "column": 8 }, "end": { "line": 511, "column": 11 } },
      "103": { "start": { "line": 510, "column": 10 }, "end": { "line": 510, "column": 71 } },
      "104": { "start": { "line": 513, "column": 8 }, "end": { "line": 513, "column": 37 } },
      "105": { "start": { "line": 515, "column": 8 }, "end": { "line": 515, "column": 47 } },
      "106": { "start": { "line": 516, "column": 8 }, "end": { "line": 516, "column": 14 } },
      "107": { "start": { "line": 519, "column": 8 }, "end": { "line": 519, "column": 76 } },
      "108": { "start": { "line": 519, "column": 69 }, "end": { "line": 519, "column": 76 } },
      "109": { "start": { "line": 520, "column": 8 }, "end": { "line": 520, "column": 74 } },
      "110": { "start": { "line": 521, "column": 8 }, "end": { "line": 521, "column": 65 } },
      "111": { "start": { "line": 522, "column": 8 }, "end": { "line": 522, "column": 35 } },
      "112": { "start": { "line": 524, "column": 8 }, "end": { "line": 524, "column": 47 } },
      "113": { "start": { "line": 525, "column": 8 }, "end": { "line": 525, "column": 14 } },
      "114": { "start": { "line": 528, "column": 8 }, "end": { "line": 528, "column": 84 } },
      "115": { "start": { "line": 528, "column": 77 }, "end": { "line": 528, "column": 84 } },
      "116": { "start": { "line": 530, "column": 8 }, "end": { "line": 530, "column": 82 } },
      "117": { "start": { "line": 531, "column": 8 }, "end": { "line": 531, "column": 112 } },
      "118": { "start": { "line": 531, "column": 30 }, "end": { "line": 531, "column": 112 } },
      "119": { "start": { "line": 533, "column": 24 }, "end": { "line": 533, "column": 59 } },
      "120": { "start": { "line": 534, "column": 30 }, "end": { "line": 534, "column": 66 } },
      "121": { "start": { "line": 535, "column": 26 }, "end": { "line": 535, "column": 55 } },
      "122": { "start": { "line": 536, "column": 8 }, "end": { "line": 536, "column": 80 } },
      "123": { "start": { "line": 537, "column": 29 }, "end": { "line": 537, "column": 62 } },
      "124": { "start": { "line": 538, "column": 8 }, "end": { "line": 538, "column": 46 } },
      "125": { "start": { "line": 540, "column": 8 }, "end": { "line": 540, "column": 48 } },
      "126": { "start": { "line": 541, "column": 8 }, "end": { "line": 541, "column": 14 } },
      "127": { "start": { "line": 545, "column": 30 }, "end": { "line": 547, "column": 9 } },
      "128": { "start": { "line": 546, "column": 23 }, "end": { "line": 546, "column": 56 } },
      "129": { "start": { "line": 549, "column": 31 }, "end": { "line": 551, "column": 9 } },
      "130": { "start": { "line": 550, "column": 21 }, "end": { "line": 550, "column": 51 } },
      "131": { "start": { "line": 553, "column": 8 }, "end": { "line": 553, "column": 74 } },
      "132": { "start": { "line": 554, "column": 8 }, "end": { "line": 554, "column": 14 } },
      "133": { "start": { "line": 557, "column": 24 }, "end": { "line": 557, "column": 59 } },
      "134": { "start": { "line": 558, "column": 29 }, "end": { "line": 558, "column": 62 } },
      "135": { "start": { "line": 559, "column": 8 }, "end": { "line": 559, "column": 69 } },
      "136": { "start": { "line": 560, "column": 8 }, "end": { "line": 560, "column": 73 } },
      "137": { "start": { "line": 562, "column": 8 }, "end": { "line": 562, "column": 59 } },
      "138": { "start": { "line": 563, "column": 8 }, "end": { "line": 563, "column": 14 } },
      "139": { "start": { "line": 566, "column": 8 }, "end": { "line": 566, "column": 73 } },
      "140": { "start": { "line": 567, "column": 8 }, "end": { "line": 567, "column": 14 } },
      "141": { "start": { "line": 570, "column": 8 }, "end": { "line": 570, "column": 74 } },
      "142": { "start": { "line": 572, "column": 8 }, "end": { "line": 572, "column": 26 } },
      "143": { "start": { "line": 573, "column": 8 }, "end": { "line": 573, "column": 14 } },
      "144": { "start": { "line": 576, "column": 24 }, "end": { "line": 576, "column": 59 } },
      "145": { "start": { "line": 577, "column": 20 }, "end": { "line": 577, "column": 53 } },
      "146": { "start": { "line": 578, "column": 26 }, "end": { "line": 578, "column": 60 } },
      "147": { "start": { "line": 579, "column": 8 }, "end": { "line": 584, "column": 9 } },
      "148": { "start": { "line": 580, "column": 10 }, "end": { "line": 580, "column": 36 } },
      "149": { "start": { "line": 581, "column": 10 }, "end": { "line": 581, "column": 48 } },
      "150": { "start": { "line": 583, "column": 10 }, "end": { "line": 583, "column": 67 } },
      "151": { "start": { "line": 585, "column": 8 }, "end": { "line": 585, "column": 14 } },
      "152": { "start": { "line": 589, "column": 27 }, "end": { "line": 589, "column": 65 } },
      "153": { "start": { "line": 591, "column": 8 }, "end": { "line": 591, "column": 70 } },
      "154": { "start": { "line": 592, "column": 8 }, "end": { "line": 592, "column": 14 } },
      "155": { "start": { "line": 596, "column": 8 }, "end": { "line": 596, "column": 84 } },
      "156": { "start": { "line": 597, "column": 8 }, "end": { "line": 597, "column": 14 } },
      "157": { "start": { "line": 652, "column": 4 }, "end": { "line": 653, "column": 98 } },
      "158": { "start": { "line": 653, "column": 6 }, "end": { "line": 653, "column": 98 } },
      "159": { "start": { "line": 654, "column": 4 }, "end": { "line": 654, "column": 99 } },
      "160": { "start": { "line": 654, "column": 37 }, "end": { "line": 654, "column": 99 } },
      "161": { "start": { "line": 655, "column": 20 }, "end": { "line": 655, "column": 45 } },
      "162": { "start": { "line": 657, "column": 25 }, "end": { "line": 657, "column": 106 } },
      "163": { "start": { "line": 659, "column": 4 }, "end": { "line": 659, "column": 57 } },
      "164": { "start": { "line": 661, "column": 4 }, "end": { "line": 661, "column": 31 } },
      "165": { "start": { "line": 662, "column": 4 }, "end": { "line": 662, "column": 33 } },
      "166": { "start": { "line": 663, "column": 4 }, "end": { "line": 663, "column": 45 } },
      "167": { "start": { "line": 665, "column": 4 }, "end": { "line": 665, "column": 56 } },
      "168": { "start": { "line": 667, "column": 4 }, "end": { "line": 676, "column": 5 } },
      "169": { "start": { "line": 668, "column": 6 }, "end": { "line": 668, "column": 46 } },
      "170": { "start": { "line": 670, "column": 6 }, "end": { "line": 675, "column": 10 } },
      "171": { "start": { "line": 674, "column": 13 }, "end": { "line": 674, "column": 110 } },
      "172": { "start": { "line": 678, "column": 23 }, "end": { "line": 678, "column": 73 } },
      "173": { "start": { "line": 679, "column": 4 }, "end": { "line": 679, "column": 36 } },
      "174": { "start": { "line": 680, "column": 4 }, "end": { "line": 680, "column": 19 } },
      "175": { "start": { "line": 683, "column": 33 }, "end": { "line": 687, "column": 3 } },
      "176": { "start": { "line": 684, "column": 30 }, "end": { "line": 684, "column": 72 } },
      "177": { "start": { "line": 685, "column": 18 }, "end": { "line": 685, "column": 37 } },
      "178": { "start": { "line": 686, "column": 4 }, "end": { "line": 686, "column": 62 } },
      "179": { "start": { "line": 692, "column": 4 }, "end": { "line": 696, "column": 5 } },
      "180": { "start": { "line": 693, "column": 6 }, "end": { "line": 693, "column": 74 } },
      "181": { "start": { "line": 695, "column": 6 }, "end": { "line": 695, "column": 74 } },
      "182": { "start": { "line": 698, "column": 4 }, "end": { "line": 698, "column": 29 } },
      "183": { "start": { "line": 702, "column": 4 }, "end": { "line": 702, "column": 37 } },
      "184": { "start": { "line": 707, "column": 4 }, "end": { "line": 728, "column": 5 } },
      "185": { "start": { "line": 708, "column": 6 }, "end": { "line": 708, "column": 53 } },
      "186": { "start": { "line": 709, "column": 35 }, "end": { "line": 709, "column": 80 } },
      "187": { "start": { "line": 710, "column": 54 }, "end": { "line": 710, "column": 56 } },
      "188": { "start": { "line": 711, "column": 6 }, "end": { "line": 717, "column": 9 } },
      "189": { "start": { "line": 712, "column": 8 }, "end": { "line": 716, "column": 9 } },
      "190": { "start": { "line": 713, "column": 10 }, "end": { "line": 713, "column": 33 } },
      "191": { "start": { "line": 715, "column": 10 }, "end": { "line": 715, "column": 70 } },
      "192": { "start": { "line": 718, "column": 6 }, "end": { "line": 718, "column": 84 } },
      "193": { "start": { "line": 720, "column": 6 }, "end": { "line": 727, "column": 8 } },
      "194": { "start": { "line": 730, "column": 4 }, "end": { "line": 731, "column": 96 } },
      "195": { "start": { "line": 731, "column": 6 }, "end": { "line": 731, "column": 96 } },
      "196": { "start": { "line": 733, "column": 4 }, "end": { "line": 733, "column": 29 } },
      "197": { "start": { "line": 737, "column": 4 }, "end": { "line": 751, "column": 5 } },
      "198": { "start": { "line": 739, "column": 6 }, "end": { "line": 739, "column": 71 } },
      "199": { "start": { "line": 742, "column": 6 }, "end": { "line": 750, "column": 11 } },
      "200": { "start": { "line": 743, "column": 30 }, "end": { "line": 743, "column": 42 } },
      "201": { "start": { "line": 745, "column": 24 }, "end": { "line": 745, "column": 107 } },
      "202": { "start": { "line": 747, "column": 10 }, "end": { "line": 749, "column": 44 } },
      "203": { "start": { "line": 748, "column": 12 }, "end": { "line": 748, "column": 47 } },
      "204": { "start": { "line": 749, "column": 17 }, "end": { "line": 749, "column": 44 } },
      "205": { "start": { "line": 755, "column": 4 }, "end": { "line": 758, "column": 5 } },
      "206": { "start": { "line": 756, "column": 6 }, "end": { "line": 756, "column": 66 } },
      "207": { "start": { "line": 756, "column": 38 }, "end": { "line": 756, "column": 64 } },
      "208": { "start": { "line": 757, "column": 6 }, "end": { "line": 757, "column": 13 } },
      "209": { "start": { "line": 760, "column": 4 }, "end": { "line": 764, "column": 5 } },
      "210": { "start": { "line": 762, "column": 6 }, "end": { "line": 762, "column": 97 } },
      "211": { "start": { "line": 763, "column": 6 }, "end": { "line": 763, "column": 13 } },
      "212": { "start": { "line": 770, "column": 29 }, "end": { "line": 770, "column": 69 } },
      "213": { "start": { "line": 771, "column": 26 }, "end": { "line": 774, "column": 5 } },
      "214": { "start": { "line": 772, "column": 22 }, "end": { "line": 772, "column": 88 } },
      "215": { "start": { "line": 775, "column": 14 }, "end": { "line": 775, "column": 39 } },
      "216": { "start": { "line": 777, "column": 4 }, "end": { "line": 779, "column": 7 } },
      "217": { "start": { "line": 778, "column": 6 }, "end": { "line": 778, "column": 90 } },
      "218": { "start": { "line": 830, "column": 25 }, "end": { "line": 830, "column": 63 } },
      "219": { "start": { "line": 831, "column": 19 }, "end": { "line": 831, "column": 58 } },
      "220": { "start": { "line": 832, "column": 4 }, "end": { "line": 842, "column": 5 } },
      "221": { "start": { "line": 833, "column": 6 }, "end": { "line": 841, "column": 28 } },
      "222": { "start": { "line": 836, "column": 32 }, "end": { "line": 836, "column": 99 } },
      "223": { "start": { "line": 837, "column": 10 }, "end": { "line": 837, "column": 40 } },
      "224": { "start": { "line": 838, "column": 10 }, "end": { "line": 838, "column": 59 } },
      "225": { "start": { "line": 839, "column": 10 }, "end": { "line": 839, "column": 22 } },
      "226": { "start": { "line": 841, "column": 21 }, "end": { "line": 841, "column": 26 } },
      "227": { "start": { "line": 844, "column": 4 }, "end": { "line": 844, "column": 17 } },
      "228": { "start": { "line": 858, "column": 25 }, "end": { "line": 858, "column": 62 } },
      "229": { "start": { "line": 860, "column": 4 }, "end": { "line": 862, "column": 5 } },
      "230": { "start": { "line": 861, "column": 6 }, "end": { "line": 861, "column": 64 } },
      "231": { "start": { "line": 864, "column": 19 }, "end": { "line": 864, "column": 58 } },
      "232": { "start": { "line": 865, "column": 23 }, "end": { "line": 865, "column": 45 } },
      "233": { "start": { "line": 867, "column": 4 }, "end": { "line": 871, "column": 5 } },
      "234": { "start": { "line": 868, "column": 6 }, "end": { "line": 868, "column": 34 } },
      "235": { "start": { "line": 870, "column": 6 }, "end": { "line": 870, "column": 69 } },
      "236": { "start": { "line": 873, "column": 4 }, "end": { "line": 886, "column": 32 } },
      "237": { "start": { "line": 876, "column": 27 }, "end": { "line": 882, "column": 10 } },
      "238": { "start": { "line": 883, "column": 8 }, "end": { "line": 883, "column": 40 } },
      "239": { "start": { "line": 884, "column": 8 }, "end": { "line": 884, "column": 20 } },
      "240": { "start": { "line": 886, "column": 25 }, "end": { "line": 886, "column": 30 } },
      "241": { "start": { "line": 898, "column": 25 }, "end": { "line": 898, "column": 63 } },
      "242": { "start": { "line": 900, "column": 4 }, "end": { "line": 902, "column": 5 } },
      "243": { "start": { "line": 901, "column": 6 }, "end": { "line": 901, "column": 64 } },
      "244": { "start": { "line": 904, "column": 19 }, "end": { "line": 904, "column": 58 } },
      "245": { "start": { "line": 905, "column": 23 }, "end": { "line": 905, "column": 45 } },
      "246": { "start": { "line": 906, "column": 21 }, "end": { "line": 906, "column": 82 } },
      "247": { "start": { "line": 906, "column": 61 }, "end": { "line": 906, "column": 81 } },
      "248": { "start": { "line": 908, "column": 4 }, "end": { "line": 914, "column": 5 } },
      "249": { "start": { "line": 909, "column": 6 }, "end": { "line": 909, "column": 72 } },
      "250": { "start": { "line": 910, "column": 11 }, "end": { "line": 914, "column": 5 } },
      "251": { "start": { "line": 911, "column": 6 }, "end": { "line": 911, "column": 33 } },
      "252": { "start": { "line": 913, "column": 6 }, "end": { "line": 913, "column": 45 } },
      "253": { "start": { "line": 916, "column": 4 }, "end": { "line": 929, "column": 32 } },
      "254": { "start": { "line": 919, "column": 27 }, "end": { "line": 925, "column": 10 } },
      "255": { "start": { "line": 926, "column": 8 }, "end": { "line": 926, "column": 40 } },
      "256": { "start": { "line": 927, "column": 8 }, "end": { "line": 927, "column": 20 } },
      "257": { "start": { "line": 929, "column": 25 }, "end": { "line": 929, "column": 30 } },
      "258": { "start": { "line": 960, "column": 25 }, "end": { "line": 960, "column": 63 } },
      "259": { "start": { "line": 961, "column": 19 }, "end": { "line": 961, "column": 58 } },
      "260": { "start": { "line": 962, "column": 4 }, "end": { "line": 962, "column": 41 } },
      "261": { "start": { "line": 963, "column": 23 }, "end": { "line": 963, "column": 73 } },
      "262": { "start": { "line": 964, "column": 4 }, "end": { "line": 964, "column": 36 } },
      "263": { "start": { "line": 965, "column": 4 }, "end": { "line": 965, "column": 45 } },
      "264": { "start": { "line": 966, "column": 4 }, "end": { "line": 966, "column": 46 } },
      "265": { "start": { "line": 978, "column": 23 }, "end": { "line": 981, "column": 6 } },
      "266": { "start": { "line": 982, "column": 4 }, "end": { "line": 982, "column": 36 } },
      "267": { "start": { "line": 994, "column": 23 }, "end": { "line": 997, "column": 6 } },
      "268": { "start": { "line": 998, "column": 4 }, "end": { "line": 998, "column": 36 } },
      "269": { "start": { "line": 1020, "column": 23 }, "end": { "line": 1023, "column": 6 } },
      "270": { "start": { "line": 1024, "column": 4 }, "end": { "line": 1024, "column": 36 } },
      "271": { "start": { "line": 1042, "column": 23 }, "end": { "line": 1048, "column": 6 } },
      "272": { "start": { "line": 1050, "column": 4 }, "end": { "line": 1050, "column": 36 } },
      "273": { "start": { "line": 1066, "column": 18 }, "end": { "line": 1066, "column": 62 } },
      "274": { "start": { "line": 1068, "column": 38 }, "end": { "line": 1068, "column": 112 } },
      "275": { "start": { "line": 1068, "column": 95 }, "end": { "line": 1068, "column": 110 } },
      "276": { "start": { "line": 1069, "column": 4 }, "end": { "line": 1069, "column": 72 } },
      "277": { "start": { "line": 1070, "column": 19 }, "end": { "line": 1070, "column": 94 } },
      "278": { "start": { "line": 1070, "column": 68 }, "end": { "line": 1070, "column": 90 } },
      "279": { "start": { "line": 1071, "column": 19 }, "end": { "line": 1071, "column": 42 } },
      "280": { "start": { "line": 1072, "column": 4 }, "end": { "line": 1072, "column": 74 } },
      "281": { "start": { "line": 1072, "column": 37 }, "end": { "line": 1072, "column": 55 } },
      "282": { "start": { "line": 1073, "column": 4 }, "end": { "line": 1073, "column": 35 } },
      "283": { "start": { "line": 1087, "column": 18 }, "end": { "line": 1087, "column": 62 } },
      "284": { "start": { "line": 1088, "column": 4 }, "end": { "line": 1088, "column": 61 } },
      "285": { "start": { "line": 1089, "column": 19 }, "end": { "line": 1089, "column": 94 } },
      "286": { "start": { "line": 1089, "column": 68 }, "end": { "line": 1089, "column": 90 } },
      "287": { "start": { "line": 1090, "column": 19 }, "end": { "line": 1090, "column": 42 } },
      "288": { "start": { "line": 1091, "column": 4 }, "end": { "line": 1091, "column": 75 } },
      "289": { "start": { "line": 1091, "column": 37 }, "end": { "line": 1091, "column": 55 } },
      "290": { "start": { "line": 1092, "column": 4 }, "end": { "line": 1092, "column": 35 } },
      "291": { "start": { "line": 1096, "column": 4 }, "end": { "line": 1096, "column": 106 } },
      "292": { "start": { "line": 1096, "column": 58 }, "end": { "line": 1096, "column": 103 } },
      "293": { "start": { "line": 1106, "column": 34 }, "end": { "line": 1111, "column": 3 } },
      "294": { "start": { "line": 1107, "column": 23 }, "end": { "line": 1109, "column": 6 } },
      "295": { "start": { "line": 1110, "column": 4 }, "end": { "line": 1110, "column": 36 } },
      "296": { "start": { "line": 1121, "column": 31 }, "end": { "line": 1147, "column": 3 } },
      "297": { "start": { "line": 1122, "column": 25 }, "end": { "line": 1122, "column": 63 } },
      "298": { "start": { "line": 1123, "column": 4 }, "end": { "line": 1123, "column": 42 } },
      "299": { "start": { "line": 1124, "column": 4 }, "end": { "line": 1124, "column": 56 } },
      "300": { "start": { "line": 1126, "column": 22 }, "end": { "line": 1126, "column": 61 } },
      "301": { "start": { "line": 1128, "column": 4 }, "end": { "line": 1128, "column": 86 } },
      "302": { "start": { "line": 1129, "column": 23 }, "end": { "line": 1132, "column": 6 } },
      "303": { "start": { "line": 1134, "column": 4 }, "end": { "line": 1146, "column": 5 } },
      "304": { "start": { "line": 1136, "column": 8 }, "end": { "line": 1136, "column": 40 } },
      "305": { "start": { "line": 1137, "column": 8 }, "end": { "line": 1137, "column": 14 } },
      "306": { "start": { "line": 1140, "column": 8 }, "end": { "line": 1140, "column": 50 } },
      "307": { "start": { "line": 1141, "column": 8 }, "end": { "line": 1141, "column": 14 } },
      "308": { "start": { "line": 1145, "column": 8 }, "end": { "line": 1145, "column": 14 } },
      "309": { "start": { "line": 1149, "column": 28 }, "end": { "line": 1164, "column": 3 } },
      "310": { "start": { "line": 1150, "column": 35 }, "end": { "line": 1150, "column": 44 } },
      "311": { "start": { "line": 1152, "column": 4 }, "end": { "line": 1152, "column": 38 } },
      "312": { "start": { "line": 1152, "column": 26 }, "end": { "line": 1152, "column": 38 } },
      "313": { "start": { "line": 1153, "column": 4 }, "end": { "line": 1162, "column": 7 } },
      "314": { "start": { "line": 1154, "column": 27 }, "end": { "line": 1154, "column": 55 } },
      "315": { "start": { "line": 1155, "column": 18 }, "end": { "line": 1155, "column": 33 } },
      "316": { "start": { "line": 1156, "column": 6 }, "end": { "line": 1161, "column": 7 } },
      "317": { "start": { "line": 1157, "column": 29 }, "end": { "line": 1159, "column": 10 } },
      "318": { "start": { "line": 1158, "column": 28 }, "end": { "line": 1158, "column": 68 } },
      "319": { "start": { "line": 1160, "column": 8 }, "end": { "line": 1160, "column": 59 } },
      "320": { "start": { "line": 1163, "column": 4 }, "end": { "line": 1163, "column": 34 } },
      "321": { "start": { "line": 1173, "column": 22 }, "end": { "line": 1177, "column": 3 } },
      "322": { "start": { "line": 1174, "column": 23 }, "end": { "line": 1174, "column": 55 } },
      "323": { "start": { "line": 1175, "column": 4 }, "end": { "line": 1175, "column": 36 } },
      "324": { "start": { "line": 1176, "column": 4 }, "end": { "line": 1176, "column": 19 } },
      "325": { "start": { "line": 1182, "column": 19 }, "end": { "line": 1192, "column": 3 } },
      "326": { "start": { "line": 1183, "column": 4 }, "end": { "line": 1189, "column": 5 } },
      "327": { "start": { "line": 1184, "column": 6 }, "end": { "line": 1184, "column": 44 } },
      "328": { "start": { "line": 1185, "column": 6 }, "end": { "line": 1185, "column": 37 } },
      "329": { "start": { "line": 1186, "column": 6 }, "end": { "line": 1186, "column": 53 } },
      "330": { "start": { "line": 1187, "column": 6 }, "end": { "line": 1187, "column": 49 } },
      "331": { "start": { "line": 1188, "column": 6 }, "end": { "line": 1188, "column": 56 } },
      "332": { "start": { "line": 1191, "column": 4 }, "end": { "line": 1191, "column": 32 } },
      "333": { "start": { "line": 1195, "column": 4 }, "end": { "line": 1195, "column": 45 } },
      "334": { "start": { "line": 1198, "column": 27 }, "end": { "line": 1201, "column": 3 } },
      "335": { "start": { "line": 1199, "column": 33 }, "end": { "line": 1199, "column": 64 } },
      "336": { "start": { "line": 1200, "column": 4 }, "end": { "line": 1200, "column": 54 } },
      "337": { "start": { "line": 1203, "column": 21 }, "end": { "line": 1213, "column": 3 } },
      "338": { "start": { "line": 1204, "column": 4 }, "end": { "line": 1204, "column": 46 } },
      "339": { "start": { "line": 1205, "column": 4 }, "end": { "line": 1212, "column": 5 } },
      "340": { "start": { "line": 1206, "column": 6 }, "end": { "line": 1206, "column": 58 } },
      "341": { "start": { "line": 1207, "column": 6 }, "end": { "line": 1209, "column": 9 } },
      "342": { "start": { "line": 1208, "column": 8 }, "end": { "line": 1208, "column": 101 } },
      "343": { "start": { "line": 1208, "column": 55 }, "end": { "line": 1208, "column": 99 } },
      "344": { "start": { "line": 1211, "column": 6 }, "end": { "line": 1211, "column": 25 } },
      "345": { "start": { "line": 1215, "column": 36 }, "end": { "line": 1232, "column": 3 } },
      "346": { "start": { "line": 1216, "column": 29 }, "end": { "line": 1216, "column": 111 } },
      "347": { "start": { "line": 1216, "column": 81 }, "end": { "line": 1216, "column": 110 } },
      "348": { "start": { "line": 1217, "column": 26 }, "end": { "line": 1217, "column": 28 } },
      "349": { "start": { "line": 1219, "column": 39 }, "end": { "line": 1224, "column": 5 } },
      "350": { "start": { "line": 1220, "column": 23 }, "end": { "line": 1220, "column": 45 } },
      "351": { "start": { "line": 1221, "column": 6 }, "end": { "line": 1221, "column": 61 } },
      "352": { "start": { "line": 1222, "column": 37 }, "end": { "line": 1222, "column": 112 } },
      "353": { "start": { "line": 1222, "column": 71 }, "end": { "line": 1222, "column": 104 } },
      "354": { "start": { "line": 1223, "column": 6 }, "end": { "line": 1223, "column": 67 } },
      "355": { "start": { "line": 1226, "column": 18 }, "end": { "line": 1226, "column": 53 } },
      "356": { "start": { "line": 1227, "column": 18 }, "end": { "line": 1227, "column": 53 } },
      "357": { "start": { "line": 1228, "column": 4 }, "end": { "line": 1228, "column": 32 } },
      "358": { "start": { "line": 1229, "column": 4 }, "end": { "line": 1229, "column": 32 } },
      "359": { "start": { "line": 1231, "column": 4 }, "end": { "line": 1231, "column": 95 } },
      "360": { "start": { "line": 1231, "column": 30 }, "end": { "line": 1231, "column": 95 } },
      "361": { "start": { "line": 1235, "column": 4 }, "end": { "line": 1235, "column": 33 } },
      "362": { "start": { "line": 1235, "column": 26 }, "end": { "line": 1235, "column": 33 } },
      "363": { "start": { "line": 1236, "column": 4 }, "end": { "line": 1256, "column": 5 } },
      "364": { "start": { "line": 1237, "column": 20 }, "end": { "line": 1237, "column": 55 } },
      "365": { "start": { "line": 1238, "column": 6 }, "end": { "line": 1238, "column": 55 } },
      "366": { "start": { "line": 1240, "column": 25 }, "end": { "line": 1248, "column": 8 } },
      "367": { "start": { "line": 1249, "column": 6 }, "end": { "line": 1249, "column": 38 } },
      "368": { "start": { "line": 1251, "column": 6 }, "end": { "line": 1253, "column": 7 } },
      "369": { "start": { "line": 1252, "column": 8 }, "end": { "line": 1252, "column": 44 } },
      "370": { "start": { "line": 1255, "column": 6 }, "end": { "line": 1255, "column": 27 } },
      "371": { "start": { "line": 1259, "column": 33 }, "end": { "line": 1265, "column": 3 } },
      "372": { "start": { "line": 1260, "column": 30 }, "end": { "line": 1260, "column": 39 } },
      "373": { "start": { "line": 1261, "column": 4 }, "end": { "line": 1263, "column": 7 } },
      "374": { "start": { "line": 1262, "column": 6 }, "end": { "line": 1262, "column": 44 } },
      "375": { "start": { "line": 1264, "column": 4 }, "end": { "line": 1264, "column": 29 } },
      "376": { "start": { "line": 1267, "column": 29 }, "end": { "line": 1287, "column": 3 } },
      "377": { "start": { "line": 1268, "column": 25 }, "end": { "line": 1268, "column": 62 } },
      "378": { "start": { "line": 1269, "column": 4 }, "end": { "line": 1269, "column": 93 } },
      "379": { "start": { "line": 1269, "column": 23 }, "end": { "line": 1269, "column": 93 } },
      "380": { "start": { "line": 1270, "column": 17 }, "end": { "line": 1270, "column": 62 } },
      "381": { "start": { "line": 1271, "column": 19 }, "end": { "line": 1271, "column": 58 } },
      "382": { "start": { "line": 1272, "column": 22 }, "end": { "line": 1272, "column": 54 } },
      "383": { "start": { "line": 1274, "column": 4 }, "end": { "line": 1275, "column": 81 } },
      "384": { "start": { "line": 1274, "column": 52 }, "end": { "line": 1274, "column": 108 } },
      "385": { "start": { "line": 1275, "column": 9 }, "end": { "line": 1275, "column": 81 } },
      "386": { "start": { "line": 1275, "column": 30 }, "end": { "line": 1275, "column": 81 } },
      "387": { "start": { "line": 1277, "column": 21 }, "end": { "line": 1277, "column": 30 } },
      "388": { "start": { "line": 1279, "column": 4 }, "end": { "line": 1284, "column": 9 } },
      "389": { "start": { "line": 1280, "column": 28 }, "end": { "line": 1280, "column": 40 } },
      "390": { "start": { "line": 1282, "column": 20 }, "end": { "line": 1282, "column": 50 } },
      "391": { "start": { "line": 1283, "column": 8 }, "end": { "line": 1283, "column": 77 } },
      "392": { "start": { "line": 1286, "column": 4 }, "end": { "line": 1286, "column": 20 } },
      "393": { "start": { "line": 1289, "column": 38 }, "end": { "line": 1297, "column": 3 } },
      "394": { "start": { "line": 1290, "column": 35 }, "end": { "line": 1290, "column": 44 } },
      "395": { "start": { "line": 1292, "column": 4 }, "end": { "line": 1294, "column": 7 } },
      "396": { "start": { "line": 1293, "column": 6 }, "end": { "line": 1293, "column": 71 } },
      "397": { "start": { "line": 1296, "column": 4 }, "end": { "line": 1296, "column": 34 } },
      "398": { "start": { "line": 1299, "column": 41 }, "end": { "line": 1300, "column": 81 } },
      "399": { "start": { "line": 1300, "column": 4 }, "end": { "line": 1300, "column": 81 } },
      "400": { "start": { "line": 1300, "column": 55 }, "end": { "line": 1300, "column": 80 } },
      "401": { "start": { "line": 1302, "column": 24 }, "end": { "line": 1320, "column": 3 } },
      "402": { "start": { "line": 1303, "column": 4 }, "end": { "line": 1315, "column": 5 } },
      "403": { "start": { "line": 1304, "column": 6 }, "end": { "line": 1304, "column": 62 } },
      "404": { "start": { "line": 1305, "column": 6 }, "end": { "line": 1305, "column": 63 } },
      "405": { "start": { "line": 1306, "column": 6 }, "end": { "line": 1306, "column": 95 } },
      "406": { "start": { "line": 1307, "column": 6 }, "end": { "line": 1307, "column": 77 } },
      "407": { "start": { "line": 1308, "column": 6 }, "end": { "line": 1308, "column": 83 } },
      "408": { "start": { "line": 1310, "column": 6 }, "end": { "line": 1310, "column": 119 } },
      "409": { "start": { "line": 1310, "column": 78 }, "end": { "line": 1310, "column": 117 } },
      "410": { "start": { "line": 1312, "column": 6 }, "end": { "line": 1312, "column": 103 } },
      "411": { "start": { "line": 1312, "column": 66 }, "end": { "line": 1312, "column": 100 } },
      "412": { "start": { "line": 1314, "column": 6 }, "end": { "line": 1314, "column": 41 } },
      "413": { "start": { "line": 1317, "column": 4 }, "end": { "line": 1317, "column": 44 } },
      "414": { "start": { "line": 1319, "column": 4 }, "end": { "line": 1319, "column": 36 } },
      "415": { "start": { "line": 1322, "column": 30 }, "end": { "line": 1332, "column": 3 } },
      "416": { "start": { "line": 1323, "column": 4 }, "end": { "line": 1331, "column": 5 } },
      "417": { "start": { "line": 1324, "column": 27 }, "end": { "line": 1324, "column": 57 } },
      "418": { "start": { "line": 1325, "column": 6 }, "end": { "line": 1327, "column": 7 } },
      "419": { "start": { "line": 1326, "column": 8 }, "end": { "line": 1326, "column": 88 } },
      "420": { "start": { "line": 1328, "column": 6 }, "end": { "line": 1328, "column": 52 } },
      "421": { "start": { "line": 1330, "column": 6 }, "end": { "line": 1330, "column": 27 } },
      "422": { "start": { "line": 1334, "column": 29 }, "end": { "line": 1347, "column": 3 } },
      "423": { "start": { "line": 1335, "column": 4 }, "end": { "line": 1346, "column": 6 } },
      "424": { "start": { "line": 1336, "column": 6 }, "end": { "line": 1345, "column": 7 } },
      "425": { "start": { "line": 1337, "column": 27 }, "end": { "line": 1343, "column": 10 } },
      "426": { "start": { "line": 1344, "column": 8 }, "end": { "line": 1344, "column": 40 } },
      "427": { "start": { "line": 1349, "column": 32 }, "end": { "line": 1351, "column": 3 } },
      "428": { "start": { "line": 1350, "column": 4 }, "end": { "line": 1350, "column": 24 } },
      "429": { "start": { "line": 1353, "column": 36 }, "end": { "line": 1358, "column": 3 } },
      "430": { "start": { "line": 1354, "column": 4 }, "end": { "line": 1357, "column": 5 } },
      "431": { "start": { "line": 1355, "column": 22 }, "end": { "line": 1355, "column": 41 } },
      "432": { "start": { "line": 1356, "column": 6 }, "end": { "line": 1356, "column": 44 } },
      "433": { "start": { "line": 1360, "column": 39 }, "end": { "line": 1371, "column": 3 } },
      "434": { "start": { "line": 1361, "column": 26 }, "end": { "line": 1361, "column": 49 } },
      "435": { "start": { "line": 1363, "column": 4 }, "end": { "line": 1370, "column": 5 } },
      "436": { "start": { "line": 1365, "column": 8 }, "end": { "line": 1365, "column": 53 } },
      "437": { "start": { "line": 1366, "column": 8 }, "end": { "line": 1366, "column": 14 } },
      "438": { "start": { "line": 1368, "column": 8 }, "end": { "line": 1368, "column": 52 } },
      "439": { "start": { "line": 1369, "column": 8 }, "end": { "line": 1369, "column": 14 } },
      "440": { "start": { "line": 1373, "column": 20 }, "end": { "line": 1387, "column": 3 } },
      "441": { "start": { "line": 1374, "column": 4 }, "end": { "line": 1386, "column": 6 } },
      "442": { "start": { "line": 1375, "column": 23 }, "end": { "line": 1375, "column": 36 } },
      "443": { "start": { "line": 1376, "column": 18 }, "end": { "line": 1376, "column": 40 } },
      "444": { "start": { "line": 1378, "column": 22 }, "end": { "line": 1378, "column": 49 } },
      "445": { "start": { "line": 1379, "column": 6 }, "end": { "line": 1379, "column": 81 } },
      "446": { "start": { "line": 1379, "column": 74 }, "end": { "line": 1379, "column": 81 } },
      "447": { "start": { "line": 1381, "column": 27 }, "end": { "line": 1381, "column": 60 } },
      "448": { "start": { "line": 1382, "column": 6 }, "end": { "line": 1382, "column": 35 } },
      "449": { "start": { "line": 1383, "column": 6 }, "end": { "line": 1383, "column": 39 } },
      "450": { "start": { "line": 1385, "column": 6 }, "end": { "line": 1385, "column": 44 } },
      "451": { "start": { "line": 1389, "column": 21 }, "end": { "line": 1408, "column": 3 } },
      "452": { "start": { "line": 1390, "column": 4 }, "end": { "line": 1407, "column": 7 } },
      "453": { "start": { "line": 1392, "column": 6 }, "end": { "line": 1398, "column": 7 } },
      "454": { "start": { "line": 1393, "column": 8 }, "end": { "line": 1393, "column": 26 } },
      "455": { "start": { "line": 1394, "column": 8 }, "end": { "line": 1394, "column": 22 } },
      "456": { "start": { "line": 1396, "column": 8 }, "end": { "line": 1396, "column": 41 } },
      "457": { "start": { "line": 1397, "column": 8 }, "end": { "line": 1397, "column": 21 } },
      "458": { "start": { "line": 1400, "column": 41 }, "end": { "line": 1404, "column": 7 } },
      "459": { "start": { "line": 1406, "column": 6 }, "end": { "line": 1406, "column": 52 } },
      "460": { "start": { "line": 1410, "column": 24 }, "end": { "line": 1419, "column": 3 } },
      "461": { "start": { "line": 1418, "column": 4 }, "end": { "line": 1418, "column": 49 } },
      "462": { "start": { "line": 1421, "column": 26 }, "end": { "line": 1428, "column": 3 } },
      "463": { "start": { "line": 1422, "column": 21 }, "end": { "line": 1422, "column": 55 } },
      "464": { "start": { "line": 1423, "column": 4 }, "end": { "line": 1423, "column": 71 } },
      "465": { "start": { "line": 1423, "column": 34 }, "end": { "line": 1423, "column": 69 } },
      "466": { "start": { "line": 1424, "column": 4 }, "end": { "line": 1426, "column": 7 } },
      "467": { "start": { "line": 1425, "column": 6 }, "end": { "line": 1425, "column": 68 } },
      "468": { "start": { "line": 1425, "column": 38 }, "end": { "line": 1425, "column": 68 } },
      "469": { "start": { "line": 1427, "column": 4 }, "end": { "line": 1427, "column": 42 } },
      "470": { "start": { "line": 1430, "column": 23 }, "end": { "line": 1437, "column": 3 } },
      "471": { "start": { "line": 1431, "column": 4 }, "end": { "line": 1431, "column": 40 } },
      "472": { "start": { "line": 1432, "column": 25 }, "end": { "line": 1432, "column": 64 } },
      "473": { "start": { "line": 1433, "column": 28 }, "end": { "line": 1433, "column": 94 } },
      "474": { "start": { "line": 1433, "column": 70 }, "end": { "line": 1433, "column": 92 } },
      "475": { "start": { "line": 1434, "column": 4 }, "end": { "line": 1434, "column": 34 } },
      "476": { "start": { "line": 1435, "column": 4 }, "end": { "line": 1435, "column": 62 } },
      "477": { "start": { "line": 1436, "column": 4 }, "end": { "line": 1436, "column": 48 } },
      "478": { "start": { "line": 1439, "column": 26 }, "end": { "line": 1439, "column": 53 } },
      "479": { "start": { "line": 1439, "column": 32 }, "end": { "line": 1439, "column": 53 } },
      "480": { "start": { "line": 1441, "column": 50 }, "end": { "line": 1451, "column": 3 } },
      "481": { "start": { "line": 1445, "column": 60 }, "end": { "line": 1448, "column": 6 } },
      "482": { "start": { "line": 1445, "column": 105 }, "end": { "line": 1448, "column": 5 } },
      "483": { "start": { "line": 1450, "column": 4 }, "end": { "line": 1450, "column": 33 } }
    },
    "fnMap": {
      "0": {
        "name": "(anonymous_0)",
        "decl": { "start": { "line": 186, "column": 2 }, "end": { "line": 186, "column": 3 } },
        "loc": { "start": { "line": 186, "column": 100 }, "end": { "line": 192, "column": 3 } },
        "line": 186
      },
      "1": {
        "name": "(anonymous_1)",
        "decl": { "start": { "line": 314, "column": 2 }, "end": { "line": 314, "column": 3 } },
        "loc": { "start": { "line": 314, "column": 16 }, "end": { "line": 316, "column": 3 } },
        "line": 314
      },
      "2": {
        "name": "(anonymous_2)",
        "decl": { "start": { "line": 331, "column": 19 }, "end": { "line": 331, "column": 20 } },
        "loc": { "start": { "line": 331, "column": 44 }, "end": { "line": 337, "column": 3 } },
        "line": 331
      },
      "3": {
        "name": "(anonymous_3)",
        "decl": { "start": { "line": 355, "column": 29 }, "end": { "line": 355, "column": 30 } },
        "loc": { "start": { "line": 355, "column": 67 }, "end": { "line": 388, "column": 3 } },
        "line": 355
      },
      "4": {
        "name": "(anonymous_4)",
        "decl": { "start": { "line": 364, "column": 57 }, "end": { "line": 364, "column": 58 } },
        "loc": { "start": { "line": 364, "column": 71 }, "end": { "line": 374, "column": 9 } },
        "line": 364
      },
      "5": {
        "name": "(anonymous_5)",
        "decl": { "start": { "line": 376, "column": 31 }, "end": { "line": 376, "column": 32 } },
        "loc": { "start": { "line": 376, "column": 45 }, "end": { "line": 382, "column": 9 } },
        "line": 376
      },
      "6": {
        "name": "(anonymous_6)",
        "decl": { "start": { "line": 377, "column": 34 }, "end": { "line": 377, "column": 35 } },
        "loc": { "start": { "line": 377, "column": 52 }, "end": { "line": 381, "column": 11 } },
        "line": 377
      },
      "7": {
        "name": "(anonymous_7)",
        "decl": { "start": { "line": 398, "column": 2 }, "end": { "line": 398, "column": 3 } },
        "loc": { "start": { "line": 398, "column": 57 }, "end": { "line": 400, "column": 3 } },
        "line": 398
      },
      "8": {
        "name": "(anonymous_8)",
        "decl": { "start": { "line": 410, "column": 2 }, "end": { "line": 410, "column": 3 } },
        "loc": { "start": { "line": 410, "column": 56 }, "end": { "line": 412, "column": 3 } },
        "line": 410
      },
      "9": {
        "name": "(anonymous_9)",
        "decl": { "start": { "line": 414, "column": 29 }, "end": { "line": 414, "column": 30 } },
        "loc": { "start": { "line": 414, "column": 69 }, "end": { "line": 599, "column": 3 } },
        "line": 414
      },
      "10": {
        "name": "(anonymous_10)",
        "decl": { "start": { "line": 439, "column": 54 }, "end": { "line": 439, "column": 55 } },
        "loc": { "start": { "line": 439, "column": 74 }, "end": { "line": 445, "column": 9 } },
        "line": 439
      },
      "11": {
        "name": "(anonymous_11)",
        "decl": { "start": { "line": 453, "column": 25 }, "end": { "line": 453, "column": 26 } },
        "loc": { "start": { "line": 453, "column": 38 }, "end": { "line": 459, "column": 9 } },
        "line": 453
      },
      "12": {
        "name": "(anonymous_12)",
        "decl": { "start": { "line": 509, "column": 51 }, "end": { "line": 509, "column": 52 } },
        "loc": { "start": { "line": 509, "column": 64 }, "end": { "line": 511, "column": 9 } },
        "line": 509
      },
      "13": {
        "name": "(anonymous_13)",
        "decl": { "start": { "line": 546, "column": 10 }, "end": { "line": 546, "column": 11 } },
        "loc": { "start": { "line": 546, "column": 23 }, "end": { "line": 546, "column": 56 } },
        "line": 546
      },
      "14": {
        "name": "(anonymous_14)",
        "decl": { "start": { "line": 550, "column": 10 }, "end": { "line": 550, "column": 11 } },
        "loc": { "start": { "line": 550, "column": 21 }, "end": { "line": 550, "column": 51 } },
        "line": 550
      },
      "15": {
        "name": "(anonymous_15)",
        "decl": { "start": { "line": 645, "column": 2 }, "end": { "line": 645, "column": 3 } },
        "loc": { "start": { "line": 651, "column": 12 }, "end": { "line": 681, "column": 3 } },
        "line": 651
      },
      "16": {
        "name": "(anonymous_16)",
        "decl": { "start": { "line": 673, "column": 10 }, "end": { "line": 673, "column": 11 } },
        "loc": { "start": { "line": 674, "column": 13 }, "end": { "line": 674, "column": 110 } },
        "line": 674
      },
      "17": {
        "name": "(anonymous_17)",
        "decl": { "start": { "line": 683, "column": 33 }, "end": { "line": 683, "column": 34 } },
        "loc": { "start": { "line": 683, "column": 65 }, "end": { "line": 687, "column": 3 } },
        "line": 683
      },
      "18": {
        "name": "(anonymous_18)",
        "decl": { "start": { "line": 689, "column": 2 }, "end": { "line": 689, "column": 3 } },
        "loc": { "start": { "line": 689, "column": 85 }, "end": { "line": 699, "column": 3 } },
        "line": 689
      },
      "19": {
        "name": "(anonymous_19)",
        "decl": { "start": { "line": 701, "column": 2 }, "end": { "line": 701, "column": 3 } },
        "loc": { "start": { "line": 701, "column": 91 }, "end": { "line": 703, "column": 3 } },
        "line": 701
      },
      "20": {
        "name": "(anonymous_20)",
        "decl": { "start": { "line": 705, "column": 2 }, "end": { "line": 705, "column": 3 } },
        "loc": { "start": { "line": 705, "column": 90 }, "end": { "line": 734, "column": 3 } },
        "line": 705
      },
      "21": {
        "name": "(anonymous_21)",
        "decl": { "start": { "line": 711, "column": 47 }, "end": { "line": 711, "column": 48 } },
        "loc": { "start": { "line": 711, "column": 61 }, "end": { "line": 717, "column": 7 } },
        "line": 711
      },
      "22": {
        "name": "(anonymous_22)",
        "decl": { "start": { "line": 736, "column": 2 }, "end": { "line": 736, "column": 3 } },
        "loc": { "start": { "line": 736, "column": 110 }, "end": { "line": 752, "column": 3 } },
        "line": 736
      },
      "23": {
        "name": "(anonymous_23)",
        "decl": { "start": { "line": 743, "column": 16 }, "end": { "line": 743, "column": 17 } },
        "loc": { "start": { "line": 743, "column": 30 }, "end": { "line": 743, "column": 42 } },
        "line": 743
      },
      "24": {
        "name": "(anonymous_24)",
        "decl": { "start": { "line": 744, "column": 17 }, "end": { "line": 744, "column": 18 } },
        "loc": { "start": { "line": 744, "column": 31 }, "end": { "line": 750, "column": 9 } },
        "line": 744
      },
      "25": {
        "name": "(anonymous_25)",
        "decl": { "start": { "line": 754, "column": 2 }, "end": { "line": 754, "column": 3 } },
        "loc": { "start": { "line": 754, "column": 83 }, "end": { "line": 780, "column": 3 } },
        "line": 754
      },
      "26": {
        "name": "(anonymous_26)",
        "decl": { "start": { "line": 756, "column": 24 }, "end": { "line": 756, "column": 25 } },
        "loc": { "start": { "line": 756, "column": 38 }, "end": { "line": 756, "column": 64 } },
        "line": 756
      },
      "27": {
        "name": "(anonymous_27)",
        "decl": { "start": { "line": 772, "column": 6 }, "end": { "line": 772, "column": 7 } },
        "loc": { "start": { "line": 772, "column": 22 }, "end": { "line": 772, "column": 88 } },
        "line": 772
      },
      "28": {
        "name": "(anonymous_28)",
        "decl": { "start": { "line": 777, "column": 22 }, "end": { "line": 777, "column": 23 } },
        "loc": { "start": { "line": 777, "column": 33 }, "end": { "line": 779, "column": 5 } },
        "line": 777
      },
      "29": {
        "name": "(anonymous_29)",
        "decl": { "start": { "line": 829, "column": 2 }, "end": { "line": 829, "column": 3 } },
        "loc": { "start": { "line": 829, "column": 115 }, "end": { "line": 845, "column": 3 } },
        "line": 829
      },
      "30": {
        "name": "(anonymous_30)",
        "decl": { "start": { "line": 835, "column": 14 }, "end": { "line": 835, "column": 15 } },
        "loc": { "start": { "line": 835, "column": 20 }, "end": { "line": 840, "column": 9 } },
        "line": 835
      },
      "31": {
        "name": "(anonymous_31)",
        "decl": { "start": { "line": 841, "column": 15 }, "end": { "line": 841, "column": 16 } },
        "loc": { "start": { "line": 841, "column": 21 }, "end": { "line": 841, "column": 26 } },
        "line": 841
      },
      "32": {
        "name": "(anonymous_32)",
        "decl": { "start": { "line": 856, "column": 2 }, "end": { "line": 856, "column": 3 } },
        "loc": { "start": { "line": 856, "column": 89 }, "end": { "line": 887, "column": 3 } },
        "line": 856
      },
      "33": {
        "name": "(anonymous_33)",
        "decl": { "start": { "line": 875, "column": 12 }, "end": { "line": 875, "column": 13 } },
        "loc": { "start": { "line": 875, "column": 18 }, "end": { "line": 885, "column": 7 } },
        "line": 875
      },
      "34": {
        "name": "(anonymous_34)",
        "decl": { "start": { "line": 886, "column": 13 }, "end": { "line": 886, "column": 14 } },
        "loc": { "start": { "line": 886, "column": 25 }, "end": { "line": 886, "column": 30 } },
        "line": 886
      },
      "35": {
        "name": "(anonymous_35)",
        "decl": { "start": { "line": 897, "column": 2 }, "end": { "line": 897, "column": 3 } },
        "loc": { "start": { "line": 897, "column": 105 }, "end": { "line": 930, "column": 3 } },
        "line": 897
      },
      "36": {
        "name": "(anonymous_36)",
        "decl": { "start": { "line": 906, "column": 47 }, "end": { "line": 906, "column": 48 } },
        "loc": { "start": { "line": 906, "column": 61 }, "end": { "line": 906, "column": 81 } },
        "line": 906
      },
      "37": {
        "name": "(anonymous_37)",
        "decl": { "start": { "line": 918, "column": 12 }, "end": { "line": 918, "column": 13 } },
        "loc": { "start": { "line": 918, "column": 18 }, "end": { "line": 928, "column": 7 } },
        "line": 918
      },
      "38": {
        "name": "(anonymous_38)",
        "decl": { "start": { "line": 929, "column": 13 }, "end": { "line": 929, "column": 14 } },
        "loc": { "start": { "line": 929, "column": 25 }, "end": { "line": 929, "column": 30 } },
        "line": 929
      },
      "39": {
        "name": "(anonymous_39)",
        "decl": { "start": { "line": 959, "column": 2 }, "end": { "line": 959, "column": 3 } },
        "loc": { "start": { "line": 959, "column": 38 }, "end": { "line": 967, "column": 3 } },
        "line": 959
      },
      "40": {
        "name": "(anonymous_40)",
        "decl": { "start": { "line": 977, "column": 2 }, "end": { "line": 977, "column": 3 } },
        "loc": { "start": { "line": 977, "column": 42 }, "end": { "line": 983, "column": 3 } },
        "line": 977
      },
      "41": {
        "name": "(anonymous_41)",
        "decl": { "start": { "line": 993, "column": 2 }, "end": { "line": 993, "column": 3 } },
        "loc": { "start": { "line": 993, "column": 44 }, "end": { "line": 999, "column": 3 } },
        "line": 993
      },
      "42": {
        "name": "(anonymous_42)",
        "decl": { "start": { "line": 1014, "column": 2 }, "end": { "line": 1014, "column": 3 } },
        "loc": { "start": { "line": 1019, "column": 4 }, "end": { "line": 1025, "column": 3 } },
        "line": 1019
      },
      "43": {
        "name": "(anonymous_43)",
        "decl": { "start": { "line": 1041, "column": 2 }, "end": { "line": 1041, "column": 3 } },
        "loc": { "start": { "line": 1041, "column": 74 }, "end": { "line": 1051, "column": 3 } },
        "line": 1041
      },
      "44": {
        "name": "(anonymous_44)",
        "decl": { "start": { "line": 1065, "column": 2 }, "end": { "line": 1065, "column": 3 } },
        "loc": { "start": { "line": 1065, "column": 71 }, "end": { "line": 1074, "column": 3 } },
        "line": 1065
      },
      "45": {
        "name": "(anonymous_45)",
        "decl": { "start": { "line": 1068, "column": 87 }, "end": { "line": 1068, "column": 88 } },
        "loc": { "start": { "line": 1068, "column": 95 }, "end": { "line": 1068, "column": 110 } },
        "line": 1068
      },
      "46": {
        "name": "(anonymous_46)",
        "decl": { "start": { "line": 1070, "column": 56 }, "end": { "line": 1070, "column": 57 } },
        "loc": { "start": { "line": 1070, "column": 68 }, "end": { "line": 1070, "column": 90 } },
        "line": 1070
      },
      "47": {
        "name": "(anonymous_47)",
        "decl": { "start": { "line": 1072, "column": 29 }, "end": { "line": 1072, "column": 30 } },
        "loc": { "start": { "line": 1072, "column": 37 }, "end": { "line": 1072, "column": 55 } },
        "line": 1072
      },
      "48": {
        "name": "(anonymous_48)",
        "decl": { "start": { "line": 1086, "column": 2 }, "end": { "line": 1086, "column": 3 } },
        "loc": { "start": { "line": 1086, "column": 72 }, "end": { "line": 1093, "column": 3 } },
        "line": 1086
      },
      "49": {
        "name": "(anonymous_49)",
        "decl": { "start": { "line": 1089, "column": 56 }, "end": { "line": 1089, "column": 57 } },
        "loc": { "start": { "line": 1089, "column": 68 }, "end": { "line": 1089, "column": 90 } },
        "line": 1089
      },
      "50": {
        "name": "(anonymous_50)",
        "decl": { "start": { "line": 1091, "column": 29 }, "end": { "line": 1091, "column": 30 } },
        "loc": { "start": { "line": 1091, "column": 37 }, "end": { "line": 1091, "column": 55 } },
        "line": 1091
      },
      "51": {
        "name": "(anonymous_51)",
        "decl": { "start": { "line": 1095, "column": 2 }, "end": { "line": 1095, "column": 3 } },
        "loc": { "start": { "line": 1095, "column": 52 }, "end": { "line": 1097, "column": 3 } },
        "line": 1095
      },
      "52": {
        "name": "(anonymous_52)",
        "decl": { "start": { "line": 1096, "column": 46 }, "end": { "line": 1096, "column": 47 } },
        "loc": { "start": { "line": 1096, "column": 58 }, "end": { "line": 1096, "column": 103 } },
        "line": 1096
      },
      "53": {
        "name": "(anonymous_53)",
        "decl": { "start": { "line": 1106, "column": 34 }, "end": { "line": 1106, "column": 35 } },
        "loc": { "start": { "line": 1106, "column": 59 }, "end": { "line": 1111, "column": 3 } },
        "line": 1106
      },
      "54": {
        "name": "(anonymous_54)",
        "decl": { "start": { "line": 1121, "column": 31 }, "end": { "line": 1121, "column": 32 } },
        "loc": { "start": { "line": 1121, "column": 78 }, "end": { "line": 1147, "column": 3 } },
        "line": 1121
      },
      "55": {
        "name": "(anonymous_55)",
        "decl": { "start": { "line": 1149, "column": 28 }, "end": { "line": 1149, "column": 29 } },
        "loc": { "start": { "line": 1149, "column": 34 }, "end": { "line": 1164, "column": 3 } },
        "line": 1149
      },
      "56": {
        "name": "(anonymous_56)",
        "decl": { "start": { "line": 1153, "column": 46 }, "end": { "line": 1153, "column": 47 } },
        "loc": { "start": { "line": 1153, "column": 63 }, "end": { "line": 1162, "column": 5 } },
        "line": 1153
      },
      "57": {
        "name": "(anonymous_57)",
        "decl": { "start": { "line": 1158, "column": 10 }, "end": { "line": 1158, "column": 11 } },
        "loc": { "start": { "line": 1158, "column": 28 }, "end": { "line": 1158, "column": 68 } },
        "line": 1158
      },
      "58": {
        "name": "(anonymous_58)",
        "decl": { "start": { "line": 1173, "column": 22 }, "end": { "line": 1173, "column": 23 } },
        "loc": { "start": { "line": 1173, "column": 28 }, "end": { "line": 1177, "column": 3 } },
        "line": 1173
      },
      "59": {
        "name": "(anonymous_59)",
        "decl": { "start": { "line": 1182, "column": 19 }, "end": { "line": 1182, "column": 20 } },
        "loc": { "start": { "line": 1182, "column": 25 }, "end": { "line": 1192, "column": 3 } },
        "line": 1182
      },
      "60": {
        "name": "(anonymous_60)",
        "decl": { "start": { "line": 1194, "column": 2 }, "end": { "line": 1194, "column": 3 } },
        "loc": { "start": { "line": 1194, "column": 43 }, "end": { "line": 1196, "column": 3 } },
        "line": 1194
      },
      "61": {
        "name": "(anonymous_61)",
        "decl": { "start": { "line": 1198, "column": 27 }, "end": { "line": 1198, "column": 28 } },
        "loc": { "start": { "line": 1198, "column": 55 }, "end": { "line": 1201, "column": 3 } },
        "line": 1198
      },
      "62": {
        "name": "(anonymous_62)",
        "decl": { "start": { "line": 1203, "column": 21 }, "end": { "line": 1203, "column": 22 } },
        "loc": { "start": { "line": 1203, "column": 66 }, "end": { "line": 1213, "column": 3 } },
        "line": 1203
      },
      "63": {
        "name": "(anonymous_63)",
        "decl": { "start": { "line": 1207, "column": 42 }, "end": { "line": 1207, "column": 43 } },
        "loc": { "start": { "line": 1207, "column": 91 }, "end": { "line": 1209, "column": 7 } },
        "line": 1207
      },
      "64": {
        "name": "(anonymous_64)",
        "decl": { "start": { "line": 1208, "column": 26 }, "end": { "line": 1208, "column": 27 } },
        "loc": { "start": { "line": 1208, "column": 55 }, "end": { "line": 1208, "column": 99 } },
        "line": 1208
      },
      "65": {
        "name": "(anonymous_65)",
        "decl": { "start": { "line": 1215, "column": 36 }, "end": { "line": 1215, "column": 37 } },
        "loc": { "start": { "line": 1215, "column": 75 }, "end": { "line": 1232, "column": 3 } },
        "line": 1215
      },
      "66": {
        "name": "(anonymous_66)",
        "decl": { "start": { "line": 1216, "column": 71 }, "end": { "line": 1216, "column": 72 } },
        "loc": { "start": { "line": 1216, "column": 81 }, "end": { "line": 1216, "column": 110 } },
        "line": 1216
      },
      "67": {
        "name": "(anonymous_67)",
        "decl": { "start": { "line": 1219, "column": 39 }, "end": { "line": 1219, "column": 40 } },
        "loc": { "start": { "line": 1219, "column": 67 }, "end": { "line": 1224, "column": 5 } },
        "line": 1219
      },
      "68": {
        "name": "(anonymous_68)",
        "decl": { "start": { "line": 1222, "column": 61 }, "end": { "line": 1222, "column": 62 } },
        "loc": { "start": { "line": 1222, "column": 71 }, "end": { "line": 1222, "column": 104 } },
        "line": 1222
      },
      "69": {
        "name": "(anonymous_69)",
        "decl": { "start": { "line": 1234, "column": 2 }, "end": { "line": 1234, "column": 3 } },
        "loc": { "start": { "line": 1234, "column": 37 }, "end": { "line": 1257, "column": 3 } },
        "line": 1234
      },
      "70": {
        "name": "(anonymous_70)",
        "decl": { "start": { "line": 1259, "column": 33 }, "end": { "line": 1259, "column": 34 } },
        "loc": { "start": { "line": 1259, "column": 39 }, "end": { "line": 1265, "column": 3 } },
        "line": 1259
      },
      "71": {
        "name": "(anonymous_71)",
        "decl": { "start": { "line": 1261, "column": 60 }, "end": { "line": 1261, "column": 61 } },
        "loc": { "start": { "line": 1261, "column": 89 }, "end": { "line": 1263, "column": 5 } },
        "line": 1261
      },
      "72": {
        "name": "(anonymous_72)",
        "decl": { "start": { "line": 1267, "column": 29 }, "end": { "line": 1267, "column": 30 } },
        "loc": { "start": { "line": 1267, "column": 50 }, "end": { "line": 1287, "column": 3 } },
        "line": 1267
      },
      "73": {
        "name": "(anonymous_73)",
        "decl": { "start": { "line": 1280, "column": 14 }, "end": { "line": 1280, "column": 15 } },
        "loc": { "start": { "line": 1280, "column": 28 }, "end": { "line": 1280, "column": 40 } },
        "line": 1280
      },
      "74": {
        "name": "(anonymous_74)",
        "decl": { "start": { "line": 1281, "column": 15 }, "end": { "line": 1281, "column": 16 } },
        "loc": { "start": { "line": 1281, "column": 29 }, "end": { "line": 1284, "column": 7 } },
        "line": 1281
      },
      "75": {
        "name": "(anonymous_75)",
        "decl": { "start": { "line": 1289, "column": 38 }, "end": { "line": 1289, "column": 39 } },
        "loc": { "start": { "line": 1289, "column": 44 }, "end": { "line": 1297, "column": 3 } },
        "line": 1289
      },
      "76": {
        "name": "(anonymous_76)",
        "decl": { "start": { "line": 1292, "column": 60 }, "end": { "line": 1292, "column": 61 } },
        "loc": { "start": { "line": 1292, "column": 88 }, "end": { "line": 1294, "column": 5 } },
        "line": 1292
      },
      "77": {
        "name": "(anonymous_77)",
        "decl": { "start": { "line": 1299, "column": 41 }, "end": { "line": 1299, "column": 42 } },
        "loc": { "start": { "line": 1300, "column": 4 }, "end": { "line": 1300, "column": 81 } },
        "line": 1300
      },
      "78": {
        "name": "(anonymous_78)",
        "decl": { "start": { "line": 1300, "column": 44 }, "end": { "line": 1300, "column": 45 } },
        "loc": { "start": { "line": 1300, "column": 55 }, "end": { "line": 1300, "column": 80 } },
        "line": 1300
      },
      "79": {
        "name": "(anonymous_79)",
        "decl": { "start": { "line": 1302, "column": 24 }, "end": { "line": 1302, "column": 25 } },
        "loc": { "start": { "line": 1302, "column": 66 }, "end": { "line": 1320, "column": 3 } },
        "line": 1302
      },
      "80": {
        "name": "(anonymous_80)",
        "decl": { "start": { "line": 1310, "column": 60 }, "end": { "line": 1310, "column": 61 } },
        "loc": { "start": { "line": 1310, "column": 78 }, "end": { "line": 1310, "column": 117 } },
        "line": 1310
      },
      "81": {
        "name": "(anonymous_81)",
        "decl": { "start": { "line": 1312, "column": 48 }, "end": { "line": 1312, "column": 49 } },
        "loc": { "start": { "line": 1312, "column": 66 }, "end": { "line": 1312, "column": 100 } },
        "line": 1312
      },
      "82": {
        "name": "(anonymous_82)",
        "decl": { "start": { "line": 1322, "column": 30 }, "end": { "line": 1322, "column": 31 } },
        "loc": { "start": { "line": 1322, "column": 62 }, "end": { "line": 1332, "column": 3 } },
        "line": 1322
      },
      "83": {
        "name": "(anonymous_83)",
        "decl": { "start": { "line": 1334, "column": 29 }, "end": { "line": 1334, "column": 30 } },
        "loc": { "start": { "line": 1334, "column": 35 }, "end": { "line": 1347, "column": 3 } },
        "line": 1334
      },
      "84": {
        "name": "(anonymous_84)",
        "decl": { "start": { "line": 1335, "column": 11 }, "end": { "line": 1335, "column": 12 } },
        "loc": { "start": { "line": 1335, "column": 49 }, "end": { "line": 1346, "column": 5 } },
        "line": 1335
      },
      "85": {
        "name": "(anonymous_85)",
        "decl": { "start": { "line": 1349, "column": 32 }, "end": { "line": 1349, "column": 33 } },
        "loc": { "start": { "line": 1349, "column": 75 }, "end": { "line": 1351, "column": 3 } },
        "line": 1349
      },
      "86": {
        "name": "(anonymous_86)",
        "decl": { "start": { "line": 1353, "column": 36 }, "end": { "line": 1353, "column": 37 } },
        "loc": { "start": { "line": 1353, "column": 55 }, "end": { "line": 1358, "column": 3 } },
        "line": 1353
      },
      "87": {
        "name": "(anonymous_87)",
        "decl": { "start": { "line": 1360, "column": 39 }, "end": { "line": 1360, "column": 40 } },
        "loc": { "start": { "line": 1360, "column": 58 }, "end": { "line": 1371, "column": 3 } },
        "line": 1360
      },
      "88": {
        "name": "(anonymous_88)",
        "decl": { "start": { "line": 1373, "column": 20 }, "end": { "line": 1373, "column": 21 } },
        "loc": { "start": { "line": 1373, "column": 26 }, "end": { "line": 1387, "column": 3 } },
        "line": 1373
      },
      "89": {
        "name": "(anonymous_89)",
        "decl": { "start": { "line": 1374, "column": 11 }, "end": { "line": 1374, "column": 12 } },
        "loc": { "start": { "line": 1374, "column": 37 }, "end": { "line": 1386, "column": 5 } },
        "line": 1374
      },
      "90": {
        "name": "(anonymous_90)",
        "decl": { "start": { "line": 1389, "column": 21 }, "end": { "line": 1389, "column": 22 } },
        "loc": { "start": { "line": 1389, "column": 51 }, "end": { "line": 1408, "column": 3 } },
        "line": 1389
      },
      "91": {
        "name": "(anonymous_91)",
        "decl": { "start": { "line": 1390, "column": 24 }, "end": { "line": 1390, "column": 25 } },
        "loc": { "start": { "line": 1390, "column": 45 }, "end": { "line": 1407, "column": 5 } },
        "line": 1390
      },
      "92": {
        "name": "(anonymous_92)",
        "decl": { "start": { "line": 1410, "column": 24 }, "end": { "line": 1410, "column": 25 } },
        "loc": { "start": { "line": 1410, "column": 54 }, "end": { "line": 1419, "column": 3 } },
        "line": 1410
      },
      "93": {
        "name": "(anonymous_93)",
        "decl": { "start": { "line": 1421, "column": 26 }, "end": { "line": 1421, "column": 27 } },
        "loc": { "start": { "line": 1421, "column": 56 }, "end": { "line": 1428, "column": 3 } },
        "line": 1421
      },
      "94": {
        "name": "(anonymous_94)",
        "decl": { "start": { "line": 1423, "column": 21 }, "end": { "line": 1423, "column": 22 } },
        "loc": { "start": { "line": 1423, "column": 34 }, "end": { "line": 1423, "column": 69 } },
        "line": 1423
      },
      "95": {
        "name": "(anonymous_95)",
        "decl": { "start": { "line": 1424, "column": 52 }, "end": { "line": 1424, "column": 53 } },
        "loc": { "start": { "line": 1424, "column": 72 }, "end": { "line": 1426, "column": 5 } },
        "line": 1424
      },
      "96": {
        "name": "(anonymous_96)",
        "decl": { "start": { "line": 1430, "column": 23 }, "end": { "line": 1430, "column": 24 } },
        "loc": { "start": { "line": 1430, "column": 64 }, "end": { "line": 1437, "column": 3 } },
        "line": 1430
      },
      "97": {
        "name": "(anonymous_97)",
        "decl": { "start": { "line": 1433, "column": 46 }, "end": { "line": 1433, "column": 47 } },
        "loc": { "start": { "line": 1433, "column": 70 }, "end": { "line": 1433, "column": 92 } },
        "line": 1433
      },
      "98": {
        "name": "(anonymous_98)",
        "decl": { "start": { "line": 1439, "column": 26 }, "end": { "line": 1439, "column": 27 } },
        "loc": { "start": { "line": 1439, "column": 32 }, "end": { "line": 1439, "column": 53 } },
        "line": 1439
      },
      "99": {
        "name": "(anonymous_99)",
        "decl": { "start": { "line": 1441, "column": 50 }, "end": { "line": 1441, "column": 51 } },
        "loc": { "start": { "line": 1444, "column": 38 }, "end": { "line": 1451, "column": 3 } },
        "line": 1444
      },
      "100": {
        "name": "(anonymous_100)",
        "decl": { "start": { "line": 1445, "column": 83 }, "end": { "line": 1445, "column": 84 } },
        "loc": { "start": { "line": 1445, "column": 105 }, "end": { "line": 1448, "column": 5 } },
        "line": 1445
      }
    },
    "branchMap": {
      "0": {
        "loc": { "start": { "line": 357, "column": 4 }, "end": { "line": 387, "column": 5 } },
        "type": "switch",
        "locations": [
          { "start": { "line": 358, "column": 6 }, "end": { "line": 384, "column": 7 } },
          { "start": { "line": 385, "column": 6 }, "end": { "line": 386, "column": 89 } }
        ],
        "line": 357
      },
      "1": {
        "loc": { "start": { "line": 366, "column": 65 }, "end": { "line": 366, "column": 86 } },
        "type": "binary-expr",
        "locations": [
          { "start": { "line": 366, "column": 65 }, "end": { "line": 366, "column": 80 } },
          { "start": { "line": 366, "column": 84 }, "end": { "line": 366, "column": 86 } }
        ],
        "line": 366
      },
      "2": {
        "loc": { "start": { "line": 386, "column": 8 }, "end": { "line": 386, "column": 89 } },
        "type": "if",
        "locations": [
          { "start": { "line": 386, "column": 8 }, "end": { "line": 386, "column": 89 } },
          { "start": {}, "end": {} }
        ],
        "line": 386
      },
      "3": {
        "loc": { "start": { "line": 417, "column": 4 }, "end": { "line": 598, "column": 5 } },
        "type": "switch",
        "locations": [
          { "start": { "line": 418, "column": 6 }, "end": { "line": 426, "column": 7 } },
          { "start": { "line": 427, "column": 6 }, "end": { "line": 447, "column": 7 } },
          { "start": { "line": 448, "column": 6 }, "end": { "line": 461, "column": 7 } },
          { "start": { "line": 463, "column": 6 }, "end": { "line": 485, "column": 14 } },
          { "start": { "line": 487, "column": 6 }, "end": { "line": 489, "column": 14 } },
          { "start": { "line": 491, "column": 6 }, "end": { "line": 497, "column": 14 } },
          { "start": { "line": 499, "column": 6 }, "end": { "line": 516, "column": 14 } },
          { "start": { "line": 518, "column": 6 }, "end": { "line": 525, "column": 14 } },
          { "start": { "line": 527, "column": 6 }, "end": { "line": 542, "column": 7 } },
          { "start": { "line": 544, "column": 6 }, "end": { "line": 555, "column": 7 } },
          { "start": { "line": 556, "column": 6 }, "end": { "line": 564, "column": 7 } },
          { "start": { "line": 565, "column": 6 }, "end": { "line": 567, "column": 14 } },
          { "start": { "line": 569, "column": 6 }, "end": { "line": 573, "column": 14 } },
          { "start": { "line": 575, "column": 6 }, "end": { "line": 586, "column": 7 } },
          { "start": { "line": 588, "column": 6 }, "end": { "line": 593, "column": 7 } },
          { "start": { "line": 595, "column": 6 }, "end": { "line": 597, "column": 14 } }
        ],
        "line": 417
      },
      "4": {
        "loc": { "start": { "line": 429, "column": 8 }, "end": { "line": 429, "column": 61 } },
        "type": "if",
        "locations": [
[...]
      "98": 27,
      "99": 31,
      "100": 16
    },
    "b": {
      "0": [32, 25],
      "1": [28, 0],
      "2": [25, 0],
      "3": [2, 3, 0, 1, 0, 3, 0, 4, 4, 0, 4, 11, 0, 3, 1, 0],
      "4": [0, 3],
      "5": [3, 0],
      "6": [0, 0],
      "7": [0, 1],
      "8": [0, 0],
      "9": [0, 3],
      "10": [0, 0],
      "11": [0, 0],
      "12": [0, 4],
      "13": [1, 3],
      "14": [1, 2],
      "15": [3, 0],
      "16": [6],
      "17": [7],
      "18": [7],
      "19": [0, 7],
      "20": [7, 7],
      "21": [1, 6],
      "22": [0, 6],
      "23": [0, 0],
      "24": [0, 0],
      "25": [0, 0],
      "26": [0, 0],
      "27": [0, 0],
      "28": [0, 0],
      "29": [0, 0],
      "30": [0, 0],
      "31": [0, 0],
      "32": [0, 0],
      "33": [0, 0],
      "34": [0, 0],
      "35": [0, 0],
      "36": [0, 0],
      "37": [0, 0],
      "38": [0, 0],
      "39": [0, 0],
      "40": [0, 0],
      "41": [0, 0],
      "42": [0, 0],
      "43": [0, 0],
      "44": [0],
      "45": [0],
      "46": [0, 0],
      "47": [0, 0, 0],
      "48": [0, 2],
      "49": [0, 2],
      "50": [2, 0],
      "51": [0, 0],
      "52": [4, 0],
      "53": [0, 2],
      "54": [0, 0],
      "55": [0, 0],
      "56": [0, 0],
      "57": [0, 0],
      "58": [0, 0],
      "59": [0, 0],
      "60": [2, 0],
      "61": [0, 0],
      "62": [0, 0],
      "63": [0, 0],
      "64": [0, 0],
      "65": [0, 0],
      "66": [0, 2],
      "67": [0, 0]
    },
    "_coverageSchema": "1a1c01bbd47fc00a2c39e90264f33305004495a9",
    "hash": "aed5176f2d898878372f12232423599b2ebfc45a"
  },
  "/Users/kamilstasiak/IdeaProjects/membrane-webrtc-js/src/test/fixtures.ts": {
    "path": "/Users/kamilstasiak/IdeaProjects/membrane-webrtc-js/src/test/fixtures.ts",
    "statementMap": {
      "0": { "start": { "line": 29, "column": 26 }, "end": { "line": 29, "column": 45 } },
      "1": { "start": { "line": 30, "column": 37 }, "end": { "line": 30, "column": 60 } },
      "2": { "start": { "line": 32, "column": 23 }, "end": { "line": 32, "column": 39 } },
      "3": { "start": { "line": 33, "column": 34 }, "end": { "line": 33, "column": 54 } },
      "4": { "start": { "line": 35, "column": 21 }, "end": { "line": 35, "column": 64 } },
      "5": { "start": { "line": 36, "column": 24 }, "end": { "line": 36, "column": 62 } },
      "6": { "start": { "line": 37, "column": 22 }, "end": { "line": 37, "column": 43 } },
      "7": { "start": { "line": 39, "column": 36 }, "end": { "line": 45, "column": 2 } },
      "8": { "start": { "line": 39, "column": 50 }, "end": { "line": 45, "column": 1 } },
      "9": { "start": { "line": 47, "column": 35 }, "end": { "line": 54, "column": 4 } },
      "10": { "start": { "line": 48, "column": 2 }, "end": { "line": 54, "column": 4 } },
      "11": { "start": { "line": 56, "column": 36 }, "end": { "line": 66, "column": 1 } },
      "12": { "start": { "line": 57, "column": 13 }, "end": { "line": 57, "column": 70 } },
      "13": { "start": { "line": 59, "column": 2 }, "end": { "line": 65, "column": 5 } },
      "14": { "start": { "line": 68, "column": 43 }, "end": { "line": 84, "column": 4 } },
      "15": { "start": { "line": 73, "column": 2 }, "end": { "line": 84, "column": 4 } },
      "16": { "start": { "line": 86, "column": 46 }, "end": { "line": 95, "column": 4 } },
      "17": { "start": { "line": 87, "column": 2 }, "end": { "line": 95, "column": 4 } },
      "18": { "start": { "line": 97, "column": 48 }, "end": { "line": 107, "column": 4 } },
      "19": { "start": { "line": 98, "column": 2 }, "end": { "line": 107, "column": 4 } },
      "20": { "start": { "line": 109, "column": 39 }, "end": { "line": 117, "column": 4 } },
      "21": { "start": { "line": 110, "column": 2 }, "end": { "line": 117, "column": 4 } },
      "22": { "start": { "line": 119, "column": 35 }, "end": { "line": 127, "column": 4 } },
      "23": { "start": { "line": 120, "column": 2 }, "end": { "line": 127, "column": 4 } },
      "24": { "start": { "line": 129, "column": 51 }, "end": { "line": 133, "column": 1 } },
      "25": { "start": { "line": 130, "column": 25 }, "end": { "line": 130, "column": 47 } },
      "26": { "start": { "line": 131, "column": 2 }, "end": { "line": 131, "column": 73 } },
      "27": { "start": { "line": 132, "column": 2 }, "end": { "line": 132, "column": 57 } },
      "28": { "start": { "line": 135, "column": 63 }, "end": { "line": 149, "column": 1 } },
      "29": { "start": { "line": 140, "column": 25 }, "end": { "line": 140, "column": 62 } },
      "30": { "start": { "line": 141, "column": 2 }, "end": { "line": 141, "column": 79 } },
      "31": { "start": { "line": 143, "column": 19 }, "end": { "line": 143, "column": 56 } },
      "32": { "start": { "line": 145, "column": 2 }, "end": { "line": 145, "column": 52 } },
      "33": { "start": { "line": 146, "column": 2 }, "end": { "line": 146, "column": 43 } },
      "34": { "start": { "line": 148, "column": 2 }, "end": { "line": 148, "column": 57 } },
      "35": { "start": { "line": 151, "column": 40 }, "end": { "line": 163, "column": 4 } },
      "36": { "start": { "line": 152, "column": 2 }, "end": { "line": 163, "column": 4 } },
      "37": { "start": { "line": 165, "column": 59 }, "end": { "line": 186, "column": 4 } },
      "38": { "start": { "line": 166, "column": 2 }, "end": { "line": 186, "column": 4 } },
      "39": { "start": { "line": 188, "column": 32 }, "end": { "line": 233, "column": 4 } },
      "40": { "start": { "line": 189, "column": 2 }, "end": { "line": 233, "column": 4 } },
      "41": { "start": { "line": 235, "column": 37 }, "end": { "line": 242, "column": 4 } },
      "42": { "start": { "line": 236, "column": 2 }, "end": { "line": 242, "column": 4 } }
    },
    "fnMap": {
      "0": {
        "name": "(anonymous_0)",
        "decl": { "start": { "line": 36, "column": 53 }, "end": { "line": 36, "column": 54 } },
        "loc": { "start": { "line": 36, "column": 59 }, "end": { "line": 36, "column": 61 } },
        "line": 36
      },
      "1": {
        "name": "(anonymous_1)",
        "decl": { "start": { "line": 39, "column": 36 }, "end": { "line": 39, "column": 37 } },
        "loc": { "start": { "line": 39, "column": 50 }, "end": { "line": 45, "column": 1 } },
        "line": 39
      },
      "2": {
        "name": "(anonymous_2)",
        "decl": { "start": { "line": 47, "column": 35 }, "end": { "line": 47, "column": 36 } },
        "loc": { "start": { "line": 48, "column": 2 }, "end": { "line": 54, "column": 4 } },
        "line": 48
      },
      "3": {
        "name": "(anonymous_3)",
        "decl": { "start": { "line": 56, "column": 36 }, "end": { "line": 56, "column": 37 } },
        "loc": { "start": { "line": 56, "column": 87 }, "end": { "line": 66, "column": 1 } },
        "line": 56
      },
      "4": {
        "name": "(anonymous_4)",
        "decl": { "start": { "line": 68, "column": 43 }, "end": { "line": 68, "column": 44 } },
        "loc": { "start": { "line": 73, "column": 2 }, "end": { "line": 84, "column": 4 } },
        "line": 73
      },
      "5": {
        "name": "(anonymous_5)",
        "decl": { "start": { "line": 86, "column": 46 }, "end": { "line": 86, "column": 47 } },
        "loc": { "start": { "line": 87, "column": 2 }, "end": { "line": 95, "column": 4 } },
        "line": 87
      },
      "6": {
        "name": "(anonymous_6)",
        "decl": { "start": { "line": 97, "column": 48 }, "end": { "line": 97, "column": 49 } },
        "loc": { "start": { "line": 98, "column": 2 }, "end": { "line": 107, "column": 4 } },
        "line": 98
      },
      "7": {
        "name": "(anonymous_7)",
        "decl": { "start": { "line": 109, "column": 39 }, "end": { "line": 109, "column": 40 } },
        "loc": { "start": { "line": 110, "column": 2 }, "end": { "line": 117, "column": 4 } },
        "line": 110
      },
      "8": {
        "name": "(anonymous_8)",
        "decl": { "start": { "line": 119, "column": 35 }, "end": { "line": 119, "column": 36 } },
        "loc": { "start": { "line": 120, "column": 2 }, "end": { "line": 127, "column": 4 } },
        "line": 120
      },
      "9": {
        "name": "(anonymous_9)",
        "decl": { "start": { "line": 129, "column": 51 }, "end": { "line": 129, "column": 52 } },
        "loc": { "start": { "line": 129, "column": 97 }, "end": { "line": 133, "column": 1 } },
        "line": 129
      },
      "10": {
        "name": "(anonymous_10)",
        "decl": { "start": { "line": 135, "column": 63 }, "end": { "line": 135, "column": 64 } },
        "loc": { "start": { "line": 139, "column": 26 }, "end": { "line": 149, "column": 1 } },
        "line": 139
      },
      "11": {
        "name": "(anonymous_11)",
        "decl": { "start": { "line": 151, "column": 40 }, "end": { "line": 151, "column": 41 } },
        "loc": { "start": { "line": 152, "column": 2 }, "end": { "line": 163, "column": 4 } },
        "line": 152
      },
      "12": {
        "name": "(anonymous_12)",
        "decl": { "start": { "line": 165, "column": 59 }, "end": { "line": 165, "column": 60 } },
        "loc": { "start": { "line": 166, "column": 2 }, "end": { "line": 186, "column": 4 } },
        "line": 166
      },
      "13": {
        "name": "(anonymous_13)",
        "decl": { "start": { "line": 188, "column": 32 }, "end": { "line": 188, "column": 33 } },
        "loc": { "start": { "line": 189, "column": 2 }, "end": { "line": 233, "column": 4 } },
        "line": 189
      },
      "14": {
        "name": "(anonymous_14)",
        "decl": { "start": { "line": 235, "column": 37 }, "end": { "line": 235, "column": 38 } },
        "loc": { "start": { "line": 236, "column": 2 }, "end": { "line": 242, "column": 4 } },
        "line": 236
      }
    },
    "branchMap": {
      "0": {
        "loc": { "start": { "line": 49, "column": 8 }, "end": { "line": 49, "column": 60 } },
        "type": "binary-expr",
        "locations": [
          { "start": { "line": 49, "column": 8 }, "end": { "line": 49, "column": 18 } },
          { "start": { "line": 49, "column": 22 }, "end": { "line": 49, "column": 60 } }
        ],
        "line": 49
      },
      "1": {
        "loc": { "start": { "line": 57, "column": 13 }, "end": { "line": 57, "column": 70 } },
        "type": "binary-expr",
        "locations": [
          { "start": { "line": 57, "column": 13 }, "end": { "line": 57, "column": 28 } },
          { "start": { "line": 57, "column": 32 }, "end": { "line": 57, "column": 70 } }
        ],
        "line": 57
      }
    },
    "s": {
      "0": 9,
      "1": 9,
      "2": 9,
      "3": 9,
      "4": 9,
      "5": 9,
      "6": 9,
      "7": 9,
      "8": 16,
      "9": 9,
      "10": 30,
      "11": 9,
      "12": 34,
      "13": 34,
      "14": 9,
      "15": 4,
      "16": 9,
      "17": 1,
      "18": 9,
      "19": 3,
      "20": 9,
      "21": 4,
      "22": 9,
      "23": 3,
      "24": 9,
      "25": 16,
      "26": 16,
      "27": 16,
      "28": 9,
      "29": 12,
      "30": 12,
      "31": 12,
      "32": 12,
      "33": 12,
      "34": 12,
      "35": 9,
      "36": 3,
      "37": 9,
      "38": 2,
      "39": 9,
      "40": 1,
      "41": 9,
      "42": 4
    },
    "f": {
      "0": 9,
      "1": 16,
      "2": 30,
      "3": 34,
      "4": 4,
      "5": 1,
      "6": 3,
      "7": 4,
      "8": 3,
      "9": 16,
      "10": 12,
      "11": 3,
      "12": 2,
      "13": 1,
      "14": 4
    },
    "b": { "0": [30, 15], "1": [34, 33] },
    "_coverageSchema": "1a1c01bbd47fc00a2c39e90264f33305004495a9",
    "hash": "d0b1cbffd4f78be557d5c4e2be2b5eedace1f04e"
  },
  "/Users/kamilstasiak/IdeaProjects/membrane-webrtc-js/src/test/mocks.ts": {
    "path": "/Users/kamilstasiak/IdeaProjects/membrane-webrtc-js/src/test/mocks.ts",
    "statementMap": {
      "0": { "start": { "line": 1, "column": 37 }, "end": { "line": 57, "column": 1 } },
      "1": { "start": { "line": 4, "column": 62 }, "end": { "line": 4, "column": 100 } },
      "2": { "start": { "line": 4, "column": 95 }, "end": { "line": 4, "column": 99 } },
      "3": { "start": { "line": 6, "column": 2 }, "end": { "line": 55, "column": 5 } },
      "4": { "start": { "line": 7, "column": 46 }, "end": { "line": 7, "column": 48 } },
      "5": { "start": { "line": 8, "column": 36 }, "end": { "line": 8, "column": 38 } },
      "6": { "start": { "line": 10, "column": 4 }, "end": { "line": 54, "column": 6 } },
      "7": { "start": { "line": 12, "column": 8 }, "end": { "line": 12, "column": 28 } },
      "8": { "start": { "line": 15, "column": 8 }, "end": { "line": 15, "column": 50 } },
      "9": { "start": { "line": 17, "column": 28 }, "end": { "line": 17, "column": 30 } },
      "10": { "start": { "line": 18, "column": 8 }, "end": { "line": 21, "column": 10 } },
      "11": { "start": { "line": 19, "column": 56 }, "end": { "line": 19, "column": 60 } },
      "12": { "start": { "line": 20, "column": 10 }, "end": { "line": 20, "column": 66 } },
      "13": { "start": { "line": 23, "column": 8 }, "end": { "line": 25, "column": 9 } },
      "14": { "start": { "line": 24, "column": 10 }, "end": { "line": 24, "column": 37 } },
      "15": { "start": { "line": 27, "column": 8 }, "end": { "line": 27, "column": 29 } },
      "16": { "start": { "line": 30, "column": 47 }, "end": { "line": 38, "column": 9 } },
      "17": { "start": { "line": 39, "column": 8 }, "end": { "line": 39, "column": 39 } },
      "18": { "start": { "line": 41, "column": 8 }, "end": { "line": 41, "column": 27 } },
      "19": { "start": { "line": 44, "column": 8 }, "end": { "line": 47, "column": 10 } },
      "20": { "start": { "line": 52, "column": 8 }, "end": { "line": 52, "column": 23 } },
      "21": { "start": { "line": 56, "column": 2 }, "end": { "line": 56, "column": 36 } }
    },
    "fnMap": {
      "0": {
        "name": "(anonymous_0)",
        "decl": { "start": { "line": 1, "column": 37 }, "end": { "line": 1, "column": 38 } },
        "loc": { "start": { "line": 3, "column": 5 }, "end": { "line": 57, "column": 1 } },
        "line": 3
      },
      "1": {
        "name": "(anonymous_1)",
        "decl": { "start": { "line": 4, "column": 70 }, "end": { "line": 4, "column": 71 } },
        "loc": { "start": { "line": 4, "column": 95 }, "end": { "line": 4, "column": 99 } },
        "line": 4
      },
      "2": {
        "name": "(anonymous_2)",
        "decl": { "start": { "line": 6, "column": 67 }, "end": { "line": 6, "column": 68 } },
        "loc": { "start": { "line": 6, "column": 73 }, "end": { "line": 55, "column": 3 } },
        "line": 6
      },
      "3": {
        "name": "(anonymous_3)",
        "decl": { "start": { "line": 11, "column": 23 }, "end": { "line": 11, "column": 24 } },
        "loc": { "start": { "line": 11, "column": 29 }, "end": { "line": 13, "column": 7 } },
        "line": 11
      },
      "4": {
        "name": "(anonymous_4)",
        "decl": { "start": { "line": 14, "column": 22 }, "end": { "line": 14, "column": 23 } },
        "loc": { "start": { "line": 14, "column": 115 }, "end": { "line": 42, "column": 7 } },
        "line": 14
      },
      "5": {
        "name": "(anonymous_5)",
        "decl": { "start": { "line": 18, "column": 31 }, "end": { "line": 18, "column": 32 } },
        "loc": { "start": { "line": 18, "column": 37 }, "end": { "line": 21, "column": 9 } },
        "line": 18
      },
      "6": {
        "name": "(anonymous_6)",
        "decl": { "start": { "line": 36, "column": 31 }, "end": { "line": 36, "column": 32 } },
        "loc": { "start": { "line": 36, "column": 69 }, "end": { "line": 36, "column": 71 } },
        "line": 36
      },
      "7": {
        "name": "(anonymous_7)",
        "decl": { "start": { "line": 37, "column": 16 }, "end": { "line": 37, "column": 17 } },
        "loc": { "start": { "line": 37, "column": 22 }, "end": { "line": 37, "column": 24 } },
        "line": 37
      },
      "8": {
        "name": "(anonymous_8)",
        "decl": { "start": { "line": 43, "column": 19 }, "end": { "line": 43, "column": 20 } },
        "loc": { "start": { "line": 43, "column": 93 }, "end": { "line": 48, "column": 7 } },
        "line": 43
      },
      "9": {
        "name": "(anonymous_9)",
        "decl": { "start": { "line": 49, "column": 27 }, "end": { "line": 49, "column": 28 } },
        "loc": { "start": { "line": 49, "column": 99 }, "end": { "line": 49, "column": 101 } },
        "line": 49
      },
      "10": {
        "name": "(anonymous_10)",
        "decl": { "start": { "line": 50, "column": 28 }, "end": { "line": 50, "column": 29 } },
        "loc": { "start": { "line": 50, "column": 94 }, "end": { "line": 50, "column": 96 } },
        "line": 50
      },
      "11": {
        "name": "(anonymous_11)",
        "decl": { "start": { "line": 51, "column": 18 }, "end": { "line": 51, "column": 19 } },
        "loc": { "start": { "line": 51, "column": 40 }, "end": { "line": 53, "column": 7 } },
        "line": 51
      }
    },
    "branchMap": {
      "0": {
        "loc": { "start": { "line": 23, "column": 8 }, "end": { "line": 25, "column": 9 } },
        "type": "if",
        "locations": [
          { "start": { "line": 23, "column": 8 }, "end": { "line": 25, "column": 9 } },
          { "start": {}, "end": {} }
        ],
        "line": 23
      },
      "1": {
        "loc": { "start": { "line": 32, "column": 21 }, "end": { "line": 32, "column": 50 } },
        "type": "binary-expr",
        "locations": [
          { "start": { "line": 32, "column": 21 }, "end": { "line": 32, "column": 36 } },
          { "start": { "line": 32, "column": 40 }, "end": { "line": 32, "column": 50 } }
        ],
        "line": 32
      }
    },
    "s": {
      "0": 4,
      "1": 15,
      "2": 2,
      "3": 15,
      "4": 2,
      "5": 2,
      "6": 2,
      "7": 7,
      "8": 2,
      "9": 2,
      "10": 2,
      "11": 0,
      "12": 0,
      "13": 2,
      "14": 0,
      "15": 2,
      "16": 2,
      "17": 2,
      "18": 2,
      "19": 2,
      "20": 0,
      "21": 15
    },
    "f": { "0": 15, "1": 2, "2": 2, "3": 7, "4": 2, "5": 0, "6": 0, "7": 0, "8": 2, "9": 2, "10": 1, "11": 0 },
    "b": { "0": [0, 2], "1": [2, 0] },
    "_coverageSchema": "1a1c01bbd47fc00a2c39e90264f33305004495a9",
    "hash": "98889e869674c16e514b90e8dd9d27b28fab97b7"
  },
  "/Users/kamilstasiak/IdeaProjects/membrane-webrtc-js/src/test/schema.ts": {
    "path": "/Users/kamilstasiak/IdeaProjects/membrane-webrtc-js/src/test/schema.ts",
    "statementMap": {
      "0": { "start": { "line": 3, "column": 39 }, "end": { "line": 3, "column": 56 } },
      "1": { "start": { "line": 7, "column": 27 }, "end": { "line": 13, "column": 2 } },
      "2": { "start": { "line": 17, "column": 30 }, "end": { "line": 23, "column": 2 } },
      "3": { "start": { "line": 27, "column": 41 }, "end": { "line": 33, "column": 2 } },
      "4": { "start": { "line": 37, "column": 43 }, "end": { "line": 44, "column": 2 } },
      "5": { "start": { "line": 48, "column": 42 }, "end": { "line": 68, "column": 2 } },
      "6": { "start": { "line": 72, "column": 46 }, "end": { "line": 82, "column": 2 } },
      "7": { "start": { "line": 86, "column": 46 }, "end": { "line": 93, "column": 2 } },
      "8": { "start": { "line": 97, "column": 48 }, "end": { "line": 103, "column": 2 } },
      "9": { "start": { "line": 107, "column": 49 }, "end": { "line": 118, "column": 2 } },
      "10": { "start": { "line": 122, "column": 52 }, "end": { "line": 130, "column": 2 } },
      "11": { "start": { "line": 134, "column": 48 }, "end": { "line": 143, "column": 2 } },
      "12": { "start": { "line": 147, "column": 39 }, "end": { "line": 154, "column": 2 } }
    },
    "fnMap": {},
    "branchMap": {},
    "s": { "0": 9, "1": 9, "2": 9, "3": 9, "4": 9, "5": 9, "6": 9, "7": 9, "8": 9, "9": 9, "10": 9, "11": 9, "12": 9 },
    "f": {},
    "b": {},
    "_coverageSchema": "1a1c01bbd47fc00a2c39e90264f33305004495a9",
    "hash": "fc2c6b75b2646ad31403daa85203676ac6875901"
  }
}
