TN:
SF:src/const.ts
FNF:0
FNH:0
DA:4,9
DA:31,9
DA:35,9
LF:3
LH:3
BRF:0
BRH:0
end_of_record
TN:
SF:src/mediaEvent.ts
FN:9,serializeMediaEvent
FN:13,deserializeMediaEvent
FN:17,generateMediaEvent
FN:25,generateCustomEvent
FNF:4
FNH:4
FNDA:8,serializeMediaEvent
FNDA:59,deserializeMediaEvent
FNDA:8,generateMediaEvent
FNDA:8,generateCustomEvent
DA:10,8
DA:14,59
DA:18,8
DA:19,8
DA:20,8
DA:22,8
DA:26,8
LF:7
LH:7
BRDA:19,0,0,8
BRDA:19,0,1,0
BRF:2
BRH:1
end_of_record
TN:
SF:src/webRTCEndpoint.ts
FN:186,(anonymous_0)
FN:314,(anonymous_1)
FN:331,(anonymous_2)
FN:355,(anonymous_3)
FN:364,(anonymous_4)
FN:376,(anonymous_5)
FN:377,(anonymous_6)
FN:398,(anonymous_7)
FN:410,(anonymous_8)
FN:414,(anonymous_9)
FN:439,(anonymous_10)
FN:453,(anonymous_11)
FN:509,(anonymous_12)
FN:546,(anonymous_13)
FN:550,(anonymous_14)
FN:645,(anonymous_15)
FN:673,(anonymous_16)
FN:683,(anonymous_17)
FN:689,(anonymous_18)
FN:701,(anonymous_19)
FN:705,(anonymous_20)
FN:711,(anonymous_21)
FN:736,(anonymous_22)
FN:743,(anonymous_23)
FN:744,(anonymous_24)
FN:754,(anonymous_25)
FN:756,(anonymous_26)
FN:772,(anonymous_27)
FN:777,(anonymous_28)
FN:829,(anonymous_29)
FN:835,(anonymous_30)
FN:841,(anonymous_31)
FN:856,(anonymous_32)
FN:875,(anonymous_33)
FN:886,(anonymous_34)
FN:897,(anonymous_35)
FN:906,(anonymous_36)
FN:918,(anonymous_37)
FN:929,(anonymous_38)
FN:959,(anonymous_39)
FN:977,(anonymous_40)
FN:993,(anonymous_41)
FN:1014,(anonymous_42)
FN:1041,(anonymous_43)
FN:1065,(anonymous_44)
FN:1068,(anonymous_45)
FN:1070,(anonymous_46)
FN:1072,(anonymous_47)
FN:1086,(anonymous_48)
FN:1089,(anonymous_49)
FN:1091,(anonymous_50)
FN:1095,(anonymous_51)
FN:1096,(anonymous_52)
FN:1106,(anonymous_53)
FN:1121,(anonymous_54)
FN:1149,(anonymous_55)
FN:1153,(anonymous_56)
FN:1158,(anonymous_57)
FN:1173,(anonymous_58)
FN:1182,(anonymous_59)
FN:1194,(anonymous_60)
FN:1198,(anonymous_61)
FN:1203,(anonymous_62)
FN:1207,(anonymous_63)
FN:1208,(anonymous_64)
FN:1215,(anonymous_65)
FN:1216,(anonymous_66)
FN:1219,(anonymous_67)
FN:1222,(anonymous_68)
FN:1234,(anonymous_69)
FN:1259,(anonymous_70)
FN:1261,(anonymous_71)
FN:1267,(anonymous_72)
FN:1280,(anonymous_73)
FN:1281,(anonymous_74)
FN:1289,(anonymous_75)
FN:1292,(anonymous_76)
FN:1299,(anonymous_77)
FN:1300,(anonymous_78)
FN:1302,(anonymous_79)
FN:1310,(anonymous_80)
FN:1312,(anonymous_81)
FN:1322,(anonymous_82)
FN:1334,(anonymous_83)
FN:1335,(anonymous_84)
FN:1349,(anonymous_85)
FN:1353,(anonymous_86)
FN:1360,(anonymous_87)
FN:1373,(anonymous_88)
FN:1374,(anonymous_89)
FN:1389,(anonymous_90)
FN:1390,(anonymous_91)
FN:1410,(anonymous_92)
FN:1421,(anonymous_93)
FN:1423,(anonymous_94)
FN:1424,(anonymous_95)
FN:1430,(anonymous_96)
FN:1433,(anonymous_97)
FN:1439,(anonymous_98)
FN:1441,(anonymous_99)
FN:1445,(anonymous_100)
FNF:101
FNH:30
FNDA:22,(anonymous_0)
FNDA:33,(anonymous_1)
FNDA:0,(anonymous_2)
FNDA:57,(anonymous_3)
FNDA:28,(anonymous_4)
FNDA:28,(anonymous_5)
FNDA:13,(anonymous_6)
FNDA:14,(anonymous_7)
FNDA:4,(anonymous_8)
FNDA:36,(anonymous_9)
FNDA:3,(anonymous_10)
FNDA:0,(anonymous_11)
FNDA:0,(anonymous_12)
FNDA:0,(anonymous_13)
FNDA:0,(anonymous_14)
FNDA:7,(anonymous_15)
FNDA:0,(anonymous_16)
FNDA:0,(anonymous_17)
FNDA:0,(anonymous_18)
FNDA:0,(anonymous_19)
FNDA:0,(anonymous_20)
FNDA:0,(anonymous_21)
FNDA:0,(anonymous_22)
FNDA:0,(anonymous_23)
FNDA:0,(anonymous_24)
FNDA:0,(anonymous_25)
FNDA:0,(anonymous_26)
FNDA:0,(anonymous_27)
FNDA:0,(anonymous_28)
FNDA:0,(anonymous_29)
FNDA:0,(anonymous_30)
FNDA:0,(anonymous_31)
FNDA:0,(anonymous_32)
FNDA:0,(anonymous_33)
FNDA:0,(anonymous_34)
FNDA:0,(anonymous_35)
FNDA:0,(anonymous_36)
FNDA:0,(anonymous_37)
FNDA:0,(anonymous_38)
FNDA:0,(anonymous_39)
FNDA:0,(anonymous_40)
FNDA:0,(anonymous_41)
FNDA:0,(anonymous_42)
FNDA:0,(anonymous_43)
FNDA:0,(anonymous_44)
FNDA:0,(anonymous_45)
FNDA:0,(anonymous_46)
FNDA:0,(anonymous_47)
FNDA:0,(anonymous_48)
FNDA:0,(anonymous_49)
FNDA:0,(anonymous_50)
FNDA:0,(anonymous_51)
FNDA:0,(anonymous_52)
FNDA:0,(anonymous_53)
FNDA:0,(anonymous_54)
FNDA:2,(anonymous_55)
FNDA:2,(anonymous_56)
FNDA:0,(anonymous_57)
FNDA:0,(anonymous_58)
FNDA:0,(anonymous_59)
FNDA:6,(anonymous_60)
FNDA:8,(anonymous_61)
FNDA:1,(anonymous_62)
FNDA:0,(anonymous_63)
FNDA:0,(anonymous_64)
FNDA:2,(anonymous_65)
FNDA:0,(anonymous_66)
FNDA:4,(anonymous_67)
FNDA:0,(anonymous_68)
FNDA:2,(anonymous_69)
FNDA:2,(anonymous_70)
FNDA:0,(anonymous_71)
FNDA:0,(anonymous_72)
FNDA:0,(anonymous_73)
FNDA:0,(anonymous_74)
FNDA:2,(anonymous_75)
FNDA:0,(anonymous_76)
FNDA:0,(anonymous_77)
FNDA:0,(anonymous_78)
FNDA:2,(anonymous_79)
FNDA:0,(anonymous_80)
FNDA:0,(anonymous_81)
FNDA:0,(anonymous_82)
FNDA:2,(anonymous_83)
FNDA:0,(anonymous_84)
FNDA:0,(anonymous_85)
FNDA:0,(anonymous_86)
FNDA:0,(anonymous_87)
FNDA:1,(anonymous_88)
FNDA:0,(anonymous_89)
FNDA:2,(anonymous_90)
FNDA:2,(anonymous_91)
FNDA:34,(anonymous_92)
FNDA:0,(anonymous_93)
FNDA:0,(anonymous_94)
FNDA:0,(anonymous_95)
FNDA:0,(anonymous_96)
FNDA:0,(anonymous_97)
FNDA:27,(anonymous_98)
FNDA:31,(anonymous_99)
FNDA:16,(anonymous_100)
DA:44,9
DA:172,22
DA:173,22
DA:176,22
DA:179,22
DA:180,22
DA:184,22
DA:187,22
DA:188,22
DA:189,22
DA:190,22
DA:191,22
DA:296,33
DA:298,33
DA:299,33
DA:305,33
DA:306,33
DA:307,33
DA:308,33
DA:315,33
DA:331,33
DA:332,0
DA:333,0
DA:336,0
DA:355,33
DA:356,57
DA:357,57
DA:359,32
DA:361,32
DA:363,32
DA:364,32
DA:366,28
DA:368,28
DA:369,28
DA:372,28
DA:373,28
DA:376,32
DA:377,28
DA:378,13
DA:380,13
DA:383,32
DA:386,25
DA:399,14
DA:411,4
DA:414,33
DA:417,36
DA:419,2
DA:420,2
DA:422,2
DA:424,2
DA:425,2
DA:428,3
DA:429,3
DA:430,3
DA:431,3
DA:432,3
DA:434,3
DA:436,3
DA:438,3
DA:439,3
DA:440,3
DA:441,3
DA:443,3
DA:446,3
DA:449,0
DA:450,0
DA:451,0
DA:452,0
DA:453,0
DA:454,0
DA:456,0
DA:458,0
DA:460,0
DA:464,1
DA:466,1
DA:467,1
DA:469,1
DA:470,0
DA:472,0
DA:473,0
DA:477,0
DA:480,0
DA:484,1
DA:485,1
DA:488,0
DA:489,0
DA:492,3
DA:493,3
DA:494,3
DA:496,3
DA:497,3
DA:500,0
DA:501,0
DA:502,0
DA:503,0
DA:506,0
DA:507,0
DA:509,0
DA:510,0
DA:513,0
DA:515,0
DA:516,0
DA:519,4
DA:520,4
DA:521,4
DA:522,3
DA:524,3
DA:525,3
DA:528,4
DA:530,3
DA:531,3
DA:533,2
DA:534,2
DA:535,2
DA:536,2
DA:537,2
DA:538,2
DA:540,2
DA:541,2
DA:545,0
DA:546,0
DA:549,0
DA:550,0
DA:553,0
DA:554,0
DA:557,4
DA:558,4
DA:559,4
DA:560,3
DA:562,3
DA:563,3
DA:566,11
DA:567,10
DA:570,0
DA:572,0
DA:573,0
DA:576,3
DA:577,3
DA:578,3
DA:579,3
DA:580,3
DA:581,3
DA:583,0
DA:585,3
DA:589,1
DA:591,1
DA:592,1
DA:596,0
DA:597,0
DA:652,7
DA:653,0
DA:654,7
DA:655,6
DA:657,6
DA:659,6
DA:661,6
DA:662,6
DA:663,6
DA:665,6
DA:667,6
DA:668,0
DA:670,0
DA:674,0
DA:678,6
DA:679,6
DA:680,6
DA:683,33
DA:684,0
DA:685,0
DA:686,0
DA:692,0
DA:693,0
DA:695,0
DA:698,0
DA:702,0
DA:707,0
DA:708,0
DA:709,0
DA:710,0
DA:711,0
DA:712,0
DA:713,0
DA:715,0
DA:718,0
DA:720,0
DA:730,0
DA:731,0
DA:733,0
DA:737,0
DA:739,0
DA:742,0
DA:743,0
DA:745,0
DA:747,0
DA:748,0
DA:749,0
DA:755,0
DA:756,0
DA:757,0
DA:760,0
DA:762,0
DA:763,0
DA:770,0
DA:771,0
DA:772,0
DA:775,0
DA:777,0
DA:778,0
DA:830,0
DA:831,0
DA:832,0
DA:833,0
DA:836,0
DA:837,0
DA:838,0
DA:839,0
DA:841,0
DA:844,0
DA:858,0
DA:860,0
DA:861,0
DA:864,0
DA:865,0
DA:867,0
DA:868,0
DA:870,0
DA:873,0
DA:876,0
DA:883,0
DA:884,0
DA:886,0
DA:898,0
DA:900,0
DA:901,0
DA:904,0
DA:905,0
DA:906,0
DA:908,0
DA:909,0
DA:910,0
DA:911,0
DA:913,0
DA:916,0
DA:919,0
DA:926,0
DA:927,0
DA:929,0
DA:960,0
DA:961,0
DA:962,0
DA:963,0
DA:964,0
DA:965,0
DA:966,0
DA:978,0
DA:982,0
DA:994,0
DA:998,0
DA:1020,0
DA:1024,0
DA:1042,0
DA:1050,0
DA:1066,0
DA:1068,0
DA:1069,0
DA:1070,0
DA:1071,0
DA:1072,0
DA:1073,0
DA:1087,0
DA:1088,0
DA:1089,0
DA:1090,0
DA:1091,0
DA:1092,0
DA:1096,0
DA:1106,33
DA:1107,0
DA:1110,0
DA:1121,33
DA:1122,0
DA:1123,0
DA:1124,0
DA:1126,0
DA:1128,0
DA:1129,0
DA:1134,0
DA:1136,0
DA:1137,0
DA:1140,0
DA:1141,0
DA:1145,0
DA:1149,33
DA:1150,2
DA:1152,2
DA:1153,2
DA:1154,2
DA:1155,2
DA:1156,2
DA:1157,0
DA:1158,0
DA:1160,0
DA:1163,2
DA:1173,33
DA:1174,0
DA:1175,0
DA:1176,0
DA:1182,33
DA:1183,0
DA:1184,0
DA:1185,0
DA:1186,0
DA:1187,0
DA:1188,0
DA:1191,0
DA:1195,6
DA:1198,33
DA:1199,8
DA:1200,8
DA:1203,33
DA:1204,1
DA:1205,1
DA:1206,1
DA:1207,1
DA:1208,0
DA:1211,0
DA:1215,33
DA:1216,2
DA:1217,2
DA:1219,2
DA:1220,4
DA:1221,4
DA:1222,4
DA:1223,4
DA:1226,2
DA:1227,2
DA:1228,2
DA:1229,2
DA:1231,2
DA:1235,2
DA:1236,2
DA:1237,2
DA:1238,2
DA:1240,2
DA:1249,2
DA:1251,2
DA:1252,0
DA:1255,0
DA:1259,33
DA:1260,2
DA:1261,2
DA:1262,0
DA:1264,2
DA:1267,33
DA:1268,0
DA:1269,0
DA:1270,0
DA:1271,0
DA:1272,0
DA:1274,0
DA:1275,0
DA:1277,0
DA:1279,0
DA:1280,0
DA:1282,0
DA:1283,0
DA:1286,0
DA:1289,33
DA:1290,2
DA:1292,2
DA:1293,0
DA:1296,2
DA:1299,33
DA:1300,0
DA:1302,33
DA:1303,2
DA:1304,2
DA:1305,2
DA:1306,2
DA:1307,2
DA:1308,2
DA:1310,2
DA:1312,2
DA:1314,0
DA:1317,2
DA:1319,2
DA:1322,33
DA:1323,0
DA:1324,0
DA:1325,0
DA:1326,0
DA:1328,0
DA:1330,0
DA:1334,33
DA:1335,2
DA:1336,0
DA:1337,0
DA:1344,0
DA:1349,33
DA:1350,0
DA:1353,33
DA:1354,0
DA:1355,0
DA:1356,0
DA:1360,33
DA:1361,0
DA:1363,0
DA:1365,0
DA:1366,0
DA:1368,0
DA:1369,0
DA:1373,33
DA:1374,1
DA:1375,0
DA:1376,0
DA:1378,0
DA:1379,0
DA:1381,0
DA:1382,0
DA:1383,0
DA:1385,0
DA:1389,33
DA:1390,2
DA:1392,2
DA:1393,0
DA:1394,0
DA:1396,2
DA:1397,2
DA:1400,2
DA:1406,2
DA:1410,33
DA:1418,34
DA:1421,33
DA:1422,0
DA:1423,0
DA:1424,0
DA:1425,0
DA:1427,0
DA:1430,33
DA:1431,0
DA:1432,0
DA:1433,0
DA:1434,0
DA:1435,0
DA:1436,0
DA:1439,33
DA:1441,33
DA:1445,31
DA:1450,31
LF:449
LH:206
BRDA:357,0,0,32
BRDA:357,0,1,25
BRDA:366,1,0,28
BRDA:366,1,1,0
BRDA:386,2,0,25
BRDA:386,2,1,0
BRDA:417,3,0,2
BRDA:417,3,1,3
BRDA:417,3,2,0
BRDA:417,3,3,1
BRDA:417,3,4,0
BRDA:417,3,5,3
BRDA:417,3,6,0
BRDA:417,3,7,4
BRDA:417,3,8,4
BRDA:417,3,9,0
BRDA:417,3,10,4
BRDA:417,3,11,11
BRDA:417,3,12,0
BRDA:417,3,13,3
BRDA:417,3,14,1
BRDA:417,3,15,0
BRDA:429,4,0,0
BRDA:429,4,1,3
BRDA:440,5,0,3
BRDA:440,5,1,0
BRDA:451,6,0,0
BRDA:451,6,1,0
BRDA:469,7,0,0
BRDA:469,7,1,1
BRDA:472,8,0,0
BRDA:472,8,1,0
BRDA:493,9,0,0
BRDA:493,9,1,3
BRDA:500,10,0,0
BRDA:500,10,1,0
BRDA:507,11,0,0
BRDA:507,11,1,0
BRDA:519,12,0,0
BRDA:519,12,1,4
BRDA:528,13,0,1
BRDA:528,13,1,3
BRDA:531,14,0,1
BRDA:531,14,1,2
BRDA:579,15,0,3
BRDA:579,15,1,0
BRDA:648,16,0,6
BRDA:649,17,0,7
BRDA:650,18,0,7
BRDA:652,19,0,0
BRDA:652,19,1,7
BRDA:652,20,0,7
BRDA:652,20,1,7
BRDA:654,21,0,1
BRDA:654,21,1,6
BRDA:667,22,0,0
BRDA:667,22,1,6
BRDA:674,23,0,0
BRDA:674,23,1,0
BRDA:692,24,0,0
BRDA:692,24,1,0
BRDA:707,25,0,0
BRDA:707,25,1,0
BRDA:712,26,0,0
BRDA:712,26,1,0
BRDA:730,27,0,0
BRDA:730,27,1,0
BRDA:730,28,0,0
BRDA:730,28,1,0
BRDA:737,29,0,0
BRDA:737,29,1,0
BRDA:745,30,0,0
BRDA:745,30,1,0
BRDA:747,31,0,0
BRDA:747,31,1,0
BRDA:755,32,0,0
BRDA:755,32,1,0
BRDA:760,33,0,0
BRDA:760,33,1,0
BRDA:770,34,0,0
BRDA:770,34,1,0
BRDA:772,35,0,0
BRDA:772,35,1,0
BRDA:778,36,0,0
BRDA:778,36,1,0
BRDA:832,37,0,0
BRDA:832,37,1,0
BRDA:836,38,0,0
BRDA:836,38,1,0
BRDA:860,39,0,0
BRDA:860,39,1,0
BRDA:867,40,0,0
BRDA:867,40,1,0
BRDA:900,41,0,0
BRDA:900,41,1,0
BRDA:908,42,0,0
BRDA:908,42,1,0
BRDA:910,43,0,0
BRDA:910,43,1,0
BRDA:1017,44,0,0
BRDA:1018,45,0,0
BRDA:1096,46,0,0
BRDA:1096,46,1,0
BRDA:1134,47,0,0
BRDA:1134,47,1,0
BRDA:1134,47,2,0
BRDA:1152,48,0,0
BRDA:1152,48,1,2
BRDA:1156,49,0,0
BRDA:1156,49,1,2
BRDA:1156,50,0,2
BRDA:1156,50,1,0
BRDA:1183,51,0,0
BRDA:1183,51,1,0
BRDA:1221,52,0,4
BRDA:1221,52,1,0
BRDA:1235,53,0,0
BRDA:1235,53,1,2
BRDA:1269,54,0,0
BRDA:1269,54,1,0
BRDA:1274,55,0,0
BRDA:1274,55,1,0
BRDA:1274,56,0,0
BRDA:1274,56,1,0
BRDA:1274,57,0,0
BRDA:1274,57,1,0
BRDA:1275,58,0,0
BRDA:1275,58,1,0
BRDA:1283,59,0,0
BRDA:1283,59,1,0
BRDA:1303,60,0,2
BRDA:1303,60,1,0
BRDA:1325,61,0,0
BRDA:1325,61,1,0
BRDA:1336,62,0,0
BRDA:1336,62,1,0
BRDA:1354,63,0,0
BRDA:1354,63,1,0
BRDA:1363,64,0,0
BRDA:1363,64,1,0
BRDA:1379,65,0,0
BRDA:1379,65,1,0
BRDA:1392,66,0,0
BRDA:1392,66,1,2
BRDA:1425,67,0,0
BRDA:1425,67,1,0
BRF:146
BRH:40
end_of_record
TN:
SF:src/test/fixtures.ts
FN:36,(anonymous_0)
FN:39,(anonymous_1)
FN:47,(anonymous_2)
FN:56,(anonymous_3)
FN:68,(anonymous_4)
FN:86,(anonymous_5)
FN:97,(anonymous_6)
FN:109,(anonymous_7)
FN:119,(anonymous_8)
FN:129,(anonymous_9)
FN:135,(anonymous_10)
FN:151,(anonymous_11)
FN:165,(anonymous_12)
FN:188,(anonymous_13)
FN:235,(anonymous_14)
FNF:15
FNH:15
FNDA:9,(anonymous_0)
FNDA:16,(anonymous_1)
FNDA:30,(anonymous_2)
FNDA:34,(anonymous_3)
FNDA:4,(anonymous_4)
FNDA:1,(anonymous_5)
FNDA:3,(anonymous_6)
FNDA:4,(anonymous_7)
FNDA:3,(anonymous_8)
FNDA:16,(anonymous_9)
FNDA:12,(anonymous_10)
FNDA:3,(anonymous_11)
FNDA:2,(anonymous_12)
FNDA:1,(anonymous_13)
FNDA:4,(anonymous_14)
DA:29,9
DA:30,9
DA:32,9
DA:33,9
DA:35,9
DA:36,9
DA:37,9
DA:39,16
DA:47,9
DA:48,30
DA:56,9
DA:57,34
DA:59,34
DA:68,9
DA:73,4
DA:86,9
DA:87,1
DA:97,9
DA:98,3
DA:109,9
DA:110,4
DA:119,9
DA:120,3
DA:129,9
DA:130,16
DA:131,16
DA:132,16
DA:135,9
DA:140,12
DA:141,12
DA:143,12
DA:145,12
DA:146,12
DA:148,12
DA:151,9
DA:152,3
DA:165,9
DA:166,2
DA:188,9
DA:189,1
DA:235,9
DA:236,4
LF:42
LH:42
BRDA:49,0,0,30
BRDA:49,0,1,15
BRDA:57,1,0,34
BRDA:57,1,1,33
BRF:4
BRH:4
end_of_record
TN:
SF:src/test/mocks.ts
FN:1,(anonymous_0)
FN:4,(anonymous_1)
FN:6,(anonymous_2)
FN:11,(anonymous_3)
FN:14,(anonymous_4)
FN:18,(anonymous_5)
FN:36,(anonymous_6)
FN:37,(anonymous_7)
FN:43,(anonymous_8)
FN:49,(anonymous_9)
FN:50,(anonymous_10)
FN:51,(anonymous_11)
FNF:12
FNH:8
FNDA:15,(anonymous_0)
FNDA:2,(anonymous_1)
FNDA:2,(anonymous_2)
FNDA:7,(anonymous_3)
FNDA:2,(anonymous_4)
FNDA:0,(anonymous_5)
FNDA:0,(anonymous_6)
FNDA:0,(anonymous_7)
FNDA:2,(anonymous_8)
FNDA:2,(anonymous_9)
FNDA:1,(anonymous_10)
FNDA:0,(anonymous_11)
DA:1,4
DA:4,15
DA:6,15
DA:7,2
DA:8,2
DA:10,2
DA:12,7
DA:15,2
DA:17,2
DA:18,2
DA:19,0
DA:20,0
DA:23,2
DA:24,0
DA:27,2
DA:30,2
DA:39,2
DA:41,2
DA:44,2
DA:52,0
DA:56,15
LF:21
LH:17
BRDA:23,0,0,0
BRDA:23,0,1,2
BRDA:32,1,0,2
BRDA:32,1,1,0
BRF:4
BRH:2
end_of_record
TN:
SF:src/test/schema.ts
FNF:0
FNH:0
DA:3,9
DA:7,9
DA:17,9
DA:27,9
DA:37,9
DA:48,9
DA:72,9
DA:86,9
DA:97,9
DA:107,9
DA:122,9
DA:134,9
DA:147,9
LF:13
LH:13
BRF:0
BRH:0
end_of_record
