TN:
SF:src/const.ts
FNF:0
FNH:0
DA:4,13
DA:31,13
DA:35,13
LF:3
LH:3
BRF:0
BRH:0
end_of_record
TN:
SF:src/index.ts
FNF:0
FNH:0
LF:0
LH:0
BRF:0
BRH:0
end_of_record
TN:
SF:src/mediaEvent.ts
FN:9,serializeMediaEvent
FN:13,deserializeMediaEvent
FN:17,generateMediaEvent
FN:25,generateCustomEvent
FNF:4
FNH:4
FNDA:15,serializeMediaEvent
FNDA:105,deserializeMediaEvent
FNDA:15,generateMediaEvent
FNDA:13,generateCustomEvent
DA:10,15
DA:14,105
DA:18,15
DA:19,15
DA:20,13
DA:22,15
DA:26,13
LF:7
LH:7
BRDA:19,0,0,13
BRDA:19,0,1,2
BRF:2
BRH:2
end_of_record
TN:
SF:src/webRTCEndpoint.ts
FN:186,(anonymous_0)
FN:314,(anonymous_1)
FN:331,(anonymous_2)
FN:355,(anonymous_3)
FN:365,(anonymous_4)
FN:372,(anonymous_5)
FN:373,(anonymous_6)
FN:394,(anonymous_7)
FN:406,(anonymous_8)
FN:410,(anonymous_9)
FN:435,(anonymous_10)
FN:449,(anonymous_11)
FN:505,(anonymous_12)
FN:542,(anonymous_13)
FN:546,(anonymous_14)
FN:641,(anonymous_15)
FN:648,(anonymous_16)
FN:675,(anonymous_17)
FN:685,(anonymous_18)
FN:691,(anonymous_19)
FN:703,(anonymous_20)
FN:707,(anonymous_21)
FN:713,(anonymous_22)
FN:738,(anonymous_23)
FN:745,(anonymous_24)
FN:746,(anonymous_25)
FN:756,(anonymous_26)
FN:758,(anonymous_27)
FN:774,(anonymous_28)
FN:779,(anonymous_29)
FN:831,(anonymous_30)
FN:837,(anonymous_31)
FN:843,(anonymous_32)
FN:858,(anonymous_33)
FN:877,(anonymous_34)
FN:888,(anonymous_35)
FN:899,(anonymous_36)
FN:908,(anonymous_37)
FN:920,(anonymous_38)
FN:931,(anonymous_39)
FN:961,(anonymous_40)
FN:979,(anonymous_41)
FN:995,(anonymous_42)
FN:1016,(anonymous_43)
FN:1043,(anonymous_44)
FN:1067,(anonymous_45)
FN:1070,(anonymous_46)
FN:1072,(anonymous_47)
FN:1074,(anonymous_48)
FN:1088,(anonymous_49)
FN:1091,(anonymous_50)
FN:1093,(anonymous_51)
FN:1097,(anonymous_52)
FN:1098,(anonymous_53)
FN:1108,(anonymous_54)
FN:1123,(anonymous_55)
FN:1151,(anonymous_56)
FN:1155,(anonymous_57)
FN:1160,(anonymous_58)
FN:1175,(anonymous_59)
FN:1184,(anonymous_60)
FN:1196,(anonymous_61)
FN:1200,(anonymous_62)
FN:1205,(anonymous_63)
FN:1209,(anonymous_64)
FN:1210,(anonymous_65)
FN:1217,(anonymous_66)
FN:1218,(anonymous_67)
FN:1221,(anonymous_68)
FN:1224,(anonymous_69)
FN:1236,(anonymous_70)
FN:1262,(anonymous_71)
FN:1264,(anonymous_72)
FN:1270,(anonymous_73)
FN:1283,(anonymous_74)
FN:1284,(anonymous_75)
FN:1292,(anonymous_76)
FN:1295,(anonymous_77)
FN:1302,(anonymous_78)
FN:1303,(anonymous_79)
FN:1305,(anonymous_80)
FN:1313,(anonymous_81)
FN:1315,(anonymous_82)
FN:1325,(anonymous_83)
FN:1337,(anonymous_84)
FN:1338,(anonymous_85)
FN:1352,(anonymous_86)
FN:1356,(anonymous_87)
FN:1363,(anonymous_88)
FN:1376,(anonymous_89)
FN:1377,(anonymous_90)
FN:1392,(anonymous_91)
FN:1393,(anonymous_92)
FN:1413,(anonymous_93)
FN:1422,(anonymous_94)
FN:1424,(anonymous_95)
FN:1425,(anonymous_96)
FN:1431,(anonymous_97)
FN:1434,(anonymous_98)
FN:1440,(anonymous_99)
FN:1442,(anonymous_100)
FN:1446,(anonymous_101)
FNF:102
FNH:39
FNDA:28,(anonymous_0)
FNDA:42,(anonymous_1)
FNDA:0,(anonymous_2)
FNDA:102,(anonymous_3)
FNDA:37,(anonymous_4)
FNDA:37,(anonymous_5)
FNDA:0,(anonymous_6)
FNDA:15,(anonymous_7)
FNDA:6,(anonymous_8)
FNDA:82,(anonymous_9)
FNDA:22,(anonymous_10)
FNDA:2,(anonymous_11)
FNDA:2,(anonymous_12)
FNDA:0,(anonymous_13)
FNDA:0,(anonymous_14)
FNDA:7,(anonymous_15)
FNDA:0,(anonymous_16)
FNDA:0,(anonymous_17)
FNDA:0,(anonymous_18)
FNDA:0,(anonymous_19)
FNDA:0,(anonymous_20)
FNDA:0,(anonymous_21)
FNDA:0,(anonymous_22)
FNDA:0,(anonymous_23)
FNDA:0,(anonymous_24)
FNDA:0,(anonymous_25)
FNDA:0,(anonymous_26)
FNDA:0,(anonymous_27)
FNDA:0,(anonymous_28)
FNDA:0,(anonymous_29)
FNDA:0,(anonymous_30)
FNDA:0,(anonymous_31)
FNDA:0,(anonymous_32)
FNDA:0,(anonymous_33)
FNDA:0,(anonymous_34)
FNDA:0,(anonymous_35)
FNDA:0,(anonymous_36)
FNDA:0,(anonymous_37)
FNDA:0,(anonymous_38)
FNDA:0,(anonymous_39)
FNDA:0,(anonymous_40)
FNDA:0,(anonymous_41)
FNDA:0,(anonymous_42)
FNDA:0,(anonymous_43)
FNDA:0,(anonymous_44)
FNDA:0,(anonymous_45)
FNDA:0,(anonymous_46)
FNDA:0,(anonymous_47)
FNDA:0,(anonymous_48)
FNDA:0,(anonymous_49)
FNDA:0,(anonymous_50)
FNDA:0,(anonymous_51)
FNDA:0,(anonymous_52)
FNDA:0,(anonymous_53)
FNDA:0,(anonymous_54)
FNDA:0,(anonymous_55)
FNDA:7,(anonymous_56)
FNDA:2,(anonymous_57)
FNDA:0,(anonymous_58)
FNDA:2,(anonymous_59)
FNDA:4,(anonymous_60)
FNDA:6,(anonymous_61)
FNDA:15,(anonymous_62)
FNDA:6,(anonymous_63)
FNDA:0,(anonymous_64)
FNDA:0,(anonymous_65)
FNDA:7,(anonymous_66)
FNDA:0,(anonymous_67)
FNDA:14,(anonymous_68)
FNDA:0,(anonymous_69)
FNDA:7,(anonymous_70)
FNDA:7,(anonymous_71)
FNDA:0,(anonymous_72)
FNDA:0,(anonymous_73)
FNDA:0,(anonymous_74)
FNDA:0,(anonymous_75)
FNDA:7,(anonymous_76)
FNDA:0,(anonymous_77)
FNDA:5,(anonymous_78)
FNDA:0,(anonymous_79)
FNDA:7,(anonymous_80)
FNDA:0,(anonymous_81)
FNDA:0,(anonymous_82)
FNDA:0,(anonymous_83)
FNDA:7,(anonymous_84)
FNDA:0,(anonymous_85)
FNDA:0,(anonymous_86)
FNDA:0,(anonymous_87)
FNDA:0,(anonymous_88)
FNDA:6,(anonymous_89)
FNDA:5,(anonymous_90)
FNDA:7,(anonymous_91)
FNDA:7,(anonymous_92)
FNDA:43,(anonymous_93)
FNDA:3,(anonymous_94)
FNDA:2,(anonymous_95)
FNDA:0,(anonymous_96)
FNDA:2,(anonymous_97)
FNDA:2,(anonymous_98)
FNDA:48,(anonymous_99)
FNDA:59,(anonymous_100)
FNDA:22,(anonymous_101)
DA:44,13
DA:172,28
DA:173,28
DA:176,28
DA:179,28
DA:180,28
DA:184,28
DA:187,28
DA:188,28
DA:189,28
DA:190,28
DA:191,28
DA:296,42
DA:298,42
DA:299,42
DA:305,42
DA:306,42
DA:307,42
DA:308,42
DA:315,42
DA:331,42
DA:332,0
DA:333,0
DA:336,0
DA:355,42
DA:356,102
DA:357,102
DA:359,41
DA:361,41
DA:363,41
DA:365,41
DA:366,37
DA:368,37
DA:369,37
DA:372,41
DA:373,37
DA:374,0
DA:376,0
DA:379,41
DA:382,61
DA:395,15
DA:407,6
DA:410,42
DA:413,82
DA:415,7
DA:416,7
DA:418,7
DA:420,7
DA:421,7
DA:424,22
DA:425,22
DA:426,22
DA:427,22
DA:428,22
DA:430,22
DA:432,22
DA:434,22
DA:435,22
DA:436,22
DA:437,22
DA:439,22
DA:442,22
DA:445,2
DA:446,2
DA:447,2
DA:448,2
DA:449,2
DA:450,2
DA:452,2
DA:454,2
DA:456,2
DA:460,6
DA:462,6
DA:463,6
DA:465,6
DA:466,0
DA:468,0
DA:469,0
DA:473,0
DA:476,0
DA:480,6
DA:481,6
DA:484,0
DA:485,0
DA:488,3
DA:489,3
DA:490,3
DA:492,3
DA:493,3
DA:496,5
DA:497,1
DA:498,1
DA:499,1
DA:502,4
DA:503,4
DA:505,3
DA:506,2
DA:509,3
DA:511,3
DA:512,3
DA:515,4
DA:516,4
DA:517,4
DA:518,3
DA:520,3
DA:521,3
DA:524,4
DA:526,4
DA:527,4
DA:529,3
DA:530,3
DA:531,3
DA:532,3
DA:533,3
DA:534,3
DA:536,3
DA:537,3
DA:541,0
DA:542,0
DA:545,0
DA:546,0
DA:549,0
DA:550,0
DA:553,4
DA:554,4
DA:555,4
DA:556,3
DA:558,3
DA:559,3
DA:562,21
DA:563,20
DA:566,0
DA:568,0
DA:569,0
DA:572,3
DA:573,3
DA:574,3
DA:575,3
DA:576,3
DA:577,3
DA:579,0
DA:581,3
DA:585,1
DA:587,1
DA:588,1
DA:592,0
DA:593,0
DA:648,7
DA:650,7
DA:651,0
DA:654,7
DA:655,0
DA:656,7
DA:657,6
DA:659,6
DA:661,6
DA:663,6
DA:664,6
DA:665,6
DA:667,6
DA:669,6
DA:670,0
DA:672,0
DA:676,0
DA:680,6
DA:681,6
DA:682,6
DA:685,42
DA:686,0
DA:687,0
DA:688,0
DA:694,0
DA:695,0
DA:697,0
DA:700,0
DA:704,0
DA:709,0
DA:710,0
DA:711,0
DA:712,0
DA:713,0
DA:714,0
DA:715,0
DA:717,0
DA:720,0
DA:722,0
DA:732,0
DA:733,0
DA:735,0
DA:739,0
DA:741,0
DA:744,0
DA:745,0
DA:747,0
DA:749,0
DA:750,0
DA:751,0
DA:757,0
DA:758,0
DA:759,0
DA:762,0
DA:764,0
DA:765,0
DA:772,0
DA:773,0
DA:774,0
DA:777,0
DA:779,0
DA:780,0
DA:832,0
DA:833,0
DA:834,0
DA:835,0
DA:838,0
DA:839,0
DA:840,0
DA:841,0
DA:843,0
DA:846,0
DA:860,0
DA:862,0
DA:863,0
DA:866,0
DA:867,0
DA:869,0
DA:870,0
DA:872,0
DA:875,0
DA:878,0
DA:885,0
DA:886,0
DA:888,0
DA:900,0
DA:902,0
DA:903,0
DA:906,0
DA:907,0
DA:908,0
DA:910,0
DA:911,0
DA:912,0
DA:913,0
DA:915,0
DA:918,0
DA:921,0
DA:928,0
DA:929,0
DA:931,0
DA:962,0
DA:963,0
DA:964,0
DA:965,0
DA:966,0
DA:967,0
DA:968,0
DA:980,0
DA:984,0
DA:996,0
DA:1000,0
DA:1022,0
DA:1026,0
DA:1044,0
DA:1052,0
DA:1068,0
DA:1070,0
DA:1071,0
DA:1072,0
DA:1073,0
DA:1074,0
DA:1075,0
DA:1089,0
DA:1090,0
DA:1091,0
DA:1092,0
DA:1093,0
DA:1094,0
DA:1098,0
DA:1108,42
DA:1109,0
DA:1112,0
DA:1123,42
DA:1124,0
DA:1125,0
DA:1126,0
DA:1128,0
DA:1130,0
DA:1131,0
DA:1136,0
DA:1138,0
DA:1139,0
DA:1142,0
DA:1143,0
DA:1147,0
DA:1151,42
DA:1152,7
DA:1154,7
DA:1155,7
DA:1156,2
DA:1157,2
DA:1158,2
DA:1159,0
DA:1160,0
DA:1162,0
DA:1165,7
DA:1175,42
DA:1176,2
DA:1177,2
DA:1178,2
DA:1184,42
DA:1185,4
DA:1186,3
DA:1187,3
DA:1188,3
DA:1189,3
DA:1190,3
DA:1193,4
DA:1197,6
DA:1200,42
DA:1201,15
DA:1202,15
DA:1205,42
DA:1206,6
DA:1207,6
DA:1208,6
DA:1209,6
DA:1210,0
DA:1213,0
DA:1217,42
DA:1218,7
DA:1219,7
DA:1221,7
DA:1222,14
DA:1223,14
DA:1224,14
DA:1225,14
DA:1228,7
DA:1229,7
DA:1230,7
DA:1231,7
DA:1233,7
DA:1237,7
DA:1238,7
DA:1239,7
DA:1241,7
DA:1243,7
DA:1252,7
DA:1254,7
DA:1255,0
DA:1258,0
DA:1262,42
DA:1263,7
DA:1264,7
DA:1265,0
DA:1267,7
DA:1270,42
DA:1271,0
DA:1272,0
DA:1273,0
DA:1274,0
DA:1275,0
DA:1277,0
DA:1278,0
DA:1280,0
DA:1282,0
DA:1283,0
DA:1285,0
DA:1286,0
DA:1289,0
DA:1292,42
DA:1293,7
DA:1295,7
DA:1296,0
DA:1299,7
DA:1302,42
DA:1303,5
DA:1305,42
DA:1306,7
DA:1307,7
DA:1308,7
DA:1309,7
DA:1310,7
DA:1311,7
DA:1313,7
DA:1315,7
DA:1317,0
DA:1320,7
DA:1322,7
DA:1325,42
DA:1326,0
DA:1327,0
DA:1328,0
DA:1329,0
DA:1331,0
DA:1333,0
DA:1337,42
DA:1338,7
DA:1339,0
DA:1340,0
DA:1347,0
DA:1352,42
DA:1353,0
DA:1356,42
DA:1357,0
DA:1358,0
DA:1359,0
DA:1363,42
DA:1364,0
DA:1366,0
DA:1368,0
DA:1369,0
DA:1371,0
DA:1372,0
DA:1376,42
DA:1377,6
DA:1378,5
DA:1379,5
DA:1381,5
DA:1382,5
DA:1384,5
DA:1385,5
DA:1386,5
DA:1388,5
DA:1392,42
DA:1393,7
DA:1395,7
DA:1396,0
DA:1397,0
DA:1399,7
DA:1400,7
DA:1403,7
DA:1409,7
DA:1413,42
DA:1415,43
DA:1416,40
DA:1417,3
DA:1419,43
DA:1422,42
DA:1423,3
DA:1424,3
DA:1425,3
DA:1426,0
DA:1428,3
DA:1431,42
DA:1432,2
DA:1433,2
DA:1434,2
DA:1435,2
DA:1436,2
DA:1437,2
DA:1440,48
DA:1442,42
DA:1446,59
DA:1451,59
LF:453
LH:256
BRDA:357,0,0,41
BRDA:357,0,1,61
BRDA:382,1,0,61
BRDA:382,1,1,0
BRDA:413,2,0,7
BRDA:413,2,1,22
BRDA:413,2,2,2
BRDA:413,2,3,6
BRDA:413,2,4,0
BRDA:413,2,5,3
BRDA:413,2,6,5
BRDA:413,2,7,4
BRDA:413,2,8,4
BRDA:413,2,9,0
BRDA:413,2,10,4
BRDA:413,2,11,21
BRDA:413,2,12,0
BRDA:413,2,13,3
BRDA:413,2,14,1
BRDA:413,2,15,0
BRDA:425,3,0,0
BRDA:425,3,1,22
BRDA:436,4,0,22
BRDA:436,4,1,0
BRDA:447,5,0,0
BRDA:447,5,1,2
BRDA:465,6,0,0
BRDA:465,6,1,6
BRDA:468,7,0,0
BRDA:468,7,1,0
BRDA:489,8,0,0
BRDA:489,8,1,3
BRDA:496,9,0,1
BRDA:496,9,1,4
BRDA:503,10,0,1
BRDA:503,10,1,3
BRDA:515,11,0,0
BRDA:515,11,1,4
BRDA:524,12,0,0
BRDA:524,12,1,4
BRDA:527,13,0,1
BRDA:527,13,1,3
BRDA:575,14,0,3
BRDA:575,14,1,0
BRDA:644,15,0,6
BRDA:645,16,0,7
BRDA:646,17,0,7
BRDA:650,18,0,0
BRDA:650,18,1,7
BRDA:654,19,0,0
BRDA:654,19,1,7
BRDA:654,20,0,7
BRDA:654,20,1,7
BRDA:656,21,0,1
BRDA:656,21,1,6
BRDA:669,22,0,0
BRDA:669,22,1,6
BRDA:676,23,0,0
BRDA:676,23,1,0
BRDA:694,24,0,0
BRDA:694,24,1,0
BRDA:709,25,0,0
BRDA:709,25,1,0
BRDA:714,26,0,0
BRDA:714,26,1,0
BRDA:732,27,0,0
BRDA:732,27,1,0
BRDA:732,28,0,0
BRDA:732,28,1,0
BRDA:739,29,0,0
BRDA:739,29,1,0
BRDA:747,30,0,0
BRDA:747,30,1,0
BRDA:749,31,0,0
BRDA:749,31,1,0
BRDA:757,32,0,0
BRDA:757,32,1,0
BRDA:762,33,0,0
BRDA:762,33,1,0
BRDA:772,34,0,0
BRDA:772,34,1,0
BRDA:774,35,0,0
BRDA:774,35,1,0
BRDA:780,36,0,0
BRDA:780,36,1,0
BRDA:834,37,0,0
BRDA:834,37,1,0
BRDA:838,38,0,0
BRDA:838,38,1,0
BRDA:862,39,0,0
BRDA:862,39,1,0
BRDA:869,40,0,0
BRDA:869,40,1,0
BRDA:902,41,0,0
BRDA:902,41,1,0
BRDA:910,42,0,0
BRDA:910,42,1,0
BRDA:912,43,0,0
BRDA:912,43,1,0
BRDA:1019,44,0,0
BRDA:1020,45,0,0
BRDA:1098,46,0,0
BRDA:1098,46,1,0
BRDA:1136,47,0,0
BRDA:1136,47,1,0
BRDA:1136,47,2,0
BRDA:1154,48,0,0
BRDA:1154,48,1,7
BRDA:1158,49,0,0
BRDA:1158,49,1,2
BRDA:1158,50,0,2
BRDA:1158,50,1,0
BRDA:1185,51,0,3
BRDA:1185,51,1,1
BRDA:1223,52,0,14
BRDA:1223,52,1,0
BRDA:1237,53,0,0
BRDA:1237,53,1,7
BRDA:1272,54,0,0
BRDA:1272,54,1,0
BRDA:1277,55,0,0
BRDA:1277,55,1,0
BRDA:1277,56,0,0
BRDA:1277,56,1,0
BRDA:1277,57,0,0
BRDA:1277,57,1,0
BRDA:1278,58,0,0
BRDA:1278,58,1,0
BRDA:1286,59,0,0
BRDA:1286,59,1,0
BRDA:1306,60,0,7
BRDA:1306,60,1,0
BRDA:1328,61,0,0
BRDA:1328,61,1,0
BRDA:1339,62,0,0
BRDA:1339,62,1,0
BRDA:1357,63,0,0
BRDA:1357,63,1,0
BRDA:1366,64,0,0
BRDA:1366,64,1,0
BRDA:1382,65,0,0
BRDA:1382,65,1,5
BRDA:1395,66,0,0
BRDA:1395,66,1,7
BRDA:1415,67,0,40
BRDA:1415,67,1,3
BRDA:1426,68,0,0
BRDA:1426,68,1,0
BRF:148
BRH:51
end_of_record
TN:
SF:test/fixtures.ts
FN:40,(anonymous_0)
FN:43,(anonymous_1)
FN:51,(anonymous_2)
FN:60,(anonymous_3)
FN:72,(anonymous_4)
FN:90,(anonymous_5)
FN:101,(anonymous_6)
FN:113,(anonymous_7)
FN:123,(anonymous_8)
FN:133,(anonymous_9)
FN:141,(anonymous_10)
FN:150,(anonymous_11)
FN:166,(anonymous_12)
FN:180,(anonymous_13)
FN:189,(anonymous_14)
FN:212,(anonymous_15)
FN:235,(anonymous_16)
FN:282,(anonymous_17)
FN:328,(anonymous_18)
FNF:19
FNH:19
FNDA:13,(anonymous_0)
FNDA:41,(anonymous_1)
FNDA:39,(anonymous_2)
FNDA:43,(anonymous_3)
FNDA:4,(anonymous_4)
FNDA:1,(anonymous_5)
FNDA:3,(anonymous_6)
FNDA:4,(anonymous_7)
FNDA:3,(anonymous_8)
FNDA:5,(anonymous_9)
FNDA:19,(anonymous_10)
FNDA:19,(anonymous_11)
FNDA:22,(anonymous_12)
FNDA:2,(anonymous_13)
FNDA:2,(anonymous_14)
FNDA:5,(anonymous_15)
FNDA:1,(anonymous_16)
FNDA:5,(anonymous_17)
FNDA:4,(anonymous_18)
DA:33,13
DA:34,13
DA:36,13
DA:37,13
DA:39,13
DA:40,13
DA:41,13
DA:43,41
DA:51,13
DA:52,39
DA:60,13
DA:61,43
DA:63,43
DA:72,13
DA:77,4
DA:90,13
DA:91,1
DA:101,13
DA:102,3
DA:113,13
DA:114,4
DA:123,13
DA:124,3
DA:133,13
DA:134,5
DA:141,13
DA:145,19
DA:146,19
DA:147,19
DA:150,13
DA:155,19
DA:156,19
DA:158,19
DA:160,19
DA:161,19
DA:163,19
DA:166,13
DA:167,22
DA:180,13
DA:181,2
DA:189,13
DA:190,2
DA:212,13
DA:213,5
DA:235,13
DA:236,1
DA:282,13
DA:283,5
DA:328,13
DA:329,4
LF:50
LH:50
BRDA:53,0,0,39
BRDA:53,0,1,14
BRDA:61,1,0,43
BRDA:61,1,1,42
BRF:4
BRH:4
end_of_record
TN:
SF:test/mocks.ts
FN:3,(anonymous_0)
FN:7,(anonymous_1)
FN:9,(anonymous_2)
FN:14,(anonymous_3)
FN:17,(anonymous_4)
FN:21,(anonymous_5)
FN:40,(anonymous_6)
FN:41,(anonymous_7)
FN:48,(anonymous_8)
FN:51,(anonymous_9)
FN:55,(anonymous_10)
FN:56,(anonymous_11)
FN:57,(anonymous_12)
FN:64,(anonymous_13)
FN:73,(anonymous_14)
FN:74,(anonymous_15)
FN:80,(anonymous_16)
FNF:17
FNH:10
FNDA:25,(anonymous_0)
FNDA:2,(anonymous_1)
FNDA:7,(anonymous_2)
FNDA:22,(anonymous_3)
FNDA:2,(anonymous_4)
FNDA:0,(anonymous_5)
FNDA:0,(anonymous_6)
FNDA:0,(anonymous_7)
FNDA:7,(anonymous_8)
FNDA:7,(anonymous_9)
FNDA:7,(anonymous_10)
FNDA:6,(anonymous_11)
FNDA:0,(anonymous_12)
FNDA:5,(anonymous_13)
FNDA:0,(anonymous_14)
FNDA:0,(anonymous_15)
FNDA:0,(anonymous_16)
DA:3,12
DA:7,25
DA:9,25
DA:10,7
DA:11,7
DA:13,7
DA:15,22
DA:18,2
DA:20,2
DA:21,2
DA:23,0
DA:24,0
DA:27,2
DA:28,0
DA:31,2
DA:34,2
DA:43,2
DA:45,2
DA:51,7
DA:52,7
DA:58,0
DA:61,7
DA:64,25
DA:65,5
DA:77,5
DA:80,25
DA:81,0
DA:84,25
LF:28
LH:23
BRDA:27,0,0,0
BRDA:27,0,1,2
BRDA:36,1,0,2
BRDA:36,1,1,0
BRF:4
BRH:2
end_of_record
TN:
SF:test/schema.ts
FNF:0
FNH:0
DA:3,13
DA:7,13
DA:17,13
DA:27,13
DA:37,13
DA:48,13
DA:58,13
DA:82,13
DA:96,13
DA:107,13
DA:116,13
DA:126,13
DA:141,13
DA:153,13
DA:166,13
LF:15
LH:15
BRF:0
BRH:0
end_of_record
TN:
SF:test/utils.ts
FN:10,(anonymous_0)
FN:42,(anonymous_1)
FN:42,(anonymous_2)
FN:45,(anonymous_3)
FN:64,(anonymous_4)
FNF:5
FNH:3
FNDA:19,(anonymous_0)
FNDA:0,(anonymous_1)
FNDA:0,(anonymous_2)
FNDA:5,(anonymous_3)
FNDA:5,(anonymous_4)
DA:10,8
DA:11,19
DA:12,19
DA:17,19
DA:18,19
DA:42,8
DA:45,8
DA:46,5
DA:48,5
DA:50,5
DA:51,5
DA:53,5
DA:54,5
DA:57,5
DA:62,5
DA:64,5
LF:16
LH:16
BRF:0
BRH:0
end_of_record
